{"lib/backgrid.js":{"path":"lib/backgrid.js","s":{"1":1,"2":1,"3":0,"4":1,"5":1,"6":1,"7":0,"8":0,"9":0,"10":0,"11":0,"12":0,"13":1,"14":92,"15":92,"16":92,"17":92,"18":53,"19":92,"20":1,"21":1,"22":884,"23":173,"24":174,"25":173,"26":173,"27":1,"28":172,"29":711,"30":985,"31":985,"32":964,"33":21,"34":21,"35":21,"36":1,"37":1,"38":26,"39":1,"40":29,"41":25,"42":23,"43":24,"44":18,"45":10,"46":5,"47":1,"48":1,"49":54,"50":13,"51":1,"52":178,"53":178,"54":2,"55":1,"56":1,"57":171,"58":2,"59":169,"60":169,"61":169,"62":169,"63":169,"64":11,"65":11,"66":2,"67":9,"68":9,"69":9,"70":13,"71":9,"72":9,"73":9,"74":16,"75":9,"76":9,"77":9,"78":9,"79":6,"80":1,"81":7,"82":1,"83":6,"84":6,"85":6,"86":6,"87":6,"88":6,"89":6,"90":2,"91":4,"92":1,"93":44,"94":44,"95":1,"96":1,"97":1,"98":34,"99":2,"100":32,"101":32,"102":1,"103":1,"104":1,"105":31,"106":30,"107":30,"108":30,"109":31,"110":31,"111":31,"112":15,"113":3,"114":12,"115":4,"116":8,"117":2,"118":6,"119":1,"120":21,"121":21,"122":21,"123":13,"124":21,"125":14,"126":14,"127":5,"128":21,"129":6,"130":21,"131":19,"132":2,"133":17,"134":17,"135":1,"136":1,"137":1,"138":44,"139":3,"140":41,"141":1,"142":1,"143":1,"144":8,"145":8,"146":1,"147":1,"148":1,"149":1,"150":23,"151":1,"152":40,"153":40,"154":40,"155":13,"156":40,"157":9,"158":9,"159":9,"160":1,"161":19,"162":19,"163":7,"164":19,"165":19,"166":19,"167":8,"168":8,"169":8,"170":8,"171":8,"172":8,"173":7,"174":7,"175":7,"176":7,"177":7,"178":3,"179":4,"180":4,"181":1,"182":1,"183":1,"184":12,"185":12,"186":0,"187":0,"188":12,"189":12,"190":1,"191":259,"192":259,"193":67,"194":259,"195":259,"196":259,"197":256,"198":259,"199":259,"200":259,"201":11,"202":7,"203":259,"204":259,"205":7,"206":7,"207":7,"208":7,"209":259,"210":256,"211":259,"212":258,"213":259,"214":255,"215":207,"216":207,"217":207,"218":207,"219":207,"220":20,"221":20,"222":20,"223":20,"224":20,"225":20,"226":20,"227":20,"228":20,"229":20,"230":20,"231":20,"232":1,"233":1,"234":8,"235":8,"236":8,"237":8,"238":8,"239":8,"240":89,"241":1,"242":1,"243":89,"244":1,"245":1,"246":6,"247":6,"248":6,"249":6,"250":6,"251":6,"252":6,"253":6,"254":6,"255":1,"256":2,"257":2,"258":2,"259":2,"260":2,"261":2,"262":1,"263":166,"264":166,"265":166,"266":166,"267":166,"268":1,"269":1,"270":4,"271":4,"272":4,"273":4,"274":1,"275":16,"276":16,"277":16,"278":16,"279":16,"280":16,"281":16,"282":16,"283":16,"284":16,"285":1,"286":1,"287":1,"288":1,"289":0,"290":7,"291":7,"292":7,"293":7,"294":2,"295":1,"296":1,"297":1,"298":1,"299":1,"300":1,"301":1,"302":0,"303":1,"304":0,"305":0,"306":1,"307":1,"308":0,"309":0,"310":0,"311":0,"312":0,"313":1,"314":1,"315":1,"316":1,"317":1,"318":20,"319":20,"320":20,"321":20,"322":20,"323":20,"324":1,"325":13,"326":13,"327":6,"328":6,"329":8,"330":8,"331":24,"332":8,"333":13,"334":13,"335":13,"336":13,"337":13,"338":0,"339":13,"340":13,"341":13,"342":13,"343":13,"344":13,"345":25,"346":25,"347":17,"348":17,"349":17,"350":8,"351":8,"352":8,"353":8,"354":8,"355":0,"356":13,"357":13,"358":4,"359":4,"360":4,"361":1,"362":1,"363":1,"364":1,"365":0,"366":0,"367":1,"368":1,"369":1,"370":1,"371":1,"372":1,"373":9,"374":9,"375":1,"376":1,"377":1,"378":10,"379":10,"380":10,"381":10,"382":10,"383":10,"384":10,"385":0,"386":10,"387":12,"388":12,"389":24,"390":24,"391":18,"392":18,"393":18,"394":9,"395":6,"396":6,"397":6,"398":18,"399":18,"400":3,"401":0,"402":10,"403":0,"404":0,"405":0,"406":10,"407":10,"408":1,"409":181,"410":181,"411":181,"412":181,"413":181,"414":16,"415":16,"416":1,"417":15,"418":8,"419":7,"420":26,"421":1,"422":3,"423":990,"424":990,"425":15,"426":975,"427":9,"428":966,"429":1,"430":1,"431":191,"432":191,"433":6,"434":191,"435":191,"436":200,"437":191,"438":8,"439":8,"440":8,"441":8,"442":8,"443":0,"444":8,"445":8,"446":0,"447":191,"448":6,"449":6,"450":189,"451":175,"452":175,"453":175,"454":184,"455":175,"456":175,"457":175,"458":86,"459":86,"460":86,"461":86,"462":1,"463":13,"464":13,"465":14,"466":14,"467":14,"468":14,"469":14,"470":14,"471":14,"472":1,"473":37,"474":37,"475":15,"476":37,"477":37,"478":4,"479":4,"480":4,"481":4,"482":37,"483":37,"484":37,"485":36,"486":37,"487":36,"488":37,"489":35,"490":37,"491":3,"492":3,"493":12,"494":12,"495":12,"496":8,"497":8,"498":8,"499":8,"500":1,"501":5,"502":1,"503":4,"504":1,"505":3,"506":1,"507":3,"508":1,"509":2,"510":8,"511":8,"512":8,"513":8,"514":3,"515":5,"516":31,"517":31,"518":31,"519":31,"520":31,"521":30,"522":1,"523":31,"524":31,"525":31,"526":31,"527":31,"528":1,"529":12,"530":19,"531":19,"532":19,"533":1,"534":9,"535":9,"536":1,"537":9,"538":5,"539":5,"540":5,"541":2,"542":2,"543":1,"544":41,"545":41,"546":32,"547":41,"548":41,"549":105,"550":105,"551":41,"552":41,"553":41,"554":41,"555":41,"556":41,"557":41,"558":41,"559":41,"560":78,"561":3,"562":15,"563":2,"564":15,"565":4,"566":4,"567":11,"568":11,"569":11,"570":11,"571":11,"572":11,"573":11,"574":9,"575":2,"576":11,"577":7,"578":2,"579":2,"580":2,"581":5,"582":5,"583":5,"584":5,"585":5,"586":30,"587":73,"588":30,"589":60,"590":60,"591":30,"592":30,"593":30,"594":30,"595":67,"596":67,"597":67,"598":156,"599":156,"600":67,"601":67,"602":67,"603":2,"604":6,"605":6,"606":2,"607":14,"608":1,"609":13,"610":1,"611":13,"612":13,"613":13,"614":5,"615":8,"616":5,"617":3,"618":13,"619":16,"620":13,"621":4,"622":4,"623":3,"624":1,"625":3,"626":3,"627":1,"628":1,"629":9,"630":9,"631":9,"632":13,"633":13,"634":13,"635":26,"636":26,"637":8,"638":26,"639":0,"640":26,"641":9,"642":17,"643":6,"644":6,"645":6,"646":6,"647":6,"648":5,"649":5,"650":5,"651":2,"652":2,"653":2,"654":2,"655":2,"656":2,"657":2,"658":0,"659":3,"660":2,"661":2,"662":6,"663":6,"664":6,"665":6,"666":6,"667":6,"668":2,"669":2,"670":2,"671":2,"672":0,"673":6,"674":1,"675":8,"676":8,"677":0,"678":1,"679":7,"680":7,"681":7,"682":7,"683":7,"684":7,"685":7,"686":7,"687":7,"688":7,"689":7,"690":7,"691":7,"692":1,"693":1,"694":1,"695":1,"696":1,"697":1,"698":1,"699":1,"700":1,"701":1,"702":1,"703":1,"704":1,"705":1,"706":1,"707":1,"708":4,"709":4,"710":4,"711":4,"712":4,"713":4,"714":4,"715":4,"716":4,"717":1,"718":1,"719":1,"720":1,"721":1},"b":{"1":[0,1],"2":[0,1],"3":[1,1],"4":[0,0],"5":[0,0],"6":[0,92],"7":[173,711],"8":[173,1],"9":[1,172],"10":[964,21],"11":[19,2],"12":[23,3],"13":[24,23],"14":[5,5,5,5,5,5],"15":[178,174],"16":[2,176],"17":[178,177],"18":[2,169],"19":[171,171],"20":[9,160],"21":[9,0],"22":[2,9],"23":[9,0],"24":[6,3],"25":[9,9],"26":[6,0],"27":[6,0],"28":[6,6,6,3],"29":[2,4],"30":[44,21],"31":[1,43],"32":[44,11],"33":[2,32],"34":[1,31],"35":[30,0],"36":[21,9],"37":[12,18],"38":[30,21],"39":[9,9],"40":[31,9],"41":[31,9],"42":[15,16],"43":[3,12],"44":[15,9],"45":[4,8],"46":[12,10],"47":[2,6],"48":[8,4],"49":[1,5],"50":[6,2],"51":[21,6],"52":[21,11],"53":[21,6],"54":[21,11],"55":[21,11],"56":[21,17],"57":[21,11],"58":[13,8],"59":[14,7],"60":[6,8],"61":[5,9],"62":[6,15],"63":[21,13],"64":[2,17],"65":[19,18],"66":[3,41],"67":[44,42],"68":[1,7],"69":[8,5],"70":[7,16],"71":[14,2],"72":[13,27],"73":[9,0],"74":[9,9],"75":[7,12],"76":[7,1],"77":[8,8,8,8,7,4],"78":[3,4],"79":[1,0],"80":[12,0],"81":[12,12],"82":[0,12],"83":[67,192],"84":[259,256],"85":[256,3],"86":[259,256],"87":[7,4],"88":[7,0],"89":[256,3],"90":[258,1],"91":[255,4],"92":[20,0],"93":[1,0],"94":[1,1],"95":[1,88],"96":[6,5],"97":[6,5],"98":[6,5],"99":[12,4],"100":[8,8],"101":[16,12],"102":[12,4],"103":[3,13],"104":[16,12],"105":[1,1],"106":[0,1],"107":[1,1],"108":[0,1],"109":[0,1],"110":[1,1,1,1,1],"111":[1,0],"112":[0,13],"113":[17,8],"114":[8,0],"115":[0,1],"116":[1,0],"117":[1,1,1,1,1,1],"118":[1,0],"119":[0,10],"120":[10,10],"121":[18,6],"122":[9,9],"123":[6,0],"124":[3,15],"125":[0,0],"126":[181,0],"127":[1,15],"128":[8,7],"129":[15,975],"130":[9,966],"131":[6,185],"132":[0,8],"133":[8,0],"134":[15,22],"135":[4,0],"136":[36,1],"137":[36,1],"138":[35,2],"139":[37,36],"140":[12,0],"141":[1,4],"142":[1,3],"143":[1,2],"144":[8,0],"145":[3,5],"146":[30,1],"147":[19,19,19],"148":[1,8],"149":[32,9],"150":[41,39],"151":[3,75],"152":[78,9],"153":[2,13],"154":[4,11],"155":[15,4],"156":[9,2],"157":[2,5],"158":[5,0],"159":[5,0],"160":[1,13],"161":[1,12],"162":[5,8],"163":[5,3],"164":[10,3],"165":[4,9],"166":[13,13],"167":[4,3],"168":[3,1],"169":[1,2],"170":[8,18],"171":[0,26],"172":[9,17],"173":[5,1],"174":[6,5,4,3,2],"175":[2,3],"176":[5,4],"177":[1,1],"178":[2,0],"179":[2,0],"180":[2,1],"181":[3,2],"182":[6,6],"183":[2,2],"184":[2,4],"185":[6,4],"186":[0,2],"187":[0,8],"188":[7,0],"189":[7,6],"190":[7,6],"191":[7,0],"192":[7,0],"193":[7,0],"194":[1,0],"195":[1,0],"196":[4,0],"197":[4,0],"198":[1,1],"199":[1,1]},"f":{"1":1,"2":1,"3":0,"4":92,"5":884,"6":174,"7":985,"8":26,"9":29,"10":25,"11":23,"12":24,"13":18,"14":10,"15":5,"16":41,"17":54,"18":13,"19":178,"20":171,"21":11,"22":7,"23":6,"24":6,"25":44,"26":34,"27":19,"28":17,"29":41,"30":44,"31":5,"32":8,"33":21,"34":23,"35":40,"36":9,"37":19,"38":19,"39":8,"40":12,"41":259,"42":11,"43":7,"44":207,"45":20,"46":1,"47":8,"48":89,"49":6,"50":6,"51":2,"52":166,"53":4,"54":16,"55":1,"56":0,"57":7,"58":2,"59":1,"60":20,"61":13,"62":6,"63":8,"64":13,"65":4,"66":1,"67":9,"68":1,"69":10,"70":181,"71":16,"72":26,"73":3,"74":990,"75":191,"76":8,"77":6,"78":189,"79":175,"80":86,"81":13,"82":14,"83":37,"84":4,"85":3,"86":12,"87":8,"88":5,"89":3,"90":31,"91":12,"92":19,"93":9,"94":5,"95":2,"96":41,"97":105,"98":78,"99":15,"100":7,"101":30,"102":60,"103":67,"104":2,"105":14,"106":16,"107":1,"108":13,"109":26,"110":6,"111":8,"112":7,"113":1,"114":1,"115":1,"116":1,"117":1,"118":1,"119":4,"120":1},"fnMap":{"1":{"name":"(anonymous_1)","line":9,"loc":{"start":{"line":9,"column":1},"end":{"line":9,"column":20}}},"2":{"name":"(anonymous_2)","line":19,"loc":{"start":{"line":19,"column":2},"end":{"line":19,"column":31}}},"3":{"name":"trim","line":44,"loc":{"start":{"line":44,"column":26},"end":{"line":44,"column":42}}},"4":{"name":"lpad","line":54,"loc":{"start":{"line":54,"column":0},"end":{"line":54,"column":35}}},"5":{"name":"(anonymous_5)","line":70,"loc":{"start":{"line":70,"column":22},"end":{"line":70,"column":46}}},"6":{"name":"(anonymous_6)","line":72,"loc":{"start":{"line":72,"column":39},"end":{"line":72,"column":52}}},"7":{"name":"(anonymous_7)","line":85,"loc":{"start":{"line":85,"column":14},"end":{"line":85,"column":26}}},"8":{"name":"(anonymous_8)","line":108,"loc":{"start":{"line":108,"column":33},"end":{"line":108,"column":48}}},"9":{"name":"(anonymous_9)","line":130,"loc":{"start":{"line":130,"column":10},"end":{"line":130,"column":22}}},"10":{"name":"(anonymous_10)","line":136,"loc":{"start":{"line":136,"column":12},"end":{"line":136,"column":24}}},"11":{"name":"(anonymous_11)","line":142,"loc":{"start":{"line":142,"column":12},"end":{"line":142,"column":24}}},"12":{"name":"(anonymous_12)","line":148,"loc":{"start":{"line":148,"column":13},"end":{"line":148,"column":25}}},"13":{"name":"(anonymous_13)","line":154,"loc":{"start":{"line":154,"column":8},"end":{"line":154,"column":20}}},"14":{"name":"(anonymous_14)","line":160,"loc":{"start":{"line":160,"column":10},"end":{"line":160,"column":22}}},"15":{"name":"(anonymous_15)","line":166,"loc":{"start":{"line":166,"column":12},"end":{"line":166,"column":24}}},"16":{"name":"(anonymous_16)","line":191,"loc":{"start":{"line":191,"column":45},"end":{"line":191,"column":57}}},"17":{"name":"(anonymous_17)","line":204,"loc":{"start":{"line":204,"column":11},"end":{"line":204,"column":37}}},"18":{"name":"(anonymous_18)","line":220,"loc":{"start":{"line":220,"column":9},"end":{"line":220,"column":41}}},"19":{"name":"(anonymous_19)","line":235,"loc":{"start":{"line":235,"column":49},"end":{"line":235,"column":68}}},"20":{"name":"(anonymous_20)","line":276,"loc":{"start":{"line":276,"column":11},"end":{"line":276,"column":36}}},"21":{"name":"(anonymous_21)","line":298,"loc":{"start":{"line":298,"column":9},"end":{"line":298,"column":41}}},"22":{"name":"(anonymous_22)","line":335,"loc":{"start":{"line":335,"column":51},"end":{"line":335,"column":63}}},"23":{"name":"(anonymous_23)","line":368,"loc":{"start":{"line":368,"column":11},"end":{"line":368,"column":36}}},"24":{"name":"(anonymous_24)","line":385,"loc":{"start":{"line":385,"column":9},"end":{"line":385,"column":42}}},"25":{"name":"(anonymous_25)","line":409,"loc":{"start":{"line":409,"column":53},"end":{"line":409,"column":72}}},"26":{"name":"(anonymous_26)","line":443,"loc":{"start":{"line":443,"column":12},"end":{"line":443,"column":38}}},"27":{"name":"(anonymous_27)","line":508,"loc":{"start":{"line":508,"column":11},"end":{"line":508,"column":37}}},"28":{"name":"(anonymous_28)","line":528,"loc":{"start":{"line":528,"column":9},"end":{"line":528,"column":41}}},"29":{"name":"(anonymous_29)","line":541,"loc":{"start":{"line":541,"column":49},"end":{"line":541,"column":61}}},"30":{"name":"(anonymous_30)","line":554,"loc":{"start":{"line":554,"column":11},"end":{"line":554,"column":38}}},"31":{"name":"(anonymous_31)","line":567,"loc":{"start":{"line":567,"column":47},"end":{"line":567,"column":59}}},"32":{"name":"(anonymous_32)","line":580,"loc":{"start":{"line":580,"column":9},"end":{"line":580,"column":41}}},"33":{"name":"(anonymous_33)","line":600,"loc":{"start":{"line":600,"column":49},"end":{"line":600,"column":61}}},"34":{"name":"(anonymous_34)","line":612,"loc":{"start":{"line":612,"column":11},"end":{"line":612,"column":38}}},"35":{"name":"(anonymous_35)","line":646,"loc":{"start":{"line":646,"column":14},"end":{"line":646,"column":33}}},"36":{"name":"(anonymous_36)","line":661,"loc":{"start":{"line":661,"column":14},"end":{"line":661,"column":39}}},"37":{"name":"(anonymous_37)","line":704,"loc":{"start":{"line":704,"column":14},"end":{"line":704,"column":33}}},"38":{"name":"(anonymous_38)","line":716,"loc":{"start":{"line":716,"column":10},"end":{"line":716,"column":22}}},"39":{"name":"(anonymous_39)","line":739,"loc":{"start":{"line":739,"column":16},"end":{"line":739,"column":29}}},"40":{"name":"(anonymous_40)","line":772,"loc":{"start":{"line":772,"column":14},"end":{"line":772,"column":39}}},"41":{"name":"(anonymous_41)","line":832,"loc":{"start":{"line":832,"column":14},"end":{"line":832,"column":33}}},"42":{"name":"(anonymous_42)","line":851,"loc":{"start":{"line":851,"column":57},"end":{"line":851,"column":69}}},"43":{"name":"(anonymous_43)","line":858,"loc":{"start":{"line":858,"column":18},"end":{"line":858,"column":36}}},"44":{"name":"(anonymous_44)","line":876,"loc":{"start":{"line":876,"column":10},"end":{"line":876,"column":22}}},"45":{"name":"(anonymous_45)","line":903,"loc":{"start":{"line":903,"column":17},"end":{"line":903,"column":29}}},"46":{"name":"(anonymous_46)","line":932,"loc":{"start":{"line":932,"column":15},"end":{"line":932,"column":40}}},"47":{"name":"(anonymous_47)","line":941,"loc":{"start":{"line":941,"column":16},"end":{"line":941,"column":28}}},"48":{"name":"(anonymous_48)","line":955,"loc":{"start":{"line":955,"column":10},"end":{"line":955,"column":22}}},"49":{"name":"(anonymous_49)","line":1008,"loc":{"start":{"line":1008,"column":14},"end":{"line":1008,"column":33}}},"50":{"name":"(anonymous_50)","line":1014,"loc":{"start":{"line":1014,"column":10},"end":{"line":1014,"column":22}}},"51":{"name":"(anonymous_51)","line":1045,"loc":{"start":{"line":1045,"column":10},"end":{"line":1045,"column":22}}},"52":{"name":"(anonymous_52)","line":1093,"loc":{"start":{"line":1093,"column":14},"end":{"line":1093,"column":33}}},"53":{"name":"(anonymous_53)","line":1150,"loc":{"start":{"line":1150,"column":14},"end":{"line":1150,"column":26}}},"54":{"name":"(anonymous_54)","line":1203,"loc":{"start":{"line":1203,"column":14},"end":{"line":1203,"column":33}}},"55":{"name":"(anonymous_55)","line":1275,"loc":{"start":{"line":1275,"column":17},"end":{"line":1275,"column":29}}},"56":{"name":"(anonymous_56)","line":1279,"loc":{"start":{"line":1279,"column":15},"end":{"line":1279,"column":27}}},"57":{"name":"(anonymous_57)","line":1290,"loc":{"start":{"line":1290,"column":10},"end":{"line":1290,"column":22}}},"58":{"name":"(anonymous_58)","line":1301,"loc":{"start":{"line":1301,"column":23},"end":{"line":1301,"column":36}}},"59":{"name":"(anonymous_59)","line":1313,"loc":{"start":{"line":1313,"column":16},"end":{"line":1313,"column":29}}},"60":{"name":"(anonymous_60)","line":1367,"loc":{"start":{"line":1367,"column":10},"end":{"line":1367,"column":22}}},"61":{"name":"(anonymous_61)","line":1404,"loc":{"start":{"line":1404,"column":19},"end":{"line":1404,"column":43}}},"62":{"name":"(anonymous_62)","line":1409,"loc":{"start":{"line":1409,"column":15},"end":{"line":1409,"column":35}}},"63":{"name":"(anonymous_63)","line":1414,"loc":{"start":{"line":1414,"column":18},"end":{"line":1414,"column":50}}},"64":{"name":"(anonymous_64)","line":1433,"loc":{"start":{"line":1433,"column":10},"end":{"line":1433,"column":22}}},"65":{"name":"(anonymous_65)","line":1480,"loc":{"start":{"line":1480,"column":8},"end":{"line":1480,"column":21}}},"66":{"name":"(anonymous_66)","line":1490,"loc":{"start":{"line":1490,"column":9},"end":{"line":1490,"column":22}}},"67":{"name":"(anonymous_67)","line":1572,"loc":{"start":{"line":1572,"column":14},"end":{"line":1572,"column":33}}},"68":{"name":"(anonymous_68)","line":1574,"loc":{"start":{"line":1574,"column":47},"end":{"line":1574,"column":86}}},"69":{"name":"(anonymous_69)","line":1587,"loc":{"start":{"line":1587,"column":10},"end":{"line":1587,"column":22}}},"70":{"name":"(anonymous_70)","line":1783,"loc":{"start":{"line":1783,"column":14},"end":{"line":1783,"column":26}}},"71":{"name":"(anonymous_71)","line":1807,"loc":{"start":{"line":1807,"column":13},"end":{"line":1807,"column":25}}},"72":{"name":"(anonymous_72)","line":1812,"loc":{"start":{"line":1812,"column":11},"end":{"line":1812,"column":37}}},"73":{"name":"(anonymous_73)","line":1839,"loc":{"start":{"line":1839,"column":47},"end":{"line":1839,"column":62}}},"74":{"name":"(anonymous_74)","line":1840,"loc":{"start":{"line":1840,"column":26},"end":{"line":1840,"column":38}}},"75":{"name":"(anonymous_75)","line":1893,"loc":{"start":{"line":1893,"column":14},"end":{"line":1893,"column":33}}},"76":{"name":"(anonymous_76)","line":1905,"loc":{"start":{"line":1905,"column":34},"end":{"line":1905,"column":61}}},"77":{"name":"(anonymous_77)","line":1922,"loc":{"start":{"line":1922,"column":37},"end":{"line":1922,"column":70}}},"78":{"name":"(anonymous_78)","line":1939,"loc":{"start":{"line":1939,"column":12},"end":{"line":1939,"column":30}}},"79":{"name":"(anonymous_79)","line":1949,"loc":{"start":{"line":1949,"column":10},"end":{"line":1949,"column":22}}},"80":{"name":"(anonymous_80)","line":1969,"loc":{"start":{"line":1969,"column":10},"end":{"line":1969,"column":22}}},"81":{"name":"(anonymous_81)","line":2001,"loc":{"start":{"line":2001,"column":14},"end":{"line":2001,"column":33}}},"82":{"name":"(anonymous_82)","line":2009,"loc":{"start":{"line":2009,"column":10},"end":{"line":2009,"column":22}}},"83":{"name":"(anonymous_83)","line":2057,"loc":{"start":{"line":2057,"column":14},"end":{"line":2057,"column":33}}},"84":{"name":"(anonymous_84)","line":2066,"loc":{"start":{"line":2066,"column":18},"end":{"line":2066,"column":36}}},"85":{"name":"(anonymous_85)","line":2088,"loc":{"start":{"line":2088,"column":23},"end":{"line":2088,"column":35}}},"86":{"name":"(anonymous_86)","line":2099,"loc":{"start":{"line":2099,"column":20},"end":{"line":2099,"column":49}}},"87":{"name":"(anonymous_87)","line":2109,"loc":{"start":{"line":2109,"column":11},"end":{"line":2109,"column":24}}},"88":{"name":"cycleSort","line":2116,"loc":{"start":{"line":2116,"column":4},"end":{"line":2116,"column":36}}},"89":{"name":"toggleSort","line":2122,"loc":{"start":{"line":2122,"column":4},"end":{"line":2122,"column":37}}},"90":{"name":"(anonymous_90)","line":2139,"loc":{"start":{"line":2139,"column":10},"end":{"line":2139,"column":22}}},"91":{"name":"(anonymous_91)","line":2181,"loc":{"start":{"line":2181,"column":14},"end":{"line":2181,"column":26}}},"92":{"name":"(anonymous_92)","line":2185,"loc":{"start":{"line":2185,"column":12},"end":{"line":2185,"column":39}}},"93":{"name":"(anonymous_93)","line":2218,"loc":{"start":{"line":2218,"column":14},"end":{"line":2218,"column":33}}},"94":{"name":"(anonymous_94)","line":2233,"loc":{"start":{"line":2233,"column":10},"end":{"line":2233,"column":22}}},"95":{"name":"(anonymous_95)","line":2244,"loc":{"start":{"line":2244,"column":10},"end":{"line":2244,"column":22}}},"96":{"name":"(anonymous_96)","line":2285,"loc":{"start":{"line":2285,"column":14},"end":{"line":2285,"column":33}}},"97":{"name":"(anonymous_97)","line":2293,"loc":{"start":{"line":2293,"column":36},"end":{"line":2293,"column":53}}},"98":{"name":"(anonymous_98)","line":2314,"loc":{"start":{"line":2314,"column":25},"end":{"line":2314,"column":37}}},"99":{"name":"(anonymous_99)","line":2346,"loc":{"start":{"line":2346,"column":13},"end":{"line":2346,"column":51}}},"100":{"name":"(anonymous_100)","line":2402,"loc":{"start":{"line":2402,"column":13},"end":{"line":2402,"column":51}}},"101":{"name":"(anonymous_101)","line":2426,"loc":{"start":{"line":2426,"column":11},"end":{"line":2426,"column":23}}},"102":{"name":"(anonymous_102)","line":2431,"loc":{"start":{"line":2431,"column":36},"end":{"line":2431,"column":53}}},"103":{"name":"(anonymous_103)","line":2453,"loc":{"start":{"line":2453,"column":10},"end":{"line":2453,"column":22}}},"104":{"name":"(anonymous_104)","line":2474,"loc":{"start":{"line":2474,"column":10},"end":{"line":2474,"column":22}}},"105":{"name":"(anonymous_105)","line":2502,"loc":{"start":{"line":2502,"column":8},"end":{"line":2502,"column":37}}},"106":{"name":"(anonymous_106)","line":2520,"loc":{"start":{"line":2520,"column":41},"end":{"line":2520,"column":58}}},"107":{"name":"(anonymous_107)","line":2540,"loc":{"start":{"line":2540,"column":51},"end":{"line":2540,"column":63}}},"108":{"name":"(anonymous_108)","line":2555,"loc":{"start":{"line":2555,"column":18},"end":{"line":2555,"column":47}}},"109":{"name":"(anonymous_109)","line":2557,"loc":{"start":{"line":2557,"column":11},"end":{"line":2557,"column":34}}},"110":{"name":"(anonymous_110)","line":2585,"loc":{"start":{"line":2585,"column":18},"end":{"line":2585,"column":52}}},"111":{"name":"(anonymous_111)","line":2667,"loc":{"start":{"line":2667,"column":14},"end":{"line":2667,"column":33}}},"112":{"name":"(anonymous_112)","line":2759,"loc":{"start":{"line":2759,"column":14},"end":{"line":2759,"column":33}}},"113":{"name":"(anonymous_113)","line":2784,"loc":{"start":{"line":2784,"column":41},"end":{"line":2784,"column":53}}},"114":{"name":"(anonymous_114)","line":2799,"loc":{"start":{"line":2799,"column":13},"end":{"line":2799,"column":25}}},"115":{"name":"(anonymous_115)","line":2807,"loc":{"start":{"line":2807,"column":13},"end":{"line":2807,"column":25}}},"116":{"name":"(anonymous_116)","line":2819,"loc":{"start":{"line":2819,"column":16},"end":{"line":2819,"column":28}}},"117":{"name":"(anonymous_117)","line":2831,"loc":{"start":{"line":2831,"column":16},"end":{"line":2831,"column":28}}},"118":{"name":"(anonymous_118)","line":2839,"loc":{"start":{"line":2839,"column":8},"end":{"line":2839,"column":20}}},"119":{"name":"(anonymous_119)","line":2849,"loc":{"start":{"line":2849,"column":10},"end":{"line":2849,"column":22}}},"120":{"name":"(anonymous_120)","line":2874,"loc":{"start":{"line":2874,"column":10},"end":{"line":2874,"column":22}}}},"statementMap":{"1":{"start":{"line":9,"column":0},"end":{"line":2883,"column":4}},"2":{"start":{"line":12,"column":2},"end":{"line":18,"column":44}},"3":{"start":{"line":13,"column":4},"end":{"line":15,"column":50}},"4":{"start":{"line":18,"column":7},"end":{"line":18,"column":44}},"5":{"start":{"line":35,"column":0},"end":{"line":37,"column":17}},"6":{"start":{"line":38,"column":0},"end":{"line":52,"column":1}},"7":{"start":{"line":41,"column":2},"end":{"line":41,"column":22}},"8":{"start":{"line":42,"column":2},"end":{"line":43,"column":45}},"9":{"start":{"line":44,"column":2},"end":{"line":51,"column":4}},"10":{"start":{"line":45,"column":4},"end":{"line":47,"column":5}},"11":{"start":{"line":46,"column":6},"end":{"line":46,"column":66}},"12":{"start":{"line":48,"column":4},"end":{"line":50,"column":34}},"13":{"start":{"line":54,"column":0},"end":{"line":62,"column":1}},"14":{"start":{"line":55,"column":2},"end":{"line":55,"column":46}},"15":{"start":{"line":56,"column":2},"end":{"line":56,"column":48}},"16":{"start":{"line":57,"column":2},"end":{"line":57,"column":19}},"17":{"start":{"line":58,"column":2},"end":{"line":60,"column":3}},"18":{"start":{"line":59,"column":4},"end":{"line":59,"column":31}},"19":{"start":{"line":61,"column":2},"end":{"line":61,"column":23}},"20":{"start":{"line":64,"column":0},"end":{"line":64,"column":19}},"21":{"start":{"line":66,"column":0},"end":{"line":94,"column":2}},"22":{"start":{"line":71,"column":4},"end":{"line":80,"column":5}},"23":{"start":{"line":72,"column":6},"end":{"line":74,"column":27}},"24":{"start":{"line":73,"column":8},"end":{"line":73,"column":56}},"25":{"start":{"line":75,"column":6},"end":{"line":75,"column":59}},"26":{"start":{"line":76,"column":6},"end":{"line":78,"column":7}},"27":{"start":{"line":77,"column":8},"end":{"line":77,"column":66}},"28":{"start":{"line":79,"column":6},"end":{"line":79,"column":19}},"29":{"start":{"line":82,"column":4},"end":{"line":82,"column":16}},"30":{"start":{"line":86,"column":4},"end":{"line":86,"column":29}},"31":{"start":{"line":87,"column":4},"end":{"line":87,"column":43}},"32":{"start":{"line":87,"column":30},"end":{"line":87,"column":43}},"33":{"start":{"line":89,"column":4},"end":{"line":89,"column":31}},"34":{"start":{"line":90,"column":4},"end":{"line":90,"column":43}},"35":{"start":{"line":91,"column":4},"end":{"line":91,"column":59}},"36":{"start":{"line":95,"column":0},"end":{"line":95,"column":36}},"37":{"start":{"line":108,"column":0},"end":{"line":123,"column":2}},"38":{"start":{"line":109,"column":2},"end":{"line":122,"column":5}},"39":{"start":{"line":124,"column":0},"end":{"line":170,"column":3}},"40":{"start":{"line":130,"column":24},"end":{"line":130,"column":50}},"41":{"start":{"line":136,"column":26},"end":{"line":136,"column":53}},"42":{"start":{"line":142,"column":26},"end":{"line":142,"column":69}},"43":{"start":{"line":148,"column":27},"end":{"line":148,"column":71}},"44":{"start":{"line":154,"column":22},"end":{"line":154,"column":49}},"45":{"start":{"line":160,"column":24},"end":{"line":160,"column":51}},"46":{"start":{"line":167,"column":4},"end":{"line":168,"column":63}},"47":{"start":{"line":191,"column":0},"end":{"line":191,"column":60}},"48":{"start":{"line":192,"column":0},"end":{"line":224,"column":3}},"49":{"start":{"line":205,"column":4},"end":{"line":205,"column":19}},"50":{"start":{"line":221,"column":4},"end":{"line":221,"column":25}},"51":{"start":{"line":235,"column":0},"end":{"line":241,"column":2}},"52":{"start":{"line":236,"column":2},"end":{"line":236,"column":47}},"53":{"start":{"line":238,"column":2},"end":{"line":240,"column":3}},"54":{"start":{"line":239,"column":4},"end":{"line":239,"column":62}},"55":{"start":{"line":242,"column":0},"end":{"line":242,"column":48}},"56":{"start":{"line":243,"column":0},"end":{"line":324,"column":3}},"57":{"start":{"line":277,"column":4},"end":{"line":277,"column":61}},"58":{"start":{"line":277,"column":51},"end":{"line":277,"column":61}},"59":{"start":{"line":279,"column":4},"end":{"line":279,"column":45}},"60":{"start":{"line":281,"column":4},"end":{"line":281,"column":34}},"61":{"start":{"line":282,"column":4},"end":{"line":282,"column":31}},"62":{"start":{"line":283,"column":4},"end":{"line":283,"column":80}},"63":{"start":{"line":285,"column":4},"end":{"line":285,"column":96}},"64":{"start":{"line":299,"column":4},"end":{"line":299,"column":41}},"65":{"start":{"line":301,"column":4},"end":{"line":301,"column":42}},"66":{"start":{"line":301,"column":30},"end":{"line":301,"column":42}},"67":{"start":{"line":303,"column":4},"end":{"line":303,"column":21}},"68":{"start":{"line":305,"column":4},"end":{"line":305,"column":61}},"69":{"start":{"line":306,"column":4},"end":{"line":308,"column":5}},"70":{"start":{"line":307,"column":6},"end":{"line":307,"column":30}},"71":{"start":{"line":310,"column":4},"end":{"line":310,"column":60}},"72":{"start":{"line":311,"column":4},"end":{"line":311,"column":17}},"73":{"start":{"line":312,"column":4},"end":{"line":314,"column":5}},"74":{"start":{"line":313,"column":6},"end":{"line":313,"column":48}},"75":{"start":{"line":316,"column":4},"end":{"line":318,"column":5}},"76":{"start":{"line":317,"column":6},"end":{"line":317,"column":53}},"77":{"start":{"line":320,"column":4},"end":{"line":320,"column":60}},"78":{"start":{"line":321,"column":4},"end":{"line":321,"column":62}},"79":{"start":{"line":321,"column":48},"end":{"line":321,"column":62}},"80":{"start":{"line":335,"column":0},"end":{"line":337,"column":2}},"81":{"start":{"line":336,"column":2},"end":{"line":336,"column":50}},"82":{"start":{"line":339,"column":0},"end":{"line":394,"column":3}},"83":{"start":{"line":369,"column":4},"end":{"line":369,"column":43}},"84":{"start":{"line":370,"column":4},"end":{"line":370,"column":43}},"85":{"start":{"line":371,"column":4},"end":{"line":371,"column":86}},"86":{"start":{"line":386,"column":4},"end":{"line":386,"column":51}},"87":{"start":{"line":387,"column":4},"end":{"line":391,"column":5}},"88":{"start":{"line":388,"column":6},"end":{"line":388,"column":75}},"89":{"start":{"line":389,"column":6},"end":{"line":389,"column":51}},"90":{"start":{"line":389,"column":35},"end":{"line":389,"column":51}},"91":{"start":{"line":390,"column":6},"end":{"line":390,"column":40}},"92":{"start":{"line":409,"column":0},"end":{"line":415,"column":2}},"93":{"start":{"line":410,"column":2},"end":{"line":410,"column":47}},"94":{"start":{"line":412,"column":2},"end":{"line":414,"column":3}},"95":{"start":{"line":413,"column":4},"end":{"line":413,"column":70}},"96":{"start":{"line":416,"column":0},"end":{"line":416,"column":50}},"97":{"start":{"line":417,"column":0},"end":{"line":532,"column":3}},"98":{"start":{"line":444,"column":4},"end":{"line":444,"column":47}},"99":{"start":{"line":444,"column":35},"end":{"line":444,"column":47}},"100":{"start":{"line":446,"column":4},"end":{"line":446,"column":26}},"101":{"start":{"line":447,"column":4},"end":{"line":457,"column":5}},"102":{"start":{"line":448,"column":6},"end":{"line":448,"column":34}},"103":{"start":{"line":449,"column":6},"end":{"line":449,"column":134}},"104":{"start":{"line":450,"column":6},"end":{"line":450,"column":132}},"105":{"start":{"line":453,"column":6},"end":{"line":453,"column":25}},"106":{"start":{"line":454,"column":6},"end":{"line":454,"column":57}},"107":{"start":{"line":455,"column":6},"end":{"line":455,"column":57}},"108":{"start":{"line":456,"column":6},"end":{"line":456,"column":87}},"109":{"start":{"line":459,"column":4},"end":{"line":459,"column":49}},"110":{"start":{"line":460,"column":4},"end":{"line":460,"column":50}},"111":{"start":{"line":462,"column":4},"end":{"line":467,"column":5}},"112":{"start":{"line":463,"column":6},"end":{"line":463,"column":65}},"113":{"start":{"line":463,"column":58},"end":{"line":463,"column":65}},"114":{"start":{"line":464,"column":6},"end":{"line":464,"column":66}},"115":{"start":{"line":464,"column":59},"end":{"line":464,"column":66}},"116":{"start":{"line":465,"column":6},"end":{"line":465,"column":44}},"117":{"start":{"line":465,"column":37},"end":{"line":465,"column":44}},"118":{"start":{"line":466,"column":6},"end":{"line":466,"column":44}},"119":{"start":{"line":466,"column":37},"end":{"line":466,"column":44}},"120":{"start":{"line":469,"column":4},"end":{"line":475,"column":62}},"121":{"start":{"line":477,"column":4},"end":{"line":477,"column":20}},"122":{"start":{"line":479,"column":4},"end":{"line":481,"column":5}},"123":{"start":{"line":480,"column":6},"end":{"line":480,"column":136}},"124":{"start":{"line":483,"column":4},"end":{"line":489,"column":5}},"125":{"start":{"line":484,"column":6},"end":{"line":484,"column":175}},"126":{"start":{"line":486,"column":6},"end":{"line":488,"column":7}},"127":{"start":{"line":487,"column":8},"end":{"line":487,"column":72}},"128":{"start":{"line":491,"column":4},"end":{"line":493,"column":5}},"129":{"start":{"line":492,"column":6},"end":{"line":492,"column":20}},"130":{"start":{"line":495,"column":4},"end":{"line":495,"column":18}},"131":{"start":{"line":509,"column":4},"end":{"line":509,"column":63}},"132":{"start":{"line":509,"column":53},"end":{"line":509,"column":63}},"133":{"start":{"line":510,"column":4},"end":{"line":510,"column":34}},"134":{"start":{"line":529,"column":4},"end":{"line":529,"column":46}},"135":{"start":{"line":541,"column":0},"end":{"line":541,"column":64}},"136":{"start":{"line":542,"column":0},"end":{"line":542,"column":48}},"137":{"start":{"line":543,"column":0},"end":{"line":558,"column":3}},"138":{"start":{"line":555,"column":4},"end":{"line":555,"column":65}},"139":{"start":{"line":555,"column":55},"end":{"line":555,"column":65}},"140":{"start":{"line":556,"column":4},"end":{"line":556,"column":25}},"141":{"start":{"line":567,"column":0},"end":{"line":567,"column":62}},"142":{"start":{"line":568,"column":0},"end":{"line":568,"column":47}},"143":{"start":{"line":569,"column":0},"end":{"line":586,"column":3}},"144":{"start":{"line":581,"column":4},"end":{"line":581,"column":48}},"145":{"start":{"line":582,"column":4},"end":{"line":584,"column":5}},"146":{"start":{"line":583,"column":6},"end":{"line":583,"column":27}},"147":{"start":{"line":600,"column":0},"end":{"line":600,"column":64}},"148":{"start":{"line":601,"column":0},"end":{"line":601,"column":48}},"149":{"start":{"line":602,"column":0},"end":{"line":615,"column":3}},"150":{"start":{"line":613,"column":4},"end":{"line":613,"column":79}},"151":{"start":{"line":633,"column":0},"end":{"line":668,"column":3}},"152":{"start":{"line":647,"column":4},"end":{"line":647,"column":39}},"153":{"start":{"line":648,"column":4},"end":{"line":648,"column":33}},"154":{"start":{"line":649,"column":4},"end":{"line":651,"column":5}},"155":{"start":{"line":650,"column":6},"end":{"line":650,"column":44}},"156":{"start":{"line":653,"column":4},"end":{"line":653,"column":67}},"157":{"start":{"line":662,"column":4},"end":{"line":664,"column":5}},"158":{"start":{"line":663,"column":6},"end":{"line":663,"column":23}},"159":{"start":{"line":665,"column":4},"end":{"line":665,"column":16}},"160":{"start":{"line":678,"column":0},"end":{"line":784,"column":3}},"161":{"start":{"line":705,"column":4},"end":{"line":705,"column":64}},"162":{"start":{"line":707,"column":4},"end":{"line":709,"column":5}},"163":{"start":{"line":708,"column":6},"end":{"line":708,"column":56}},"164":{"start":{"line":717,"column":4},"end":{"line":717,"column":27}},"165":{"start":{"line":718,"column":4},"end":{"line":718,"column":84}},"166":{"start":{"line":719,"column":4},"end":{"line":719,"column":16}},"167":{"start":{"line":741,"column":4},"end":{"line":741,"column":35}},"168":{"start":{"line":742,"column":4},"end":{"line":742,"column":27}},"169":{"start":{"line":743,"column":4},"end":{"line":743,"column":29}},"170":{"start":{"line":745,"column":4},"end":{"line":745,"column":33}},"171":{"start":{"line":746,"column":4},"end":{"line":746,"column":36}},"172":{"start":{"line":748,"column":4},"end":{"line":769,"column":5}},"173":{"start":{"line":751,"column":6},"end":{"line":751,"column":25}},"174":{"start":{"line":752,"column":6},"end":{"line":752,"column":26}},"175":{"start":{"line":754,"column":6},"end":{"line":754,"column":31}},"176":{"start":{"line":755,"column":6},"end":{"line":755,"column":49}},"177":{"start":{"line":756,"column":6},"end":{"line":762,"column":7}},"178":{"start":{"line":757,"column":8},"end":{"line":757,"column":60}},"179":{"start":{"line":760,"column":8},"end":{"line":760,"column":48}},"180":{"start":{"line":761,"column":8},"end":{"line":761,"column":65}},"181":{"start":{"line":765,"column":9},"end":{"line":769,"column":5}},"182":{"start":{"line":767,"column":6},"end":{"line":767,"column":26}},"183":{"start":{"line":768,"column":6},"end":{"line":768,"column":63}},"184":{"start":{"line":773,"column":4},"end":{"line":780,"column":5}},"185":{"start":{"line":775,"column":6},"end":{"line":779,"column":28}},"186":{"start":{"line":776,"column":8},"end":{"line":776,"column":33}},"187":{"start":{"line":777,"column":8},"end":{"line":777,"column":44}},"188":{"start":{"line":779,"column":11},"end":{"line":779,"column":28}},"189":{"start":{"line":781,"column":4},"end":{"line":781,"column":16}},"190":{"start":{"line":798,"column":0},"end":{"line":963,"column":3}},"191":{"start":{"line":833,"column":4},"end":{"line":833,"column":33}},"192":{"start":{"line":834,"column":4},"end":{"line":836,"column":5}},"193":{"start":{"line":835,"column":6},"end":{"line":835,"column":44}},"194":{"start":{"line":838,"column":4},"end":{"line":838,"column":65}},"195":{"start":{"line":840,"column":4},"end":{"line":841,"column":77}},"196":{"start":{"line":843,"column":4},"end":{"line":845,"column":5}},"197":{"start":{"line":844,"column":6},"end":{"line":844,"column":34}},"198":{"start":{"line":847,"column":4},"end":{"line":847,"column":31}},"199":{"start":{"line":849,"column":4},"end":{"line":849,"column":73}},"200":{"start":{"line":851,"column":4},"end":{"line":853,"column":7}},"201":{"start":{"line":852,"column":6},"end":{"line":852,"column":49}},"202":{"start":{"line":852,"column":35},"end":{"line":852,"column":49}},"203":{"start":{"line":855,"column":4},"end":{"line":855,"column":61}},"204":{"start":{"line":857,"column":4},"end":{"line":865,"column":21}},"205":{"start":{"line":859,"column":20},"end":{"line":859,"column":61}},"206":{"start":{"line":860,"column":20},"end":{"line":864,"column":21}},"207":{"start":{"line":861,"column":22},"end":{"line":863,"column":23}},"208":{"start":{"line":862,"column":24},"end":{"line":862,"column":59}},"209":{"start":{"line":867,"column":4},"end":{"line":867,"column":88}},"210":{"start":{"line":867,"column":63},"end":{"line":867,"column":88}},"211":{"start":{"line":868,"column":4},"end":{"line":868,"column":88}},"212":{"start":{"line":868,"column":63},"end":{"line":868,"column":88}},"213":{"start":{"line":869,"column":4},"end":{"line":869,"column":92}},"214":{"start":{"line":869,"column":65},"end":{"line":869,"column":92}},"215":{"start":{"line":877,"column":4},"end":{"line":877,"column":21}},"216":{"start":{"line":878,"column":4},"end":{"line":878,"column":27}},"217":{"start":{"line":879,"column":4},"end":{"line":879,"column":85}},"218":{"start":{"line":880,"column":4},"end":{"line":880,"column":26}},"219":{"start":{"line":881,"column":4},"end":{"line":881,"column":16}},"220":{"start":{"line":904,"column":4},"end":{"line":904,"column":27}},"221":{"start":{"line":905,"column":4},"end":{"line":905,"column":29}},"222":{"start":{"line":907,"column":4},"end":{"line":907,"column":73}},"223":{"start":{"line":908,"column":4},"end":{"line":926,"column":5}},"224":{"start":{"line":910,"column":6},"end":{"line":914,"column":9}},"225":{"start":{"line":916,"column":6},"end":{"line":916,"column":78}},"226":{"start":{"line":919,"column":6},"end":{"line":919,"column":30}},"227":{"start":{"line":920,"column":6},"end":{"line":920,"column":23}},"228":{"start":{"line":921,"column":6},"end":{"line":921,"column":46}},"229":{"start":{"line":922,"column":6},"end":{"line":922,"column":34}},"230":{"start":{"line":923,"column":6},"end":{"line":923,"column":34}},"231":{"start":{"line":925,"column":6},"end":{"line":925,"column":81}},"232":{"start":{"line":933,"column":4},"end":{"line":935,"column":5}},"233":{"start":{"line":934,"column":6},"end":{"line":934,"column":33}},"234":{"start":{"line":942,"column":4},"end":{"line":942,"column":34}},"235":{"start":{"line":943,"column":4},"end":{"line":943,"column":32}},"236":{"start":{"line":944,"column":4},"end":{"line":944,"column":43}},"237":{"start":{"line":945,"column":4},"end":{"line":945,"column":30}},"238":{"start":{"line":946,"column":4},"end":{"line":946,"column":35}},"239":{"start":{"line":947,"column":4},"end":{"line":947,"column":18}},"240":{"start":{"line":956,"column":4},"end":{"line":959,"column":5}},"241":{"start":{"line":957,"column":6},"end":{"line":957,"column":69}},"242":{"start":{"line":958,"column":6},"end":{"line":958,"column":32}},"243":{"start":{"line":960,"column":4},"end":{"line":960,"column":56}},"244":{"start":{"line":971,"column":0},"end":{"line":978,"column":3}},"245":{"start":{"line":991,"column":0},"end":{"line":1028,"column":3}},"246":{"start":{"line":1009,"column":4},"end":{"line":1009,"column":56}},"247":{"start":{"line":1010,"column":4},"end":{"line":1010,"column":45}},"248":{"start":{"line":1011,"column":4},"end":{"line":1011,"column":48}},"249":{"start":{"line":1015,"column":4},"end":{"line":1015,"column":21}},"250":{"start":{"line":1016,"column":4},"end":{"line":1016,"column":59}},"251":{"start":{"line":1017,"column":4},"end":{"line":1017,"column":70}},"252":{"start":{"line":1018,"column":4},"end":{"line":1023,"column":29}},"253":{"start":{"line":1024,"column":4},"end":{"line":1024,"column":26}},"254":{"start":{"line":1025,"column":4},"end":{"line":1025,"column":16}},"255":{"start":{"line":1038,"column":0},"end":{"line":1058,"column":3}},"256":{"start":{"line":1046,"column":4},"end":{"line":1046,"column":21}},"257":{"start":{"line":1047,"column":4},"end":{"line":1047,"column":27}},"258":{"start":{"line":1048,"column":4},"end":{"line":1048,"column":91}},"259":{"start":{"line":1049,"column":4},"end":{"line":1053,"column":29}},"260":{"start":{"line":1054,"column":4},"end":{"line":1054,"column":26}},"261":{"start":{"line":1055,"column":4},"end":{"line":1055,"column":16}},"262":{"start":{"line":1067,"column":0},"end":{"line":1101,"column":3}},"263":{"start":{"line":1094,"column":4},"end":{"line":1094,"column":59}},"264":{"start":{"line":1095,"column":4},"end":{"line":1095,"column":35}},"265":{"start":{"line":1096,"column":4},"end":{"line":1096,"column":39}},"266":{"start":{"line":1097,"column":4},"end":{"line":1097,"column":55}},"267":{"start":{"line":1098,"column":4},"end":{"line":1098,"column":51}},"268":{"start":{"line":1111,"column":0},"end":{"line":1120,"column":3}},"269":{"start":{"line":1129,"column":0},"end":{"line":1157,"column":3}},"270":{"start":{"line":1151,"column":4},"end":{"line":1151,"column":60}},"271":{"start":{"line":1152,"column":4},"end":{"line":1152,"column":35}},"272":{"start":{"line":1153,"column":4},"end":{"line":1153,"column":43}},"273":{"start":{"line":1154,"column":4},"end":{"line":1154,"column":35}},"274":{"start":{"line":1173,"column":0},"end":{"line":1222,"column":3}},"275":{"start":{"line":1204,"column":4},"end":{"line":1204,"column":61}},"276":{"start":{"line":1205,"column":4},"end":{"line":1205,"column":35}},"277":{"start":{"line":1206,"column":4},"end":{"line":1206,"column":45}},"278":{"start":{"line":1207,"column":4},"end":{"line":1207,"column":45}},"279":{"start":{"line":1208,"column":4},"end":{"line":1208,"column":47}},"280":{"start":{"line":1210,"column":4},"end":{"line":1210,"column":59}},"281":{"start":{"line":1211,"column":4},"end":{"line":1211,"column":69}},"282":{"start":{"line":1212,"column":4},"end":{"line":1212,"column":54}},"283":{"start":{"line":1213,"column":4},"end":{"line":1213,"column":73}},"284":{"start":{"line":1215,"column":4},"end":{"line":1219,"column":7}},"285":{"start":{"line":1230,"column":0},"end":{"line":1238,"column":3}},"286":{"start":{"line":1246,"column":0},"end":{"line":1254,"column":3}},"287":{"start":{"line":1262,"column":0},"end":{"line":1341,"column":3}},"288":{"start":{"line":1276,"column":6},"end":{"line":1276,"column":28}},"289":{"start":{"line":1280,"column":6},"end":{"line":1280,"column":29}},"290":{"start":{"line":1291,"column":4},"end":{"line":1291,"column":27}},"291":{"start":{"line":1292,"column":4},"end":{"line":1292,"column":80}},"292":{"start":{"line":1293,"column":4},"end":{"line":1293,"column":34}},"293":{"start":{"line":1294,"column":4},"end":{"line":1294,"column":16}},"294":{"start":{"line":1302,"column":4},"end":{"line":1305,"column":5}},"295":{"start":{"line":1303,"column":6},"end":{"line":1303,"column":29}},"296":{"start":{"line":1304,"column":6},"end":{"line":1304,"column":75}},"297":{"start":{"line":1314,"column":4},"end":{"line":1314,"column":27}},"298":{"start":{"line":1315,"column":4},"end":{"line":1315,"column":29}},"299":{"start":{"line":1316,"column":4},"end":{"line":1316,"column":35}},"300":{"start":{"line":1317,"column":4},"end":{"line":1317,"column":33}},"301":{"start":{"line":1319,"column":4},"end":{"line":1319,"column":62}},"302":{"start":{"line":1319,"column":50},"end":{"line":1319,"column":62}},"303":{"start":{"line":1320,"column":4},"end":{"line":1323,"column":5}},"304":{"start":{"line":1321,"column":6},"end":{"line":1321,"column":26}},"305":{"start":{"line":1322,"column":6},"end":{"line":1322,"column":63}},"306":{"start":{"line":1325,"column":4},"end":{"line":1325,"column":23}},"307":{"start":{"line":1326,"column":4},"end":{"line":1338,"column":5}},"308":{"start":{"line":1328,"column":6},"end":{"line":1328,"column":25}},"309":{"start":{"line":1329,"column":6},"end":{"line":1329,"column":26}},"310":{"start":{"line":1330,"column":6},"end":{"line":1330,"column":60}},"311":{"start":{"line":1331,"column":6},"end":{"line":1331,"column":41}},"312":{"start":{"line":1332,"column":6},"end":{"line":1332,"column":63}},"313":{"start":{"line":1334,"column":9},"end":{"line":1338,"column":5}},"314":{"start":{"line":1335,"column":6},"end":{"line":1335,"column":60}},"315":{"start":{"line":1336,"column":6},"end":{"line":1336,"column":41}},"316":{"start":{"line":1337,"column":6},"end":{"line":1337,"column":18}},"317":{"start":{"line":1350,"column":0},"end":{"line":1381,"column":3}},"318":{"start":{"line":1368,"column":4},"end":{"line":1368,"column":21}},"319":{"start":{"line":1369,"column":4},"end":{"line":1369,"column":49}},"320":{"start":{"line":1370,"column":4},"end":{"line":1370,"column":73}},"321":{"start":{"line":1371,"column":4},"end":{"line":1376,"column":8}},"322":{"start":{"line":1377,"column":4},"end":{"line":1377,"column":26}},"323":{"start":{"line":1378,"column":4},"end":{"line":1378,"column":16}},"324":{"start":{"line":1389,"column":0},"end":{"line":1507,"column":3}},"325":{"start":{"line":1405,"column":4},"end":{"line":1405,"column":37}},"326":{"start":{"line":1406,"column":4},"end":{"line":1406,"column":55}},"327":{"start":{"line":1410,"column":4},"end":{"line":1410,"column":29}},"328":{"start":{"line":1411,"column":4},"end":{"line":1411,"column":40}},"329":{"start":{"line":1415,"column":4},"end":{"line":1415,"column":21}},"330":{"start":{"line":1416,"column":4},"end":{"line":1422,"column":5}},"331":{"start":{"line":1417,"column":6},"end":{"line":1421,"column":9}},"332":{"start":{"line":1423,"column":4},"end":{"line":1423,"column":19}},"333":{"start":{"line":1434,"column":4},"end":{"line":1434,"column":21}},"334":{"start":{"line":1436,"column":4},"end":{"line":1436,"column":54}},"335":{"start":{"line":1437,"column":4},"end":{"line":1437,"column":27}},"336":{"start":{"line":1438,"column":4},"end":{"line":1438,"column":91}},"337":{"start":{"line":1440,"column":4},"end":{"line":1440,"column":87}},"338":{"start":{"line":1440,"column":34},"end":{"line":1440,"column":87}},"339":{"start":{"line":1442,"column":4},"end":{"line":1442,"column":27}},"340":{"start":{"line":1443,"column":4},"end":{"line":1443,"column":26}},"341":{"start":{"line":1444,"column":4},"end":{"line":1444,"column":27}},"342":{"start":{"line":1445,"column":4},"end":{"line":1445,"column":28}},"343":{"start":{"line":1446,"column":4},"end":{"line":1446,"column":24}},"344":{"start":{"line":1448,"column":4},"end":{"line":1470,"column":5}},"345":{"start":{"line":1449,"column":6},"end":{"line":1449,"column":40}},"346":{"start":{"line":1451,"column":6},"end":{"line":1469,"column":7}},"347":{"start":{"line":1452,"column":8},"end":{"line":1452,"column":37}},"348":{"start":{"line":1453,"column":8},"end":{"line":1453,"column":37}},"349":{"start":{"line":1455,"column":8},"end":{"line":1459,"column":12}},"350":{"start":{"line":1461,"column":11},"end":{"line":1469,"column":7}},"351":{"start":{"line":1462,"column":8},"end":{"line":1462,"column":40}},"352":{"start":{"line":1463,"column":8},"end":{"line":1463,"column":71}},"353":{"start":{"line":1464,"column":8},"end":{"line":1464,"column":92}},"354":{"start":{"line":1465,"column":8},"end":{"line":1465,"column":34}},"355":{"start":{"line":1468,"column":8},"end":{"line":1468,"column":161}},"356":{"start":{"line":1472,"column":4},"end":{"line":1472,"column":26}},"357":{"start":{"line":1474,"column":4},"end":{"line":1474,"column":16}},"358":{"start":{"line":1481,"column":4},"end":{"line":1481,"column":27}},"359":{"start":{"line":1482,"column":4},"end":{"line":1482,"column":29}},"360":{"start":{"line":1483,"column":4},"end":{"line":1483,"column":79}},"361":{"start":{"line":1491,"column":4},"end":{"line":1491,"column":27}},"362":{"start":{"line":1492,"column":4},"end":{"line":1492,"column":29}},"363":{"start":{"line":1493,"column":4},"end":{"line":1493,"column":33}},"364":{"start":{"line":1494,"column":4},"end":{"line":1504,"column":5}},"365":{"start":{"line":1495,"column":6},"end":{"line":1495,"column":26}},"366":{"start":{"line":1496,"column":6},"end":{"line":1496,"column":70}},"367":{"start":{"line":1498,"column":9},"end":{"line":1504,"column":5}},"368":{"start":{"line":1500,"column":6},"end":{"line":1500,"column":25}},"369":{"start":{"line":1501,"column":6},"end":{"line":1501,"column":26}},"370":{"start":{"line":1502,"column":6},"end":{"line":1502,"column":19}},"371":{"start":{"line":1503,"column":6},"end":{"line":1503,"column":70}},"372":{"start":{"line":1541,"column":0},"end":{"line":1641,"column":3}},"373":{"start":{"line":1573,"column":4},"end":{"line":1573,"column":59}},"374":{"start":{"line":1574,"column":4},"end":{"line":1579,"column":7}},"375":{"start":{"line":1575,"column":6},"end":{"line":1578,"column":7}},"376":{"start":{"line":1576,"column":8},"end":{"line":1576,"column":50}},"377":{"start":{"line":1577,"column":8},"end":{"line":1577,"column":42}},"378":{"start":{"line":1588,"column":4},"end":{"line":1588,"column":21}},"379":{"start":{"line":1590,"column":4},"end":{"line":1590,"column":54}},"380":{"start":{"line":1591,"column":4},"end":{"line":1591,"column":27}},"381":{"start":{"line":1592,"column":4},"end":{"line":1592,"column":84}},"382":{"start":{"line":1594,"column":4},"end":{"line":1594,"column":26}},"383":{"start":{"line":1596,"column":4},"end":{"line":1634,"column":5}},"384":{"start":{"line":1597,"column":6},"end":{"line":1597,"column":83}},"385":{"start":{"line":1597,"column":63},"end":{"line":1597,"column":83}},"386":{"start":{"line":1599,"column":6},"end":{"line":1625,"column":7}},"387":{"start":{"line":1600,"column":8},"end":{"line":1600,"column":34}},"388":{"start":{"line":1602,"column":8},"end":{"line":1624,"column":9}},"389":{"start":{"line":1603,"column":10},"end":{"line":1603,"column":44}},"390":{"start":{"line":1605,"column":10},"end":{"line":1623,"column":11}},"391":{"start":{"line":1606,"column":12},"end":{"line":1606,"column":45}},"392":{"start":{"line":1607,"column":12},"end":{"line":1607,"column":45}},"393":{"start":{"line":1609,"column":12},"end":{"line":1609,"column":71}},"394":{"start":{"line":1609,"column":41},"end":{"line":1609,"column":71}},"395":{"start":{"line":1611,"column":15},"end":{"line":1623,"column":11}},"396":{"start":{"line":1612,"column":12},"end":{"line":1612,"column":55}},"397":{"start":{"line":1614,"column":12},"end":{"line":1619,"column":13}},"398":{"start":{"line":1615,"column":14},"end":{"line":1615,"column":58}},"399":{"start":{"line":1616,"column":14},"end":{"line":1618,"column":15}},"400":{"start":{"line":1617,"column":16},"end":{"line":1617,"column":55}},"401":{"start":{"line":1622,"column":12},"end":{"line":1622,"column":32}},"402":{"start":{"line":1627,"column":6},"end":{"line":1627,"column":57}},"403":{"start":{"line":1630,"column":6},"end":{"line":1632,"column":7}},"404":{"start":{"line":1631,"column":8},"end":{"line":1631,"column":124}},"405":{"start":{"line":1633,"column":6},"end":{"line":1633,"column":15}},"406":{"start":{"line":1636,"column":4},"end":{"line":1636,"column":26}},"407":{"start":{"line":1638,"column":4},"end":{"line":1638,"column":16}},"408":{"start":{"line":1661,"column":0},"end":{"line":1837,"column":3}},"409":{"start":{"line":1784,"column":4},"end":{"line":1786,"column":5}},"410":{"start":{"line":1785,"column":6},"end":{"line":1785,"column":62}},"411":{"start":{"line":1788,"column":4},"end":{"line":1788,"column":87}},"412":{"start":{"line":1790,"column":4},"end":{"line":1790,"column":69}},"413":{"start":{"line":1792,"column":4},"end":{"line":1792,"column":69}},"414":{"start":{"line":1808,"column":4},"end":{"line":1808,"column":42}},"415":{"start":{"line":1809,"column":4},"end":{"line":1810,"column":55}},"416":{"start":{"line":1809,"column":31},"end":{"line":1809,"column":54}},"417":{"start":{"line":1810,"column":9},"end":{"line":1810,"column":55}},"418":{"start":{"line":1810,"column":38},"end":{"line":1810,"column":55}},"419":{"start":{"line":1812,"column":4},"end":{"line":1814,"column":6}},"420":{"start":{"line":1813,"column":6},"end":{"line":1813,"column":32}},"421":{"start":{"line":1839,"column":0},"end":{"line":1847,"column":3}},"422":{"start":{"line":1840,"column":2},"end":{"line":1846,"column":4}},"423":{"start":{"line":1841,"column":4},"end":{"line":1841,"column":30}},"424":{"start":{"line":1842,"column":4},"end":{"line":1843,"column":47}},"425":{"start":{"line":1842,"column":27},"end":{"line":1842,"column":46}},"426":{"start":{"line":1843,"column":9},"end":{"line":1843,"column":47}},"427":{"start":{"line":1843,"column":34},"end":{"line":1843,"column":47}},"428":{"start":{"line":1845,"column":4},"end":{"line":1845,"column":19}},"429":{"start":{"line":1855,"column":0},"end":{"line":1861,"column":3}},"430":{"start":{"line":1879,"column":0},"end":{"line":1977,"column":3}},"431":{"start":{"line":1895,"column":4},"end":{"line":1895,"column":49}},"432":{"start":{"line":1896,"column":4},"end":{"line":1898,"column":5}},"433":{"start":{"line":1897,"column":6},"end":{"line":1897,"column":52}},"434":{"start":{"line":1900,"column":4},"end":{"line":1900,"column":32}},"435":{"start":{"line":1901,"column":4},"end":{"line":1903,"column":5}},"436":{"start":{"line":1902,"column":6},"end":{"line":1902,"column":56}},"437":{"start":{"line":1905,"column":4},"end":{"line":1920,"column":7}},"438":{"start":{"line":1906,"column":6},"end":{"line":1906,"column":38}},"439":{"start":{"line":1907,"column":6},"end":{"line":1907,"column":48}},"440":{"start":{"line":1908,"column":6},"end":{"line":1908,"column":31}},"441":{"start":{"line":1910,"column":6},"end":{"line":1910,"column":25}},"442":{"start":{"line":1911,"column":6},"end":{"line":1919,"column":7}},"443":{"start":{"line":1912,"column":8},"end":{"line":1912,"column":39}},"444":{"start":{"line":1914,"column":11},"end":{"line":1919,"column":7}},"445":{"start":{"line":1915,"column":8},"end":{"line":1915,"column":38}},"446":{"start":{"line":1918,"column":8},"end":{"line":1918,"column":55}},"447":{"start":{"line":1922,"column":4},"end":{"line":1925,"column":7}},"448":{"start":{"line":1923,"column":6},"end":{"line":1923,"column":33}},"449":{"start":{"line":1924,"column":6},"end":{"line":1924,"column":34}},"450":{"start":{"line":1940,"column":4},"end":{"line":1943,"column":7}},"451":{"start":{"line":1950,"column":4},"end":{"line":1950,"column":21}},"452":{"start":{"line":1952,"column":4},"end":{"line":1952,"column":53}},"453":{"start":{"line":1953,"column":4},"end":{"line":1955,"column":5}},"454":{"start":{"line":1954,"column":6},"end":{"line":1954,"column":54}},"455":{"start":{"line":1957,"column":4},"end":{"line":1957,"column":34}},"456":{"start":{"line":1959,"column":4},"end":{"line":1959,"column":26}},"457":{"start":{"line":1961,"column":4},"end":{"line":1961,"column":16}},"458":{"start":{"line":1970,"column":4},"end":{"line":1973,"column":5}},"459":{"start":{"line":1971,"column":6},"end":{"line":1971,"column":31}},"460":{"start":{"line":1972,"column":6},"end":{"line":1972,"column":41}},"461":{"start":{"line":1974,"column":4},"end":{"line":1974,"column":65}},"462":{"start":{"line":1986,"column":0},"end":{"line":2021,"column":3}},"463":{"start":{"line":2002,"column":4},"end":{"line":2002,"column":39}},"464":{"start":{"line":2003,"column":4},"end":{"line":2003,"column":36}},"465":{"start":{"line":2010,"column":4},"end":{"line":2010,"column":21}},"466":{"start":{"line":2012,"column":4},"end":{"line":2012,"column":42}},"467":{"start":{"line":2013,"column":4},"end":{"line":2013,"column":52}},"468":{"start":{"line":2014,"column":4},"end":{"line":2014,"column":73}},"469":{"start":{"line":2016,"column":4},"end":{"line":2016,"column":32}},"470":{"start":{"line":2017,"column":4},"end":{"line":2017,"column":28}},"471":{"start":{"line":2019,"column":4},"end":{"line":2019,"column":16}},"472":{"start":{"line":2039,"column":0},"end":{"line":2157,"column":3}},"473":{"start":{"line":2058,"column":4},"end":{"line":2058,"column":33}},"474":{"start":{"line":2059,"column":4},"end":{"line":2061,"column":5}},"475":{"start":{"line":2060,"column":6},"end":{"line":2060,"column":44}},"476":{"start":{"line":2063,"column":4},"end":{"line":2063,"column":75}},"477":{"start":{"line":2065,"column":4},"end":{"line":2073,"column":21}},"478":{"start":{"line":2067,"column":20},"end":{"line":2067,"column":61}},"479":{"start":{"line":2068,"column":20},"end":{"line":2072,"column":21}},"480":{"start":{"line":2069,"column":22},"end":{"line":2071,"column":23}},"481":{"start":{"line":2070,"column":24},"end":{"line":2070,"column":59}},"482":{"start":{"line":2074,"column":4},"end":{"line":2074,"column":69}},"483":{"start":{"line":2075,"column":4},"end":{"line":2075,"column":67}},"484":{"start":{"line":2077,"column":4},"end":{"line":2077,"column":93}},"485":{"start":{"line":2077,"column":68},"end":{"line":2077,"column":93}},"486":{"start":{"line":2078,"column":4},"end":{"line":2078,"column":93}},"487":{"start":{"line":2078,"column":68},"end":{"line":2078,"column":93}},"488":{"start":{"line":2079,"column":4},"end":{"line":2079,"column":97}},"489":{"start":{"line":2079,"column":70},"end":{"line":2079,"column":97}},"490":{"start":{"line":2081,"column":4},"end":{"line":2081,"column":93}},"491":{"start":{"line":2089,"column":4},"end":{"line":2089,"column":64}},"492":{"start":{"line":2090,"column":4},"end":{"line":2090,"column":39}},"493":{"start":{"line":2100,"column":4},"end":{"line":2100,"column":64}},"494":{"start":{"line":2101,"column":4},"end":{"line":2101,"column":68}},"495":{"start":{"line":2101,"column":39},"end":{"line":2101,"column":68}},"496":{"start":{"line":2110,"column":4},"end":{"line":2110,"column":23}},"497":{"start":{"line":2112,"column":4},"end":{"line":2112,"column":29}},"498":{"start":{"line":2113,"column":4},"end":{"line":2113,"column":37}},"499":{"start":{"line":2114,"column":4},"end":{"line":2114,"column":32}},"500":{"start":{"line":2116,"column":4},"end":{"line":2120,"column":5}},"501":{"start":{"line":2117,"column":6},"end":{"line":2119,"column":55}},"502":{"start":{"line":2117,"column":51},"end":{"line":2117,"column":96}},"503":{"start":{"line":2118,"column":11},"end":{"line":2119,"column":55}},"504":{"start":{"line":2118,"column":57},"end":{"line":2118,"column":94}},"505":{"start":{"line":2119,"column":11},"end":{"line":2119,"column":55}},"506":{"start":{"line":2122,"column":4},"end":{"line":2125,"column":5}},"507":{"start":{"line":2123,"column":6},"end":{"line":2124,"column":55}},"508":{"start":{"line":2123,"column":51},"end":{"line":2123,"column":96}},"509":{"start":{"line":2124,"column":11},"end":{"line":2124,"column":55}},"510":{"start":{"line":2127,"column":4},"end":{"line":2127,"column":83}},"511":{"start":{"line":2128,"column":4},"end":{"line":2132,"column":5}},"512":{"start":{"line":2129,"column":6},"end":{"line":2129,"column":44}},"513":{"start":{"line":2130,"column":6},"end":{"line":2131,"column":35}},"514":{"start":{"line":2130,"column":33},"end":{"line":2130,"column":58}},"515":{"start":{"line":2131,"column":11},"end":{"line":2131,"column":35}},"516":{"start":{"line":2140,"column":4},"end":{"line":2140,"column":21}},"517":{"start":{"line":2141,"column":4},"end":{"line":2141,"column":29}},"518":{"start":{"line":2142,"column":4},"end":{"line":2142,"column":83}},"519":{"start":{"line":2143,"column":4},"end":{"line":2143,"column":14}},"520":{"start":{"line":2144,"column":4},"end":{"line":2148,"column":5}},"521":{"start":{"line":2145,"column":6},"end":{"line":2145,"column":86}},"522":{"start":{"line":2147,"column":6},"end":{"line":2147,"column":59}},"523":{"start":{"line":2150,"column":4},"end":{"line":2150,"column":27}},"524":{"start":{"line":2151,"column":4},"end":{"line":2151,"column":42}},"525":{"start":{"line":2152,"column":4},"end":{"line":2152,"column":47}},"526":{"start":{"line":2153,"column":4},"end":{"line":2153,"column":26}},"527":{"start":{"line":2154,"column":4},"end":{"line":2154,"column":16}},"528":{"start":{"line":2165,"column":0},"end":{"line":2194,"column":3}},"529":{"start":{"line":2182,"column":4},"end":{"line":2182,"column":61}},"530":{"start":{"line":2186,"column":4},"end":{"line":2186,"column":82}},"531":{"start":{"line":2187,"column":4},"end":{"line":2190,"column":7}},"532":{"start":{"line":2191,"column":4},"end":{"line":2191,"column":22}},"533":{"start":{"line":2203,"column":0},"end":{"line":2249,"column":3}},"534":{"start":{"line":2219,"column":4},"end":{"line":2219,"column":35}},"535":{"start":{"line":2220,"column":4},"end":{"line":2222,"column":5}},"536":{"start":{"line":2221,"column":6},"end":{"line":2221,"column":47}},"537":{"start":{"line":2224,"column":4},"end":{"line":2227,"column":7}},"538":{"start":{"line":2234,"column":4},"end":{"line":2234,"column":43}},"539":{"start":{"line":2235,"column":4},"end":{"line":2235,"column":26}},"540":{"start":{"line":2236,"column":4},"end":{"line":2236,"column":16}},"541":{"start":{"line":2245,"column":4},"end":{"line":2245,"column":47}},"542":{"start":{"line":2246,"column":4},"end":{"line":2246,"column":65}},"543":{"start":{"line":2266,"column":0},"end":{"line":2634,"column":3}},"544":{"start":{"line":2287,"column":4},"end":{"line":2287,"column":35}},"545":{"start":{"line":2288,"column":4},"end":{"line":2290,"column":5}},"546":{"start":{"line":2289,"column":6},"end":{"line":2289,"column":47}},"547":{"start":{"line":2292,"column":4},"end":{"line":2292,"column":34}},"548":{"start":{"line":2293,"column":4},"end":{"line":2300,"column":13}},"549":{"start":{"line":2294,"column":6},"end":{"line":2297,"column":9}},"550":{"start":{"line":2299,"column":6},"end":{"line":2299,"column":17}},"551":{"start":{"line":2302,"column":4},"end":{"line":2302,"column":39}},"552":{"start":{"line":2303,"column":4},"end":{"line":2303,"column":33}},"553":{"start":{"line":2305,"column":4},"end":{"line":2305,"column":37}},"554":{"start":{"line":2306,"column":4},"end":{"line":2306,"column":53}},"555":{"start":{"line":2307,"column":4},"end":{"line":2307,"column":56}},"556":{"start":{"line":2308,"column":4},"end":{"line":2308,"column":52}},"557":{"start":{"line":2309,"column":4},"end":{"line":2309,"column":53}},"558":{"start":{"line":2310,"column":4},"end":{"line":2310,"column":58}},"559":{"start":{"line":2311,"column":4},"end":{"line":2311,"column":70}},"560":{"start":{"line":2315,"column":4},"end":{"line":2320,"column":5}},"561":{"start":{"line":2316,"column":6},"end":{"line":2319,"column":10}},"562":{"start":{"line":2348,"column":4},"end":{"line":2348,"column":67}},"563":{"start":{"line":2348,"column":42},"end":{"line":2348,"column":67}},"564":{"start":{"line":2351,"column":4},"end":{"line":2354,"column":5}},"565":{"start":{"line":2352,"column":6},"end":{"line":2352,"column":57}},"566":{"start":{"line":2353,"column":6},"end":{"line":2353,"column":13}},"567":{"start":{"line":2356,"column":4},"end":{"line":2359,"column":7}},"568":{"start":{"line":2361,"column":4},"end":{"line":2361,"column":42}},"569":{"start":{"line":2362,"column":4},"end":{"line":2362,"column":36}},"570":{"start":{"line":2364,"column":4},"end":{"line":2364,"column":23}},"571":{"start":{"line":2365,"column":4},"end":{"line":2365,"column":35}},"572":{"start":{"line":2366,"column":4},"end":{"line":2366,"column":34}},"573":{"start":{"line":2368,"column":4},"end":{"line":2373,"column":5}},"574":{"start":{"line":2369,"column":6},"end":{"line":2369,"column":25}},"575":{"start":{"line":2372,"column":6},"end":{"line":2372,"column":41}},"576":{"start":{"line":2375,"column":4},"end":{"line":2375,"column":16}},"577":{"start":{"line":2405,"column":4},"end":{"line":2409,"column":5}},"578":{"start":{"line":2406,"column":6},"end":{"line":2406,"column":60}},"579":{"start":{"line":2407,"column":6},"end":{"line":2407,"column":35}},"580":{"start":{"line":2408,"column":6},"end":{"line":2408,"column":13}},"581":{"start":{"line":2411,"column":4},"end":{"line":2413,"column":5}},"582":{"start":{"line":2412,"column":6},"end":{"line":2412,"column":40}},"583":{"start":{"line":2415,"column":4},"end":{"line":2415,"column":39}},"584":{"start":{"line":2416,"column":4},"end":{"line":2416,"column":33}},"585":{"start":{"line":2418,"column":4},"end":{"line":2418,"column":16}},"586":{"start":{"line":2427,"column":4},"end":{"line":2429,"column":5}},"587":{"start":{"line":2428,"column":6},"end":{"line":2428,"column":28}},"588":{"start":{"line":2431,"column":4},"end":{"line":2438,"column":13}},"589":{"start":{"line":2432,"column":6},"end":{"line":2435,"column":9}},"590":{"start":{"line":2437,"column":6},"end":{"line":2437,"column":17}},"591":{"start":{"line":2439,"column":4},"end":{"line":2439,"column":33}},"592":{"start":{"line":2441,"column":4},"end":{"line":2441,"column":18}},"593":{"start":{"line":2443,"column":4},"end":{"line":2443,"column":54}},"594":{"start":{"line":2445,"column":4},"end":{"line":2445,"column":16}},"595":{"start":{"line":2454,"column":4},"end":{"line":2454,"column":21}},"596":{"start":{"line":2456,"column":4},"end":{"line":2456,"column":53}},"597":{"start":{"line":2457,"column":4},"end":{"line":2460,"column":5}},"598":{"start":{"line":2458,"column":6},"end":{"line":2458,"column":29}},"599":{"start":{"line":2459,"column":6},"end":{"line":2459,"column":44}},"600":{"start":{"line":2462,"column":4},"end":{"line":2462,"column":34}},"601":{"start":{"line":2464,"column":4},"end":{"line":2464,"column":26}},"602":{"start":{"line":2466,"column":4},"end":{"line":2466,"column":16}},"603":{"start":{"line":2475,"column":4},"end":{"line":2478,"column":5}},"604":{"start":{"line":2476,"column":6},"end":{"line":2476,"column":29}},"605":{"start":{"line":2477,"column":6},"end":{"line":2477,"column":39}},"606":{"start":{"line":2479,"column":4},"end":{"line":2479,"column":65}},"607":{"start":{"line":2504,"column":4},"end":{"line":2506,"column":5}},"608":{"start":{"line":2505,"column":6},"end":{"line":2505,"column":91}},"609":{"start":{"line":2508,"column":4},"end":{"line":2508,"column":76}},"610":{"start":{"line":2508,"column":28},"end":{"line":2508,"column":76}},"611":{"start":{"line":2510,"column":4},"end":{"line":2510,"column":37}},"612":{"start":{"line":2512,"column":4},"end":{"line":2512,"column":14}},"613":{"start":{"line":2513,"column":4},"end":{"line":2515,"column":22}},"614":{"start":{"line":2513,"column":35},"end":{"line":2513,"column":46}},"615":{"start":{"line":2514,"column":9},"end":{"line":2515,"column":22}},"616":{"start":{"line":2514,"column":41},"end":{"line":2514,"column":51}},"617":{"start":{"line":2515,"column":9},"end":{"line":2515,"column":22}},"618":{"start":{"line":2517,"column":4},"end":{"line":2522,"column":44}},"619":{"start":{"line":2521,"column":43},"end":{"line":2521,"column":81}},"620":{"start":{"line":2524,"column":4},"end":{"line":2548,"column":5}},"621":{"start":{"line":2527,"column":6},"end":{"line":2528,"column":61}},"622":{"start":{"line":2530,"column":6},"end":{"line":2542,"column":10}},"623":{"start":{"line":2534,"column":8},"end":{"line":2536,"column":9}},"624":{"start":{"line":2535,"column":10},"end":{"line":2535,"column":60}},"625":{"start":{"line":2537,"column":8},"end":{"line":2537,"column":41}},"626":{"start":{"line":2538,"column":8},"end":{"line":2538,"column":77}},"627":{"start":{"line":2540,"column":11},"end":{"line":2542,"column":10}},"628":{"start":{"line":2541,"column":8},"end":{"line":2541,"column":77}},"629":{"start":{"line":2545,"column":6},"end":{"line":2545,"column":41}},"630":{"start":{"line":2546,"column":6},"end":{"line":2546,"column":24}},"631":{"start":{"line":2547,"column":6},"end":{"line":2547,"column":75}},"632":{"start":{"line":2550,"column":4},"end":{"line":2550,"column":39}},"633":{"start":{"line":2552,"column":4},"end":{"line":2552,"column":16}},"634":{"start":{"line":2557,"column":4},"end":{"line":2568,"column":6}},"635":{"start":{"line":2559,"column":6},"end":{"line":2559,"column":57}},"636":{"start":{"line":2562,"column":6},"end":{"line":2562,"column":43}},"637":{"start":{"line":2562,"column":23},"end":{"line":2562,"column":43}},"638":{"start":{"line":2565,"column":6},"end":{"line":2566,"column":32}},"639":{"start":{"line":2565,"column":19},"end":{"line":2565,"column":28}},"640":{"start":{"line":2566,"column":11},"end":{"line":2566,"column":32}},"641":{"start":{"line":2566,"column":22},"end":{"line":2566,"column":32}},"642":{"start":{"line":2567,"column":6},"end":{"line":2567,"column":15}},"643":{"start":{"line":2586,"column":4},"end":{"line":2586,"column":43}},"644":{"start":{"line":2587,"column":4},"end":{"line":2587,"column":41}},"645":{"start":{"line":2588,"column":4},"end":{"line":2588,"column":41}},"646":{"start":{"line":2590,"column":4},"end":{"line":2590,"column":41}},"647":{"start":{"line":2592,"column":4},"end":{"line":2630,"column":5}},"648":{"start":{"line":2594,"column":6},"end":{"line":2594,"column":34}},"649":{"start":{"line":2595,"column":6},"end":{"line":2595,"column":49}},"650":{"start":{"line":2597,"column":6},"end":{"line":2629,"column":7}},"651":{"start":{"line":2598,"column":8},"end":{"line":2598,"column":44}},"652":{"start":{"line":2599,"column":8},"end":{"line":2599,"column":31}},"653":{"start":{"line":2600,"column":8},"end":{"line":2607,"column":56}},"654":{"start":{"line":2601,"column":10},"end":{"line":2601,"column":30}},"655":{"start":{"line":2602,"column":10},"end":{"line":2605,"column":11}},"656":{"start":{"line":2603,"column":12},"end":{"line":2603,"column":33}},"657":{"start":{"line":2604,"column":12},"end":{"line":2604,"column":56}},"658":{"start":{"line":2607,"column":13},"end":{"line":2607,"column":56}},"659":{"start":{"line":2609,"column":11},"end":{"line":2629,"column":7}},"660":{"start":{"line":2610,"column":8},"end":{"line":2610,"column":40}},"661":{"start":{"line":2611,"column":8},"end":{"line":2624,"column":9}},"662":{"start":{"line":2614,"column":10},"end":{"line":2614,"column":29}},"663":{"start":{"line":2615,"column":10},"end":{"line":2615,"column":29}},"664":{"start":{"line":2616,"column":10},"end":{"line":2616,"column":39}},"665":{"start":{"line":2617,"column":10},"end":{"line":2617,"column":94}},"666":{"start":{"line":2618,"column":10},"end":{"line":2618,"column":85}},"667":{"start":{"line":2619,"column":10},"end":{"line":2623,"column":11}},"668":{"start":{"line":2620,"column":12},"end":{"line":2620,"column":33}},"669":{"start":{"line":2621,"column":12},"end":{"line":2621,"column":56}},"670":{"start":{"line":2622,"column":12},"end":{"line":2622,"column":18}},"671":{"start":{"line":2626,"column":8},"end":{"line":2628,"column":9}},"672":{"start":{"line":2627,"column":10},"end":{"line":2627,"column":79}},"673":{"start":{"line":2632,"column":4},"end":{"line":2632,"column":16}},"674":{"start":{"line":2652,"column":0},"end":{"line":2674,"column":3}},"675":{"start":{"line":2668,"column":4},"end":{"line":2668,"column":35}},"676":{"start":{"line":2669,"column":4},"end":{"line":2671,"column":5}},"677":{"start":{"line":2670,"column":6},"end":{"line":2670,"column":56}},"678":{"start":{"line":2731,"column":0},"end":{"line":2881,"column":3}},"679":{"start":{"line":2762,"column":4},"end":{"line":2764,"column":5}},"680":{"start":{"line":2763,"column":6},"end":{"line":2763,"column":53}},"681":{"start":{"line":2765,"column":4},"end":{"line":2765,"column":35}},"682":{"start":{"line":2767,"column":4},"end":{"line":2768,"column":78}},"683":{"start":{"line":2771,"column":4},"end":{"line":2771,"column":42}},"684":{"start":{"line":2772,"column":4},"end":{"line":2772,"column":47}},"685":{"start":{"line":2774,"column":4},"end":{"line":2774,"column":48}},"686":{"start":{"line":2775,"column":4},"end":{"line":2777,"column":5}},"687":{"start":{"line":2776,"column":6},"end":{"line":2776,"column":53}},"688":{"start":{"line":2779,"column":4},"end":{"line":2779,"column":48}},"689":{"start":{"line":2780,"column":4},"end":{"line":2782,"column":5}},"690":{"start":{"line":2781,"column":6},"end":{"line":2781,"column":53}},"691":{"start":{"line":2784,"column":4},"end":{"line":2793,"column":7}},"692":{"start":{"line":2785,"column":6},"end":{"line":2787,"column":7}},"693":{"start":{"line":2786,"column":8},"end":{"line":2786,"column":78}},"694":{"start":{"line":2788,"column":6},"end":{"line":2788,"column":72}},"695":{"start":{"line":2789,"column":6},"end":{"line":2791,"column":7}},"696":{"start":{"line":2790,"column":8},"end":{"line":2790,"column":78}},"697":{"start":{"line":2792,"column":6},"end":{"line":2792,"column":20}},"698":{"start":{"line":2800,"column":4},"end":{"line":2800,"column":52}},"699":{"start":{"line":2801,"column":4},"end":{"line":2801,"column":16}},"700":{"start":{"line":2808,"column":4},"end":{"line":2808,"column":52}},"701":{"start":{"line":2809,"column":4},"end":{"line":2809,"column":16}},"702":{"start":{"line":2820,"column":4},"end":{"line":2820,"column":52}},"703":{"start":{"line":2821,"column":4},"end":{"line":2821,"column":16}},"704":{"start":{"line":2832,"column":4},"end":{"line":2832,"column":55}},"705":{"start":{"line":2833,"column":4},"end":{"line":2833,"column":16}},"706":{"start":{"line":2840,"column":4},"end":{"line":2840,"column":47}},"707":{"start":{"line":2841,"column":4},"end":{"line":2841,"column":16}},"708":{"start":{"line":2850,"column":4},"end":{"line":2850,"column":21}},"709":{"start":{"line":2852,"column":4},"end":{"line":2854,"column":5}},"710":{"start":{"line":2853,"column":6},"end":{"line":2853,"column":48}},"711":{"start":{"line":2856,"column":4},"end":{"line":2858,"column":5}},"712":{"start":{"line":2857,"column":6},"end":{"line":2857,"column":48}},"713":{"start":{"line":2860,"column":4},"end":{"line":2860,"column":44}},"714":{"start":{"line":2862,"column":4},"end":{"line":2862,"column":26}},"715":{"start":{"line":2864,"column":4},"end":{"line":2864,"column":44}},"716":{"start":{"line":2866,"column":4},"end":{"line":2866,"column":16}},"717":{"start":{"line":2875,"column":4},"end":{"line":2875,"column":68}},"718":{"start":{"line":2876,"column":4},"end":{"line":2876,"column":49}},"719":{"start":{"line":2877,"column":4},"end":{"line":2877,"column":68}},"720":{"start":{"line":2878,"column":4},"end":{"line":2878,"column":65}},"721":{"start":{"line":2882,"column":0},"end":{"line":2882,"column":16}}},"branchMap":{"1":{"line":12,"type":"if","locations":[{"start":{"line":12,"column":2},"end":{"line":12,"column":2}},{"start":{"line":12,"column":2},"end":{"line":12,"column":2}}]},"2":{"line":38,"type":"if","locations":[{"start":{"line":38,"column":0},"end":{"line":38,"column":0}},{"start":{"line":38,"column":0},"end":{"line":38,"column":0}}]},"3":{"line":38,"type":"binary-expr","locations":[{"start":{"line":38,"column":4},"end":{"line":38,"column":26}},{"start":{"line":38,"column":30},"end":{"line":38,"column":39}}]},"4":{"line":45,"type":"if","locations":[{"start":{"line":45,"column":4},"end":{"line":45,"column":4}},{"start":{"line":45,"column":4},"end":{"line":45,"column":4}}]},"5":{"line":45,"type":"binary-expr","locations":[{"start":{"line":45,"column":8},"end":{"line":45,"column":26}},{"start":{"line":45,"column":30},"end":{"line":45,"column":43}}]},"6":{"line":56,"type":"cond-expr","locations":[{"start":{"line":56,"column":33},"end":{"line":56,"column":34}},{"start":{"line":56,"column":37},"end":{"line":56,"column":47}}]},"7":{"line":71,"type":"if","locations":[{"start":{"line":71,"column":4},"end":{"line":71,"column":4}},{"start":{"line":71,"column":4},"end":{"line":71,"column":4}}]},"8":{"line":75,"type":"binary-expr","locations":[{"start":{"line":75,"column":18},"end":{"line":75,"column":31}},{"start":{"line":75,"column":35},"end":{"line":75,"column":58}}]},"9":{"line":76,"type":"if","locations":[{"start":{"line":76,"column":6},"end":{"line":76,"column":6}},{"start":{"line":76,"column":6},"end":{"line":76,"column":6}}]},"10":{"line":87,"type":"if","locations":[{"start":{"line":87,"column":4},"end":{"line":87,"column":4}},{"start":{"line":87,"column":4},"end":{"line":87,"column":4}}]},"11":{"line":91,"type":"cond-expr","locations":[{"start":{"line":91,"column":48},"end":{"line":91,"column":52}},{"start":{"line":91,"column":55},"end":{"line":91,"column":57}}]},"12":{"line":142,"type":"binary-expr","locations":[{"start":{"line":142,"column":33},"end":{"line":142,"column":46}},{"start":{"line":142,"column":50},"end":{"line":142,"column":68}}]},"13":{"line":148,"type":"binary-expr","locations":[{"start":{"line":148,"column":34},"end":{"line":148,"column":48}},{"start":{"line":148,"column":52},"end":{"line":148,"column":70}}]},"14":{"line":167,"type":"binary-expr","locations":[{"start":{"line":167,"column":13},"end":{"line":167,"column":26}},{"start":{"line":167,"column":30},"end":{"line":167,"column":45}},{"start":{"line":167,"column":49},"end":{"line":167,"column":64}},{"start":{"line":168,"column":13},"end":{"line":168,"column":29}},{"start":{"line":168,"column":33},"end":{"line":168,"column":44}},{"start":{"line":168,"column":48},"end":{"line":168,"column":61}}]},"15":{"line":236,"type":"binary-expr","locations":[{"start":{"line":236,"column":32},"end":{"line":236,"column":39}},{"start":{"line":236,"column":43},"end":{"line":236,"column":45}}]},"16":{"line":238,"type":"if","locations":[{"start":{"line":238,"column":2},"end":{"line":238,"column":2}},{"start":{"line":238,"column":2},"end":{"line":238,"column":2}}]},"17":{"line":238,"type":"binary-expr","locations":[{"start":{"line":238,"column":6},"end":{"line":238,"column":23}},{"start":{"line":238,"column":27},"end":{"line":238,"column":45}}]},"18":{"line":277,"type":"if","locations":[{"start":{"line":277,"column":4},"end":{"line":277,"column":4}},{"start":{"line":277,"column":4},"end":{"line":277,"column":4}}]},"19":{"line":277,"type":"binary-expr","locations":[{"start":{"line":277,"column":8},"end":{"line":277,"column":24}},{"start":{"line":277,"column":28},"end":{"line":277,"column":49}}]},"20":{"line":283,"type":"cond-expr","locations":[{"start":{"line":283,"column":33},"end":{"line":283,"column":74}},{"start":{"line":283,"column":77},"end":{"line":283,"column":79}}]},"21":{"line":283,"type":"binary-expr","locations":[{"start":{"line":283,"column":34},"end":{"line":283,"column":55}},{"start":{"line":283,"column":59},"end":{"line":283,"column":62}}]},"22":{"line":301,"type":"if","locations":[{"start":{"line":301,"column":4},"end":{"line":301,"column":4}},{"start":{"line":301,"column":4},"end":{"line":301,"column":4}}]},"23":{"line":316,"type":"if","locations":[{"start":{"line":316,"column":4},"end":{"line":316,"column":4}},{"start":{"line":316,"column":4},"end":{"line":316,"column":4}}]},"24":{"line":321,"type":"if","locations":[{"start":{"line":321,"column":4},"end":{"line":321,"column":4}},{"start":{"line":321,"column":4},"end":{"line":321,"column":4}}]},"25":{"line":321,"type":"binary-expr","locations":[{"start":{"line":321,"column":8},"end":{"line":321,"column":26}},{"start":{"line":321,"column":30},"end":{"line":321,"colum
[...]
n":8},"end":{"line":933,"column":22}},{"start":{"line":933,"column":26},"end":{"line":933,"column":71}}]},"95":{"line":956,"type":"if","locations":[{"start":{"line":956,"column":4},"end":{"line":956,"column":4}},{"start":{"line":956,"column":4},"end":{"line":956,"column":4}}]},"96":{"line":1010,"type":"binary-expr","locations":[{"start":{"line":1010,"column":17},"end":{"line":1010,"column":30}},{"start":{"line":1010,"column":34},"end":{"line":1010,"column":44}}]},"97":{"line":1011,"type":"binary-expr","locations":[{"start":{"line":1011,"column":18},"end":{"line":1011,"column":32}},{"start":{"line":1011,"column":36},"end":{"line":1011,"column":47}}]},"98":{"line":1021,"type":"binary-expr","locations":[{"start":{"line":1021,"column":13},"end":{"line":1021,"column":23}},{"start":{"line":1021,"column":27},"end":{"line":1021,"column":41}}]},"99":{"line":1210,"type":"cond-expr","locations":[{"start":{"line":1210,"column":41},"end":{"line":1210,"column":53}},{"start":{"line":1210,"column":56},"end":{"line":1210,"column":58}}]},"100":{"line":1211,"type":"cond-expr","locations":[{"start":{"line":1211,"column":60},"end":{"line":1211,"column":63}},{"start":{"line":1211,"column":66},"end":{"line":1211,"column":68}}]},"101":{"line":1211,"type":"binary-expr","locations":[{"start":{"line":1211,"column":20},"end":{"line":1211,"column":36}},{"start":{"line":1211,"column":40},"end":{"line":1211,"column":56}}]},"102":{"line":1212,"type":"cond-expr","locations":[{"start":{"line":1212,"column":38},"end":{"line":1212,"column":48}},{"start":{"line":1212,"column":51},"end":{"line":1212,"column":53}}]},"103":{"line":1213,"type":"cond-expr","locations":[{"start":{"line":1213,"column":61},"end":{"line":1213,"column":67}},{"start":{"line":1213,"column":70},"end":{"line":1213,"column":72}}]},"104":{"line":1213,"type":"binary-expr","locations":[{"start":{"line":1213,"column":20},"end":{"line":1213,"column":36}},{"start":{"line":1213,"column":40},"end":{"line":1213,"column":57}}]},"105":{"line":1302,"type":"if","locations":[{"start":{"line":1302,"column":4},"end":{"line":1302,"column":4}},{"start":{"line":1302,"column":4},"end":{"line":1302,"column":4}}]},"106":{"line":1319,"type":"if","locations":[{"start":{"line":1319,"column":4},"end":{"line":1319,"column":4}},{"start":{"line":1319,"column":4},"end":{"line":1319,"column":4}}]},"107":{"line":1319,"type":"binary-expr","locations":[{"start":{"line":1319,"column":8},"end":{"line":1319,"column":26}},{"start":{"line":1319,"column":30},"end":{"line":1319,"column":48}}]},"108":{"line":1320,"type":"if","locations":[{"start":{"line":1320,"column":4},"end":{"line":1320,"column":4}},{"start":{"line":1320,"column":4},"end":{"line":1320,"column":4}}]},"109":{"line":1326,"type":"if","locations":[{"start":{"line":1326,"column":4},"end":{"line":1326,"column":4}},{"start":{"line":1326,"column":4},"end":{"line":1326,"column":4}}]},"110":{"line":1326,"type":"binary-expr","locations":[{"start":{"line":1326,"column":8},"end":{"line":1326,"column":22}},{"start":{"line":1326,"column":26},"end":{"line":1326,"column":44}},{"start":{"line":1326,"column":48},"end":{"line":1326,"column":67}},{"start":{"line":1326,"column":71},"end":{"line":1326,"column":87}},{"start":{"line":1327,"column":8},"end":{"line":1327,"column":26}}]},"111":{"line":1334,"type":"if","locations":[{"start":{"line":1334,"column":9},"end":{"line":1334,"column":9}},{"start":{"line":1334,"column":9},"end":{"line":1334,"column":9}}]},"112":{"line":1440,"type":"if","locations":[{"start":{"line":1440,"column":4},"end":{"line":1440,"column":4}},{"start":{"line":1440,"column":4},"end":{"line":1440,"column":4}}]},"113":{"line":1451,"type":"if","locations":[{"start":{"line":1451,"column":6},"end":{"line":1451,"column":6}},{"start":{"line":1451,"column":6},"end":{"line":1451,"column":6}}]},"114":{"line":1461,"type":"if","locations":[{"start":{"line":1461,"column":11},"end":{"line":1461,"column":11}},{"start":{"line":1461,"column":11},"end":{"line":1461,"column":11}}]},"115":{"line":1494,"type":"if","locations":[{"start":{"line":1494,"column":4},"end":{"line":1494,"column":4}},{"start":{"line":1494,"column":4},"end":{"line":1494,"column":4}}]},"116":{"line":1498,"type":"if","locations":[{"start":{"line":1498,"column":9},"end":{"line":1498,"column":9}},{"start":{"line":1498,"column":9},"end":{"line":1498,"column":9}}]},"117":{"line":1498,"type":"binary-expr","locations":[{"start":{"line":1498,"column":13},"end":{"line":1498,"column":27}},{"start":{"line":1498,"column":31},"end":{"line":1498,"column":49}},{"start":{"line":1498,"column":53},"end":{"line":1498,"column":72}},{"start":{"line":1499,"column":13},"end":{"line":1499,"column":29}},{"start":{"line":1499,"column":33},"end":{"line":1499,"column":51}},{"start":{"line":1499,"column":55},"end":{"line":1499,"column":71}}]},"118":{"line":1575,"type":"if","locations":[{"start":{"line":1575,"column":6},"end":{"line":1575,"column":6}},{"start":{"line":1575,"column":6},"end":{"line":1575,"column":6}}]},"119":{"line":1597,"type":"if","locations":[{"start":{"line":1597,"column":6},"end":{"line":1597,"column":6}},{"start":{"line":1597,"column":6},"end":{"line":1597,"column":6}}]},"120":{"line":1597,"type":"binary-expr","locations":[{"start":{"line":1597,"column":10},"end":{"line":1597,"column":34}},{"start":{"line":1597,"column":38},"end":{"line":1597,"column":61}}]},"121":{"line":1605,"type":"if","locations":[{"start":{"line":1605,"column":10},"end":{"line":1605,"column":10}},{"start":{"line":1605,"column":10},"end":{"line":1605,"column":10}}]},"122":{"line":1609,"type":"if","locations":[{"start":{"line":1609,"column":12},"end":{"line":1609,"column":12}},{"start":{"line":1609,"column":12},"end":{"line":1609,"column":12}}]},"123":{"line":1611,"type":"if","locations":[{"start":{"line":1611,"column":15},"end":{"line":1611,"column":15}},{"start":{"line":1611,"column":15},"end":{"line":1611,"column":15}}]},"124":{"line":1616,"type":"if","locations":[{"start":{"line":1616,"column":14},"end":{"line":1616,"column":14}},{"start":{"line":1616,"column":14},"end":{"line":1616,"column":14}}]},"125":{"line":1630,"type":"if","locations":[{"start":{"line":1630,"column":6},"end":{"line":1630,"column":6}},{"start":{"line":1630,"column":6},"end":{"line":1630,"column":6}}]},"126":{"line":1784,"type":"if","locations":[{"start":{"line":1784,"column":4},"end":{"line":1784,"column":4}},{"start":{"line":1784,"column":4},"end":{"line":1784,"column":4}}]},"127":{"line":1809,"type":"if","locations":[{"start":{"line":1809,"column":4},"end":{"line":1809,"column":4}},{"start":{"line":1809,"column":4},"end":{"line":1809,"column":4}}]},"128":{"line":1810,"type":"if","locations":[{"start":{"line":1810,"column":9},"end":{"line":1810,"column":9}},{"start":{"line":1810,"column":9},"end":{"line":1810,"column":9}}]},"129":{"line":1842,"type":"if","locations":[{"start":{"line":1842,"column":4},"end":{"line":1842,"column":4}},{"start":{"line":1842,"column":4},"end":{"line":1842,"column":4}}]},"130":{"line":1843,"type":"if","locations":[{"start":{"line":1843,"column":9},"end":{"line":1843,"column":9}},{"start":{"line":1843,"column":9},"end":{"line":1843,"column":9}}]},"131":{"line":1896,"type":"if","locations":[{"start":{"line":1896,"column":4},"end":{"line":1896,"column":4}},{"start":{"line":1896,"column":4},"end":{"line":1896,"column":4}}]},"132":{"line":1911,"type":"if","locations":[{"start":{"line":1911,"column":6},"end":{"line":1911,"column":6}},{"start":{"line":1911,"column":6},"end":{"line":1911,"column":6}}]},"133":{"line":1914,"type":"if","locations":[{"start":{"line":1914,"column":11},"end":{"line":1914,"column":11}},{"start":{"line":1914,"column":11},"end":{"line":1914,"column":11}}]},"134":{"line":2059,"type":"if","locations":[{"start":{"line":2059,"column":4},"end":{"line":2059,"column":4}},{"start":{"line":2059,"column":4},"end":{"line":2059,"column":4}}]},"135":{"line":2069,"type":"if","locations":[{"start":{"line":2069,"column":22},"end":{"line":2069,"column":22}},{"start":{"line":2069,"column":22},"end":{"line":2069,"column":22}}]},"136":{"line":2077,"type":"if","locations":[{"start":{"line":2077,"column":4},"end":{"line":2077,"column":4}},{"start":{"line":2077,"column":4},"end":{"line":2077,"column":4}}]},"137":{"line":2078,"type":"if","locations":[{"start":{"line":2078,"column":4},"end":{"line":2078,"column":4}},{"start":{"line":2078,"column":4},"end":{"line":2078,"column":4}}]},"138":{"line":2079,"type":"if","locations":[{"start":{"line":2079,"column":4},"end":{"line":2079,"column":4}},{"start":{"line":2079,"column":4},"end":{"line":2079,"column":4}}]},"139":{"line":2081,"type":"binary-expr","locations":[{"start":{"line":2081,"column":18},"end":{"line":2081,"column":43}},{"start":{"line":2081,"column":47},"end":{"line":2081,"column":57}}]},"140":{"line":2101,"type":"if","locations":[{"start":{"line":2101,"column":4},"end":{"line":2101,"column":4}},{"start":{"line":2101,"column":4},"end":{"line":2101,"column":4}}]},"141":{"line":2117,"type":"if","locations":[{"start":{"line":2117,"column":6},"end":{"line":2117,"column":6}},{"start":{"line":2117,"column":6},"end":{"line":2117,"column":6}}]},"142":{"line":2118,"type":"if","locations":[{"start":{"line":2118,"column":11},"end":{"line":2118,"column":11}},{"start":{"line":2118,"column":11},"end":{"line":2118,"column":11}}]},"143":{"line":2123,"type":"if","locations":[{"start":{"line":2123,"column":6},"end":{"line":2123,"column":6}},{"start":{"line":2123,"column":6},"end":{"line":2123,"column":6}}]},"144":{"line":2128,"type":"if","locations":[{"start":{"line":2128,"column":4},"end":{"line":2128,"column":4}},{"start":{"line":2128,"column":4},"end":{"line":2128,"column":4}}]},"145":{"line":2130,"type":"if","locations":[{"start":{"line":2130,"column":6},"end":{"line":2130,"column":6}},{"start":{"line":2130,"column":6},"end":{"line":2130,"column":6}}]},"146":{"line":2144,"type":"if","locations":[{"start":{"line":2144,"column":4},"end":{"line":2144,"column":4}},{"start":{"line":2144,"column":4},"end":{"line":2144,"column":4}}]},"147":{"line":2186,"type":"binary-expr","locations":[{"start":{"line":2186,"column":21},"end":{"line":2186,"column":45}},{"start":{"line":2186,"column":49},"end":{"line":2186,"column":67}},{"start":{"line":2186,"column":71},"end":{"line":2186,"column":81}}]},"148":{"line":2220,"type":"if","locations":[{"start":{"line":2220,"column":4},"end":{"line":2220,"column":4}},{"start":{"line":2220,"column":4},"end":{"line":2220,"column":4}}]},"149":{"line":2288,"type":"if","locations":[{"start":{"line":2288,"column":4},"end":{"line":2288,"column":4}},{"start":{"line":2288,"column":4},"end":{"line":2288,"column":4}}]},"150":{"line":2292,"type":"binary-expr","locations":[{"start":{"line":2292,"column":15},"end":{"line":2292,"column":26}},{"start":{"line":2292,"column":30},"end":{"line":2292,"column":33}}]},"151":{"line":2315,"type":"if","locations":[{"start":{"line":2315,"column":4},"end":{"line":2315,"column":4}},{"start":{"line":2315,"column":4},"end":{"line":2315,"column":4}}]},"152":{"line":2315,"type":"binary-expr","locations":[{"start":{"line":2315,"column":8},"end":{"line":2315,"column":30}},{"start":{"line":2315,"column":34},"end":{"line":2315,"column":56}}]},"153":{"line":2348,"type":"if","locations":[{"start":{"line":2348,"column":4},"end":{"line":2348,"column":4}},{"start":{"line":2348,"column":4},"end":{"line":2348,"column":4}}]},"154":{"line":2351,"type":"if","locations":[{"start":{"line":2351,"column":4},"end":{"line":2351,"column":4}},{"start":{"line":2351,"column":4},"end":{"line":2351,"column":4}}]},"155":{"line":2351,"type":"binary-expr","locations":[{"start":{"line":2351,"column":8},"end":{"line":2351,"column":52}},{"start":{"line":2351,"column":56},"end":{"line":2351,"column":64}}]},"156":{"line":2368,"type":"if","locations":[{"start":{"line":2368,"column":4},"end":{"line":2368,"column":4}},{"start":{"line":2368,"column":4},"end":{"line":2368,"column":4}}]},"157":{"line":2405,"type":"if","locations":[{"start":{"line":2405,"column":4},"end":{"line":2405,"column":4}},{"start":{"line":2405,"column":4},"end":{"line":2405,"column":4}}]},"158":{"line":2411,"type":"if","locations":[{"start":{"line":2411,"column":4},"end":{"line":2411,"column":4}},{"start":{"line":2411,"column":4},"end":{"line":2411,"column":4}}]},"159":{"line":2411,"type":"binary-expr","locations":[{"start":{"line":2411,"column":8},"end":{"line":2411,"column":37}},{"start":{"line":2411,"column":41},"end":{"line":2411,"column":55}}]},"160":{"line":2504,"type":"if","locations":[{"start":{"line":2504,"column":4},"end":{"line":2504,"column":4}},{"start":{"line":2504,"column":4},"end":{"line":2504,"column":4}}]},"161":{"line":2508,"type":"if","locations":[{"start":{"line":2508,"column":4},"end":{"line":2508,"column":4}},{"start":{"line":2508,"column":4},"end":{"line":2508,"column":4}}]},"162":{"line":2513,"type":"if","locations":[{"start":{"line":2513,"column":4},"end":{"line":2513,"column":4}},{"start":{"line":2513,"column":4},"end":{"line":2513,"column":4}}]},"163":{"line":2514,"type":"if","locations":[{"start":{"line":2514,"column":9},"end":{"line":2514,"column":9}},{"start":{"line":2514,"column":9},"end":{"line":2514,"column":9}}]},"164":{"line":2518,"type":"cond-expr","locations":[{"start":{"line":2519,"column":41},"end":{"line":2519,"column":59}},{"start":{"line":2520,"column":41},"end":{"line":2522,"column":42}}]},"165":{"line":2524,"type":"if","locations":[{"start":{"line":2524,"column":4},"end":{"line":2524,"column":4}},{"start":{"line":2524,"column":4},"end":{"line":2524,"column":4}}]},"166":{"line":2524,"type":"binary-expr","locations":[{"start":{"line":2524,"column":8},"end":{"line":2524,"column":35}},{"start":{"line":2525,"column":8},"end":{"line":2525,"column":57}}]},"167":{"line":2527,"type":"binary-expr","locations":[{"start":{"line":2527,"column":28},"end":{"line":2527,"column":33}},{"start":{"line":2527,"column":37},"end":{"line":2527,"column":55}}]},"168":{"line":2530,"type":"if","locations":[{"start":{"line":2530,"column":6},"end":{"line":2530,"column":6}},{"start":{"line":2530,"column":6},"end":{"line":2530,"column":6}}]},"169":{"line":2534,"type":"if","locations":[{"start":{"line":2534,"column":8},"end":{"line":2534,"column":8}},{"start":{"line":2534,"column":8},"end":{"line":2534,"column":8}}]},"170":{"line":2562,"type":"if","locations":[{"start":{"line":2562,"column":6},"end":{"line":2562,"column":6}},{"start":{"line":2562,"column":6},"end":{"line":2562,"column":6}}]},"171":{"line":2565,"type":"if","locations":[{"start":{"line":2565,"column":6},"end":{"line":2565,"column":6}},{"start":{"line":2565,"column":6},"end":{"line":2565,"column":6}}]},"172":{"line":2566,"type":"if","locations":[{"start":{"line":2566,"column":11},"end":{"line":2566,"column":11}},{"start":{"line":2566,"column":11},"end":{"line":2566,"column":11}}]},"173":{"line":2592,"type":"if","locations":[{"start":{"line":2592,"column":4},"end":{"line":2592,"column":4}},{"start":{"line":2592,"column":4},"end":{"line":2592,"column":4}}]},"174":{"line":2592,"type":"binary-expr","locations":[{"start":{"line":2592,"column":8},"end":{"line":2592,"column":24}},{"start":{"line":2592,"column":28},"end":{"line":2592,"column":46}},{"start":{"line":2592,"column":50},"end":{"line":2592,"column":68}},{"start":{"line":2593,"column":8},"end":{"line":2593,"column":27}},{"start":{"line":2593,"column":31},"end":{"line":2593,"column":45}}]},"175":{"line":2597,"type":"if","locations":[{"start":{"line":2597,"column":6},"end":{"line":2597,"column":6}},{"start":{"line":2597,"column":6},"end":{"line":2597,"column":6}}]},"176":{"line":2597,"type":"binary-expr","locations":[{"start":{"line":2597,"column":10},"end":{"line":2597,"column":26}},{"start":{"line":2597,"column":30},"end":{"line":2597,"column":48}}]},"177":{"line":2598,"type":"cond-expr","locations":[{"start":{"line":2598,"column":36},"end":{"line":2598,"column":38}},{"start":{"line":2598,"column":41},"end":{"line":2598,"column":42}}]},"178":{"line":2600,"type":"if","locations":[{"start":{"line":2600,"column":8},"end":{"line":2600,"column":8}},{"start":{"line":2600,"column":8},"end":{"line":2600,"column":8}}]},"179":{"line":2602,"type":"if","locations":[{"start":{"line":2602,"column":10},"end":{"line":2602,"column":10}},{"start":{"line":2602,"column":10},"end":{"line":2602,"column":10}}]},"180":{"line":2609,"type":"if","locations":[{"start":{"line":2609,"column":11},"end":{"line":2609,"column":11}},{"start":{"line":2609,"column":11},"end":{"line":2609,"column":11}}]},"181":{"line":2609,"type":"binary-expr","locations":[{"start":{"line":2609,"column":15},"end":{"line":2609,"column":33}},{"start":{"line":2609,"column":37},"end":{"line":2609,"column":56}}]},"182":{"line":2612,"type":"binary-expr","locations":[{"start":{"line":2612,"column":13},"end":{"line":2612,"column":24}},{"start":{"line":2612,"column":28},"end":{"line":2612,"column":46}}]},"183":{"line":2613,"type":"cond-expr","locations":[{"start":{"line":2613,"column":21},"end":{"line":2613,"column":29}},{"start":{"line":2613,"column":32},"end":{"line":2613,"column":40}}]},"184":{"line":2619,"type":"if","locations":[{"start":{"line":2619,"column":10},"end":{"line":2619,"column":10}},{"start":{"line":2619,"column":10},"end":{"line":2619,"column":10}}]},"185":{"line":2619,"type":"binary-expr","locations":[{"start":{"line":2619,"column":14},"end":{"line":2619,"column":24}},{"start":{"line":2619,"column":28},"end":{"line":2619,"column":36}}]},"186":{"line":2626,"type":"if","locations":[{"start":{"line":2626,"column":8},"end":{"line":2626,"column":8}},{"start":{"line":2626,"column":8},"end":{"line":2626,"column":8}}]},"187":{"line":2669,"type":"if","locations":[{"start":{"line":2669,"column":4},"end":{"line":2669,"column":4}},{"start":{"line":2669,"column":4},"end":{"line":2669,"column":4}}]},"188":{"line":2762,"type":"if","locations":[{"start":{"line":2762,"column":4},"end":{"line":2762,"column":4}},{"start":{"line":2762,"column":4},"end":{"line":2762,"column":4}}]},"189":{"line":2771,"type":"binary-expr","locations":[{"start":{"line":2771,"column":16},"end":{"line":2771,"column":28}},{"start":{"line":2771,"column":32},"end":{"line":2771,"column":41}}]},"190":{"line":2774,"type":"binary-expr","locations":[{"start":{"line":2774,"column":18},"end":{"line":2774,"column":32}},{"start":{"line":2774,"column":36},"end":{"line":2774,"column":47}}]},"191":{"line":2775,"type":"if","locations":[{"start":{"line":2775,"column":4},"end":{"line":2775,"column":4}},{"start":{"line":2775,"column":4},"end":{"line":2775,"column":4}}]},"192":{"line":2779,"type":"binary-expr","locations":[{"start":{"line":2779,"column":18},"end":{"line":2779,"column":32}},{"start":{"line":2779,"column":36},"end":{"line":2779,"column":47}}]},"193":{"line":2780,"type":"if","locations":[{"start":{"line":2780,"column":4},"end":{"line":2780,"column":4}},{"start":{"line":2780,"column":4},"end":{"line":2780,"column":4}}]},"194":{"line":2785,"type":"if","locations":[{"start":{"line":2785,"column":6},"end":{"line":2785,"column":6}},{"start":{"line":2785,"column":6},"end":{"line":2785,"column":6}}]},"195":{"line":2789,"type":"if","locations":[{"start":{"line":2789,"column":6},"end":{"line":2789,"column":6}},{"start":{"line":2789,"column":6},"end":{"line":2789,"column":6}}]},"196":{"line":2852,"type":"if","locations":[{"start":{"line":2852,"column":4},"end":{"line":2852,"column":4}},{"start":{"line":2852,"column":4},"end":{"line":2852,"column":4}}]},"197":{"line":2856,"type":"if","locations":[{"start":{"line":2856,"column":4},"end":{"line":2856,"column":4}},{"start":{"line":2856,"column":4},"end":{"line":2856,"column":4}}]},"198":{"line":2875,"type":"binary-expr","locations":[{"start":{"line":2875,"column":4},"end":{"line":2875,"column":15}},{"start":{"line":2875,"column":19},"end":{"line":2875,"column":67}}]},"199":{"line":2877,"type":"binary-expr","locations":[{"start":{"line":2877,"column":4},"end":{"line":2877,"column":15}},{"start":{"line":2877,"column":19},"end":{"line":2877,"column":67}}]}}}}