{"lib/backgrid.js":{"path":"lib/backgrid.js","s":{"1":1,"2":1,"3":0,"4":1,"5":1,"6":1,"7":0,"8":0,"9":0,"10":0,"11":0,"12":0,"13":1,"14":92,"15":92,"16":92,"17":92,"18":53,"19":92,"20":1,"21":1,"22":884,"23":173,"24":174,"25":173,"26":173,"27":1,"28":172,"29":711,"30":982,"31":982,"32":961,"33":21,"34":21,"35":21,"36":1,"37":1,"38":26,"39":1,"40":29,"41":25,"42":23,"43":24,"44":18,"45":10,"46":5,"47":1,"48":1,"49":54,"50":13,"51":1,"52":178,"53":178,"54":2,"55":1,"56":1,"57":171,"58":2,"59":169,"60":169,"61":169,"62":169,"63":169,"64":11,"65":11,"66":2,"67":9,"68":9,"69":9,"70":13,"71":9,"72":9,"73":9,"74":16,"75":9,"76":9,"77":9,"78":9,"79":6,"80":1,"81":7,"82":1,"83":6,"84":6,"85":6,"86":6,"87":6,"88":6,"89":6,"90":2,"91":4,"92":1,"93":44,"94":44,"95":1,"96":1,"97":1,"98":34,"99":2,"100":32,"101":32,"102":1,"103":1,"104":1,"105":31,"106":30,"107":30,"108":30,"109":31,"110":31,"111":31,"112":15,"113":3,"114":12,"115":4,"116":8,"117":2,"118":6,"119":1,"120":21,"121":21,"122":21,"123":13,"124":21,"125":14,"126":14,"127":5,"128":21,"129":6,"130":21,"131":19,"132":2,"133":17,"134":17,"135":1,"136":1,"137":1,"138":44,"139":3,"140":41,"141":1,"142":1,"143":1,"144":8,"145":8,"146":1,"147":1,"148":1,"149":1,"150":23,"151":1,"152":40,"153":40,"154":40,"155":13,"156":40,"157":9,"158":9,"159":9,"160":1,"161":19,"162":19,"163":7,"164":19,"165":19,"166":19,"167":8,"168":8,"169":8,"170":8,"171":8,"172":8,"173":7,"174":7,"175":7,"176":7,"177":7,"178":3,"179":4,"180":4,"181":1,"182":1,"183":1,"184":12,"185":12,"186":0,"187":0,"188":12,"189":12,"190":1,"191":259,"192":259,"193":67,"194":259,"195":259,"196":259,"197":256,"198":259,"199":259,"200":259,"201":11,"202":7,"203":259,"204":259,"205":7,"206":7,"207":7,"208":7,"209":259,"210":256,"211":259,"212":258,"213":259,"214":255,"215":207,"216":207,"217":207,"218":207,"219":207,"220":20,"221":20,"222":20,"223":20,"224":20,"225":20,"226":20,"227":20,"228":20,"229":20,"230":20,"231":20,"232":1,"233":1,"234":8,"235":8,"236":8,"237":8,"238":8,"239":8,"240":89,"241":1,"242":1,"243":89,"244":1,"245":1,"246":6,"247":6,"248":6,"249":6,"250":6,"251":6,"252":6,"253":6,"254":6,"255":1,"256":2,"257":2,"258":2,"259":2,"260":2,"261":2,"262":1,"263":166,"264":166,"265":166,"266":166,"267":166,"268":1,"269":1,"270":4,"271":4,"272":4,"273":4,"274":1,"275":16,"276":16,"277":16,"278":16,"279":16,"280":16,"281":16,"282":16,"283":16,"284":16,"285":1,"286":1,"287":1,"288":1,"289":0,"290":7,"291":7,"292":7,"293":7,"294":2,"295":1,"296":1,"297":1,"298":1,"299":1,"300":1,"301":1,"302":0,"303":1,"304":0,"305":0,"306":1,"307":1,"308":0,"309":0,"310":0,"311":0,"312":0,"313":1,"314":1,"315":1,"316":1,"317":1,"318":20,"319":20,"320":20,"321":20,"322":20,"323":20,"324":1,"325":13,"326":13,"327":6,"328":6,"329":8,"330":8,"331":24,"332":8,"333":13,"334":13,"335":13,"336":13,"337":13,"338":0,"339":13,"340":13,"341":13,"342":13,"343":13,"344":13,"345":25,"346":25,"347":17,"348":17,"349":17,"350":8,"351":8,"352":8,"353":8,"354":8,"355":0,"356":13,"357":13,"358":4,"359":4,"360":4,"361":1,"362":1,"363":1,"364":1,"365":0,"366":0,"367":1,"368":1,"369":1,"370":1,"371":1,"372":1,"373":9,"374":9,"375":1,"376":1,"377":1,"378":10,"379":10,"380":10,"381":10,"382":10,"383":10,"384":10,"385":0,"386":10,"387":12,"388":12,"389":24,"390":24,"391":18,"392":18,"393":18,"394":9,"395":6,"396":6,"397":6,"398":18,"399":18,"400":3,"401":0,"402":10,"403":0,"404":0,"405":0,"406":10,"407":10,"408":1,"409":181,"410":181,"411":181,"412":181,"413":181,"414":16,"415":16,"416":1,"417":15,"418":8,"419":7,"420":26,"421":1,"422":3,"423":987,"424":987,"425":15,"426":972,"427":9,"428":963,"429":1,"430":1,"431":191,"432":191,"433":6,"434":191,"435":191,"436":200,"437":191,"438":8,"439":8,"440":8,"441":8,"442":8,"443":0,"444":8,"445":8,"446":0,"447":191,"448":6,"449":6,"450":189,"451":175,"452":175,"453":175,"454":184,"455":175,"456":175,"457":175,"458":86,"459":86,"460":86,"461":86,"462":1,"463":13,"464":13,"465":14,"466":14,"467":14,"468":14,"469":14,"470":14,"471":14,"472":1,"473":36,"474":36,"475":14,"476":36,"477":36,"478":4,"479":4,"480":4,"481":4,"482":36,"483":36,"484":36,"485":35,"486":36,"487":35,"488":36,"489":34,"490":36,"491":11,"492":3,"493":3,"494":10,"495":10,"496":10,"497":8,"498":8,"499":8,"500":8,"501":1,"502":5,"503":1,"504":4,"505":1,"506":3,"507":1,"508":3,"509":1,"510":2,"511":8,"512":8,"513":8,"514":8,"515":3,"516":5,"517":31,"518":31,"519":31,"520":31,"521":31,"522":30,"523":1,"524":31,"525":31,"526":31,"527":31,"528":31,"529":1,"530":12,"531":19,"532":19,"533":19,"534":1,"535":9,"536":9,"537":1,"538":9,"539":5,"540":5,"541":5,"542":2,"543":2,"544":1,"545":41,"546":41,"547":32,"548":41,"549":41,"550":105,"551":105,"552":41,"553":41,"554":41,"555":41,"556":41,"557":41,"558":41,"559":41,"560":41,"561":78,"562":3,"563":15,"564":2,"565":15,"566":4,"567":4,"568":11,"569":11,"570":11,"571":11,"572":11,"573":11,"574":11,"575":9,"576":2,"577":11,"578":7,"579":2,"580":2,"581":2,"582":5,"583":5,"584":5,"585":5,"586":5,"587":30,"588":73,"589":30,"590":60,"591":60,"592":30,"593":30,"594":30,"595":30,"596":67,"597":67,"598":67,"599":156,"600":156,"601":67,"602":67,"603":67,"604":2,"605":6,"606":6,"607":2,"608":14,"609":1,"610":13,"611":1,"612":13,"613":13,"614":13,"615":5,"616":8,"617":5,"618":3,"619":13,"620":16,"621":13,"622":4,"623":4,"624":3,"625":1,"626":3,"627":1,"628":9,"629":9,"630":13,"631":13,"632":13,"633":26,"634":26,"635":8,"636":26,"637":0,"638":26,"639":9,"640":17,"641":6,"642":6,"643":6,"644":6,"645":6,"646":5,"647":5,"648":5,"649":2,"650":2,"651":2,"652":2,"653":2,"654":2,"655":2,"656":0,"657":3,"658":2,"659":2,"660":6,"661":6,"662":6,"663":6,"664":6,"665":6,"666":2,"667":2,"668":2,"669":2,"670":0,"671":6,"672":1,"673":8,"674":8,"675":0,"676":1,"677":7,"678":7,"679":7,"680":7,"681":7,"682":7,"683":7,"684":7,"685":7,"686":7,"687":7,"688":7,"689":7,"690":1,"691":1,"692":1,"693":1,"694":1,"695":1,"696":1,"697":1,"698":1,"699":1,"700":1,"701":1,"702":1,"703":1,"704":1,"705":1,"706":4,"707":4,"708":4,"709":4,"710":4,"711":4,"712":4,"713":4,"714":4,"715":1,"716":1,"717":1,"718":1,"719":1},"b":{"1":[0,1],"2":[0,1],"3":[1,1],"4":[0,0],"5":[0,0],"6":[0,92],"7":[173,711],"8":[173,1],"9":[1,172],"10":[961,21],"11":[19,2],"12":[23,3],"13":[24,23],"14":[5,5,5,5,5,5],"15":[178,174],"16":[2,176],"17":[178,177],"18":[2,169],"19":[171,171],"20":[9,160],"21":[9,0],"22":[2,9],"23":[9,0],"24":[6,3],"25":[9,9],"26":[6,0],"27":[6,0],"28":[6,6,6,3],"29":[2,4],"30":[44,21],"31":[1,43],"32":[44,11],"33":[2,32],"34":[1,31],"35":[30,0],"36":[21,9],"37":[12,18],"38":[30,21],"39":[9,9],"40":[31,9],"41":[31,9],"42":[15,16],"43":[3,12],"44":[15,9],"45":[4,8],"46":[12,10],"47":[2,6],"48":[8,4],"49":[1,5],"50":[6,2],"51":[21,6],"52":[21,11],"53":[21,6],"54":[21,11],"55":[21,11],"56":[21,17],"57":[21,11],"58":[13,8],"59":[14,7],"60":[6,8],"61":[5,9],"62":[6,15],"63":[21,13],"64":[2,17],"65":[19,18],"66":[3,41],"67":[44,42],"68":[1,7],"69":[8,5],"70":[7,16],"71":[14,2],"72":[13,27],"73":[9,0],"74":[9,9],"75":[7,12],"76":[7,1],"77":[8,8,8,8,7,4],"78":[3,4],"79":[1,0],"80":[12,0],"81":[12,12],"82":[0,12],"83":[67,192],"84":[259,256],"85":[256,3],"86":[259,256],"87":[7,4],"88":[7,0],"89":[256,3],"90":[258,1],"91":[255,4],"92":[20,0],"93":[1,0],"94":[1,1],"95":[1,88],"96":[6,5],"97":[6,5],"98":[6,5],"99":[12,4],"100":[8,8],"101":[16,12],"102":[12,4],"103":[3,13],"104":[16,12],"105":[1,1],"106":[0,1],"107":[1,1],"108":[0,1],"109":[0,1],"110":[1,1,1,1,1],"111":[1,0],"112":[0,13],"113":[17,8],"114":[8,0],"115":[0,1],"116":[1,0],"117":[1,1,1,1,1,1],"118":[1,0],"119":[0,10],"120":[10,10],"121":[18,6],"122":[9,9],"123":[6,0],"124":[3,15],"125":[0,0],"126":[181,0],"127":[1,15],"128":[8,7],"129":[15,972],"130":[9,963],"131":[6,185],"132":[0,8],"133":[8,0],"134":[14,22],"135":[4,0],"136":[35,1],"137":[35,1],"138":[34,2],"139":[3,8],"140":[10,0],"141":[1,4],"142":[1,3],"143":[1,2],"144":[8,0],"145":[3,5],"146":[30,1],"147":[19,19,19],"148":[1,8],"149":[32,9],"150":[41,39],"151":[3,75],"152":[78,9],"153":[2,13],"154":[4,11],"155":[15,4],"156":[9,2],"157":[2,5],"158":[5,0],"159":[5,0],"160":[1,13],"161":[1,12],"162":[5,8],"163":[5,3],"164":[10,3],"165":[4,9],"166":[13,13],"167":[4,3],"168":[3,1],"169":[1,2],"170":[8,18],"171":[0,26],"172":[9,17],"173":[5,1],"174":[6,5,4,3,2],"175":[2,3],"176":[5,4],"177":[1,1],"178":[2,0],"179":[2,0],"180":[2,1],"181":[3,2],"182":[6,6],"183":[2,2],"184":[2,4],"185":[6,4],"186":[0,2],"187":[0,8],"188":[7,0],"189":[7,6],"190":[7,6],"191":[7,0],"192":[7,0],"193":[7,0],"194":[1,0],"195":[1,0],"196":[4,0],"197":[4,0],"198":[1,1],"199":[1,1]},"f":{"1":1,"2":1,"3":0,"4":92,"5":884,"6":174,"7":982,"8":26,"9":29,"10":25,"11":23,"12":24,"13":18,"14":10,"15":5,"16":41,"17":54,"18":13,"19":178,"20":171,"21":11,"22":7,"23":6,"24":6,"25":44,"26":34,"27":19,"28":17,"29":41,"30":44,"31":5,"32":8,"33":21,"34":23,"35":40,"36":9,"37":19,"38":19,"39":8,"40":12,"41":259,"42":11,"43":7,"44":207,"45":20,"46":1,"47":8,"48":89,"49":6,"50":6,"51":2,"52":166,"53":4,"54":16,"55":1,"56":0,"57":7,"58":2,"59":1,"60":20,"61":13,"62":6,"63":8,"64":13,"65":4,"66":1,"67":9,"68":1,"69":10,"70":181,"71":16,"72":26,"73":3,"74":987,"75":191,"76":8,"77":6,"78":189,"79":175,"80":86,"81":13,"82":14,"83":36,"84":4,"85":11,"86":10,"87":8,"88":5,"89":3,"90":31,"91":12,"92":19,"93":9,"94":5,"95":2,"96":41,"97":105,"98":78,"99":15,"100":7,"101":30,"102":60,"103":67,"104":2,"105":14,"106":16,"107":13,"108":26,"109":6,"110":8,"111":7,"112":1,"113":1,"114":1,"115":1,"116":1,"117":1,"118":4,"119":1},"fnMap":{"1":{"name":"(anonymous_1)","line":9,"loc":{"start":{"line":9,"column":1},"end":{"line":9,"column":20}}},"2":{"name":"(anonymous_2)","line":19,"loc":{"start":{"line":19,"column":2},"end":{"line":19,"column":31}}},"3":{"name":"trim","line":42,"loc":{"start":{"line":42,"column":26},"end":{"line":42,"column":42}}},"4":{"name":"lpad","line":52,"loc":{"start":{"line":52,"column":0},"end":{"line":52,"column":35}}},"5":{"name":"(anonymous_5)","line":68,"loc":{"start":{"line":68,"column":22},"end":{"line":68,"column":46}}},"6":{"name":"(anonymous_6)","line":70,"loc":{"start":{"line":70,"column":39},"end":{"line":70,"column":52}}},"7":{"name":"(anonymous_7)","line":83,"loc":{"start":{"line":83,"column":14},"end":{"line":83,"column":26}}},"8":{"name":"(anonymous_8)","line":106,"loc":{"start":{"line":106,"column":33},"end":{"line":106,"column":48}}},"9":{"name":"(anonymous_9)","line":128,"loc":{"start":{"line":128,"column":10},"end":{"line":128,"column":22}}},"10":{"name":"(anonymous_10)","line":134,"loc":{"start":{"line":134,"column":12},"end":{"line":134,"column":24}}},"11":{"name":"(anonymous_11)","line":140,"loc":{"start":{"line":140,"column":12},"end":{"line":140,"column":24}}},"12":{"name":"(anonymous_12)","line":146,"loc":{"start":{"line":146,"column":13},"end":{"line":146,"column":25}}},"13":{"name":"(anonymous_13)","line":152,"loc":{"start":{"line":152,"column":8},"end":{"line":152,"column":20}}},"14":{"name":"(anonymous_14)","line":158,"loc":{"start":{"line":158,"column":10},"end":{"line":158,"column":22}}},"15":{"name":"(anonymous_15)","line":164,"loc":{"start":{"line":164,"column":12},"end":{"line":164,"column":24}}},"16":{"name":"(anonymous_16)","line":189,"loc":{"start":{"line":189,"column":45},"end":{"line":189,"column":57}}},"17":{"name":"(anonymous_17)","line":202,"loc":{"start":{"line":202,"column":11},"end":{"line":202,"column":37}}},"18":{"name":"(anonymous_18)","line":218,"loc":{"start":{"line":218,"column":9},"end":{"line":218,"column":41}}},"19":{"name":"(anonymous_19)","line":233,"loc":{"start":{"line":233,"column":49},"end":{"line":233,"column":68}}},"20":{"name":"(anonymous_20)","line":274,"loc":{"start":{"line":274,"column":11},"end":{"line":274,"column":36}}},"21":{"name":"(anonymous_21)","line":296,"loc":{"start":{"line":296,"column":9},"end":{"line":296,"column":41}}},"22":{"name":"(anonymous_22)","line":333,"loc":{"start":{"line":333,"column":51},"end":{"line":333,"column":63}}},"23":{"name":"(anonymous_23)","line":366,"loc":{"start":{"line":366,"column":11},"end":{"line":366,"column":36}}},"24":{"name":"(anonymous_24)","line":383,"loc":{"start":{"line":383,"column":9},"end":{"line":383,"column":42}}},"25":{"name":"(anonymous_25)","line":407,"loc":{"start":{"line":407,"column":53},"end":{"line":407,"column":72}}},"26":{"name":"(anonymous_26)","line":441,"loc":{"start":{"line":441,"column":12},"end":{"line":441,"column":38}}},"27":{"name":"(anonymous_27)","line":506,"loc":{"start":{"line":506,"column":11},"end":{"line":506,"column":37}}},"28":{"name":"(anonymous_28)","line":526,"loc":{"start":{"line":526,"column":9},"end":{"line":526,"column":41}}},"29":{"name":"(anonymous_29)","line":539,"loc":{"start":{"line":539,"column":49},"end":{"line":539,"column":61}}},"30":{"name":"(anonymous_30)","line":552,"loc":{"start":{"line":552,"column":11},"end":{"line":552,"column":38}}},"31":{"name":"(anonymous_31)","line":565,"loc":{"start":{"line":565,"column":47},"end":{"line":565,"column":59}}},"32":{"name":"(anonymous_32)","line":578,"loc":{"start":{"line":578,"column":9},"end":{"line":578,"column":41}}},"33":{"name":"(anonymous_33)","line":598,"loc":{"start":{"line":598,"column":49},"end":{"line":598,"column":61}}},"34":{"name":"(anonymous_34)","line":610,"loc":{"start":{"line":610,"column":11},"end":{"line":610,"column":38}}},"35":{"name":"(anonymous_35)","line":644,"loc":{"start":{"line":644,"column":14},"end":{"line":644,"column":33}}},"36":{"name":"(anonymous_36)","line":659,"loc":{"start":{"line":659,"column":14},"end":{"line":659,"column":39}}},"37":{"name":"(anonymous_37)","line":702,"loc":{"start":{"line":702,"column":14},"end":{"line":702,"column":33}}},"38":{"name":"(anonymous_38)","line":714,"loc":{"start":{"line":714,"column":10},"end":{"line":714,"column":22}}},"39":{"name":"(anonymous_39)","line":737,"loc":{"start":{"line":737,"column":16},"end":{"line":737,"column":29}}},"40":{"name":"(anonymous_40)","line":770,"loc":{"start":{"line":770,"column":14},"end":{"line":770,"column":39}}},"41":{"name":"(anonymous_41)","line":830,"loc":{"start":{"line":830,"column":14},"end":{"line":830,"column":33}}},"42":{"name":"(anonymous_42)","line":849,"loc":{"start":{"line":849,"column":57},"end":{"line":849,"column":69}}},"43":{"name":"(anonymous_43)","line":856,"loc":{"start":{"line":856,"column":18},"end":{"line":856,"column":36}}},"44":{"name":"(anonymous_44)","line":874,"loc":{"start":{"line":874,"column":10},"end":{"line":874,"column":22}}},"45":{"name":"(anonymous_45)","line":901,"loc":{"start":{"line":901,"column":17},"end":{"line":901,"column":29}}},"46":{"name":"(anonymous_46)","line":930,"loc":{"start":{"line":930,"column":15},"end":{"line":930,"column":40}}},"47":{"name":"(anonymous_47)","line":939,"loc":{"start":{"line":939,"column":16},"end":{"line":939,"column":28}}},"48":{"name":"(anonymous_48)","line":953,"loc":{"start":{"line":953,"column":10},"end":{"line":953,"column":22}}},"49":{"name":"(anonymous_49)","line":1006,"loc":{"start":{"line":1006,"column":14},"end":{"line":1006,"column":33}}},"50":{"name":"(anonymous_50)","line":1012,"loc":{"start":{"line":1012,"column":10},"end":{"line":1012,"column":22}}},"51":{"name":"(anonymous_51)","line":1043,"loc":{"start":{"line":1043,"column":10},"end":{"line":1043,"column":22}}},"52":{"name":"(anonymous_52)","line":1091,"loc":{"start":{"line":1091,"column":14},"end":{"line":1091,"column":33}}},"53":{"name":"(anonymous_53)","line":1148,"loc":{"start":{"line":1148,"column":14},"end":{"line":1148,"column":26}}},"54":{"name":"(anonymous_54)","line":1201,"loc":{"start":{"line":1201,"column":14},"end":{"line":1201,"column":33}}},"55":{"name":"(anonymous_55)","line":1273,"loc":{"start":{"line":1273,"column":17},"end":{"line":1273,"column":29}}},"56":{"name":"(anonymous_56)","line":1277,"loc":{"start":{"line":1277,"column":15},"end":{"line":1277,"column":27}}},"57":{"name":"(anonymous_57)","line":1288,"loc":{"start":{"line":1288,"column":10},"end":{"line":1288,"column":22}}},"58":{"name":"(anonymous_58)","line":1299,"loc":{"start":{"line":1299,"column":23},"end":{"line":1299,"column":36}}},"59":{"name":"(anonymous_59)","line":1311,"loc":{"start":{"line":1311,"column":16},"end":{"line":1311,"column":29}}},"60":{"name":"(anonymous_60)","line":1365,"loc":{"start":{"line":1365,"column":10},"end":{"line":1365,"column":22}}},"61":{"name":"(anonymous_61)","line":1402,"loc":{"start":{"line":1402,"column":19},"end":{"line":1402,"column":43}}},"62":{"name":"(anonymous_62)","line":1407,"loc":{"start":{"line":1407,"column":15},"end":{"line":1407,"column":35}}},"63":{"name":"(anonymous_63)","line":1412,"loc":{"start":{"line":1412,"column":18},"end":{"line":1412,"column":50}}},"64":{"name":"(anonymous_64)","line":1431,"loc":{"start":{"line":1431,"column":10},"end":{"line":1431,"column":22}}},"65":{"name":"(anonymous_65)","line":1478,"loc":{"start":{"line":1478,"column":8},"end":{"line":1478,"column":21}}},"66":{"name":"(anonymous_66)","line":1488,"loc":{"start":{"line":1488,"column":9},"end":{"line":1488,"column":22}}},"67":{"name":"(anonymous_67)","line":1570,"loc":{"start":{"line":1570,"column":14},"end":{"line":1570,"column":33}}},"68":{"name":"(anonymous_68)","line":1572,"loc":{"start":{"line":1572,"column":47},"end":{"line":1572,"column":86}}},"69":{"name":"(anonymous_69)","line":1585,"loc":{"start":{"line":1585,"column":10},"end":{"line":1585,"column":22}}},"70":{"name":"(anonymous_70)","line":1781,"loc":{"start":{"line":1781,"column":14},"end":{"line":1781,"column":26}}},"71":{"name":"(anonymous_71)","line":1805,"loc":{"start":{"line":1805,"column":13},"end":{"line":1805,"column":25}}},"72":{"name":"(anonymous_72)","line":1810,"loc":{"start":{"line":1810,"column":11},"end":{"line":1810,"column":37}}},"73":{"name":"(anonymous_73)","line":1837,"loc":{"start":{"line":1837,"column":47},"end":{"line":1837,"column":62}}},"74":{"name":"(anonymous_74)","line":1838,"loc":{"start":{"line":1838,"column":26},"end":{"line":1838,"column":38}}},"75":{"name":"(anonymous_75)","line":1891,"loc":{"start":{"line":1891,"column":14},"end":{"line":1891,"column":33}}},"76":{"name":"(anonymous_76)","line":1903,"loc":{"start":{"line":1903,"column":34},"end":{"line":1903,"column":61}}},"77":{"name":"(anonymous_77)","line":1920,"loc":{"start":{"line":1920,"column":37},"end":{"line":1920,"column":70}}},"78":{"name":"(anonymous_78)","line":1937,"loc":{"start":{"line":1937,"column":12},"end":{"line":1937,"column":30}}},"79":{"name":"(anonymous_79)","line":1947,"loc":{"start":{"line":1947,"column":10},"end":{"line":1947,"column":22}}},"80":{"name":"(anonymous_80)","line":1967,"loc":{"start":{"line":1967,"column":10},"end":{"line":1967,"column":22}}},"81":{"name":"(anonymous_81)","line":1999,"loc":{"start":{"line":1999,"column":14},"end":{"line":1999,"column":33}}},"82":{"name":"(anonymous_82)","line":2007,"loc":{"start":{"line":2007,"column":10},"end":{"line":2007,"column":22}}},"83":{"name":"(anonymous_83)","line":2055,"loc":{"start":{"line":2055,"column":14},"end":{"line":2055,"column":33}}},"84":{"name":"(anonymous_84)","line":2064,"loc":{"start":{"line":2064,"column":18},"end":{"line":2064,"column":36}}},"85":{"name":"(anonymous_85)","line":2087,"loc":{"start":{"line":2087,"column":28},"end":{"line":2087,"column":52}}},"86":{"name":"(anonymous_86)","line":2100,"loc":{"start":{"line":2100,"column":25},"end":{"line":2100,"column":60}}},"87":{"name":"(anonymous_87)","line":2110,"loc":{"start":{"line":2110,"column":11},"end":{"line":2110,"column":24}}},"88":{"name":"cycleSort","line":2117,"loc":{"start":{"line":2117,"column":4},"end":{"line":2117,"column":36}}},"89":{"name":"toggleSort","line":2123,"loc":{"start":{"line":2123,"column":4},"end":{"line":2123,"column":37}}},"90":{"name":"(anonymous_90)","line":2140,"loc":{"start":{"line":2140,"column":10},"end":{"line":2140,"column":22}}},"91":{"name":"(anonymous_91)","line":2182,"loc":{"start":{"line":2182,"column":14},"end":{"line":2182,"column":26}}},"92":{"name":"(anonymous_92)","line":2186,"loc":{"start":{"line":2186,"column":12},"end":{"line":2186,"column":39}}},"93":{"name":"(anonymous_93)","line":2219,"loc":{"start":{"line":2219,"column":14},"end":{"line":2219,"column":33}}},"94":{"name":"(anonymous_94)","line":2234,"loc":{"start":{"line":2234,"column":10},"end":{"line":2234,"column":22}}},"95":{"name":"(anonymous_95)","line":2245,"loc":{"start":{"line":2245,"column":10},"end":{"line":2245,"column":22}}},"96":{"name":"(anonymous_96)","line":2286,"loc":{"start":{"line":2286,"column":14},"end":{"line":2286,"column":33}}},"97":{"name":"(anonymous_97)","line":2294,"loc":{"start":{"line":2294,"column":36},"end":{"line":2294,"column":53}}},"98":{"name":"(anonymous_98)","line":2315,"loc":{"start":{"line":2315,"column":25},"end":{"line":2315,"column":37}}},"99":{"name":"(anonymous_99)","line":2347,"loc":{"start":{"line":2347,"column":13},"end":{"line":2347,"column":51}}},"100":{"name":"(anonymous_100)","line":2403,"loc":{"start":{"line":2403,"column":13},"end":{"line":2403,"column":51}}},"101":{"name":"(anonymous_101)","line":2427,"loc":{"start":{"line":2427,"column":11},"end":{"line":2427,"column":23}}},"102":{"name":"(anonymous_102)","line":2432,"loc":{"start":{"line":2432,"column":36},"end":{"line":2432,"column":53}}},"103":{"name":"(anonymous_103)","line":2454,"loc":{"start":{"line":2454,"column":10},"end":{"line":2454,"column":22}}},"104":{"name":"(anonymous_104)","line":2475,"loc":{"start":{"line":2475,"column":10},"end":{"line":2475,"column":22}}},"105":{"name":"(anonymous_105)","line":2503,"loc":{"start":{"line":2503,"column":8},"end":{"line":2503,"column":37}}},"106":{"name":"(anonymous_106)","line":2521,"loc":{"start":{"line":2521,"column":41},"end":{"line":2521,"column":58}}},"107":{"name":"(anonymous_107)","line":2549,"loc":{"start":{"line":2549,"column":18},"end":{"line":2549,"column":47}}},"108":{"name":"(anonymous_108)","line":2551,"loc":{"start":{"line":2551,"column":11},"end":{"line":2551,"column":34}}},"109":{"name":"(anonymous_109)","line":2579,"loc":{"start":{"line":2579,"column":18},"end":{"line":2579,"column":52}}},"110":{"name":"(anonymous_110)","line":2661,"loc":{"start":{"line":2661,"column":14},"end":{"line":2661,"column":33}}},"111":{"name":"(anonymous_111)","line":2753,"loc":{"start":{"line":2753,"column":14},"end":{"line":2753,"column":33}}},"112":{"name":"(anonymous_112)","line":2778,"loc":{"start":{"line":2778,"column":41},"end":{"line":2778,"column":53}}},"113":{"name":"(anonymous_113)","line":2793,"loc":{"start":{"line":2793,"column":13},"end":{"line":2793,"column":25}}},"114":{"name":"(anonymous_114)","line":2801,"loc":{"start":{"line":2801,"column":13},"end":{"line":2801,"column":25}}},"115":{"name":"(anonymous_115)","line":2813,"loc":{"start":{"line":2813,"column":16},"end":{"line":2813,"column":28}}},"116":{"name":"(anonymous_116)","line":2825,"loc":{"start":{"line":2825,"column":16},"end":{"line":2825,"column":28}}},"117":{"name":"(anonymous_117)","line":2833,"loc":{"start":{"line":2833,"column":8},"end":{"line":2833,"column":20}}},"118":{"name":"(anonymous_118)","line":2843,"loc":{"start":{"line":2843,"column":10},"end":{"line":2843,"column":22}}},"119":{"name":"(anonymous_119)","line":2868,"loc":{"start":{"line":2868,"column":10},"end":{"line":2868,"column":22}}}},"statementMap":{"1":{"start":{"line":9,"column":0},"end":{"line":2877,"column":4}},"2":{"start":{"line":12,"column":2},"end":{"line":18,"column":44}},"3":{"start":{"line":13,"column":4},"end":{"line":15,"column":50}},"4":{"start":{"line":18,"column":7},"end":{"line":18,"column":44}},"5":{"start":{"line":33,"column":0},"end":{"line":35,"column":17}},"6":{"start":{"line":36,"column":0},"end":{"line":50,"column":1}},"7":{"start":{"line":39,"column":2},"end":{"line":39,"column":22}},"8":{"start":{"line":40,"column":2},"end":{"line":41,"column":45}},"9":{"start":{"line":42,"column":2},"end":{"line":49,"column":4}},"10":{"start":{"line":43,"column":4},"end":{"line":45,"column":5}},"11":{"start":{"line":44,"column":6},"end":{"line":44,"column":66}},"12":{"start":{"line":46,"column":4},"end":{"line":48,"column":34}},"13":{"start":{"line":52,"column":0},"end":{"line":60,"column":1}},"14":{"start":{"line":53,"column":2},"end":{"line":53,"column":46}},"15":{"start":{"line":54,"column":2},"end":{"line":54,"column":48}},"16":{"start":{"line":55,"column":2},"end":{"line":55,"column":19}},"17":{"start":{"line":56,"column":2},"end":{"line":58,"column":3}},"18":{"start":{"line":57,"column":4},"end":{"line":57,"column":31}},"19":{"start":{"line":59,"column":2},"end":{"line":59,"column":23}},"20":{"start":{"line":62,"column":0},"end":{"line":62,"column":19}},"21":{"start":{"line":64,"column":0},"end":{"line":92,"column":2}},"22":{"start":{"line":69,"column":4},"end":{"line":78,"column":5}},"23":{"start":{"line":70,"column":6},"end":{"line":72,"column":27}},"24":{"start":{"line":71,"column":8},"end":{"line":71,"column":56}},"25":{"start":{"line":73,"column":6},"end":{"line":73,"column":59}},"26":{"start":{"line":74,"column":6},"end":{"line":76,"column":7}},"27":{"start":{"line":75,"column":8},"end":{"line":75,"column":66}},"28":{"start":{"line":77,"column":6},"end":{"line":77,"column":19}},"29":{"start":{"line":80,"column":4},"end":{"line":80,"column":16}},"30":{"start":{"line":84,"column":4},"end":{"line":84,"column":29}},"31":{"start":{"line":85,"column":4},"end":{"line":85,"column":43}},"32":{"start":{"line":85,"column":30},"end":{"line":85,"column":43}},"33":{"start":{"line":87,"column":4},"end":{"line":87,"column":31}},"34":{"start":{"line":88,"column":4},"end":{"line":88,"column":43}},"35":{"start":{"line":89,"column":4},"end":{"line":89,"column":63}},"36":{"start":{"line":93,"column":0},"end":{"line":93,"column":36}},"37":{"start":{"line":106,"column":0},"end":{"line":121,"column":2}},"38":{"start":{"line":107,"column":2},"end":{"line":120,"column":5}},"39":{"start":{"line":122,"column":0},"end":{"line":168,"column":3}},"40":{"start":{"line":128,"column":24},"end":{"line":128,"column":50}},"41":{"start":{"line":134,"column":26},"end":{"line":134,"column":53}},"42":{"start":{"line":140,"column":26},"end":{"line":140,"column":69}},"43":{"start":{"line":146,"column":27},"end":{"line":146,"column":71}},"44":{"start":{"line":152,"column":22},"end":{"line":152,"column":49}},"45":{"start":{"line":158,"column":24},"end":{"line":158,"column":51}},"46":{"start":{"line":165,"column":4},"end":{"line":166,"column":63}},"47":{"start":{"line":189,"column":0},"end":{"line":189,"column":60}},"48":{"start":{"line":190,"column":0},"end":{"line":222,"column":3}},"49":{"start":{"line":203,"column":4},"end":{"line":203,"column":19}},"50":{"start":{"line":219,"column":4},"end":{"line":219,"column":25}},"51":{"start":{"line":233,"column":0},"end":{"line":239,"column":2}},"52":{"start":{"line":234,"column":2},"end":{"line":234,"column":47}},"53":{"start":{"line":236,"column":2},"end":{"line":238,"column":3}},"54":{"start":{"line":237,"column":4},"end":{"line":237,"column":62}},"55":{"start":{"line":240,"column":0},"end":{"line":240,"column":48}},"56":{"start":{"line":241,"column":0},"end":{"line":322,"column":3}},"57":{"start":{"line":275,"column":4},"end":{"line":275,"column":61}},"58":{"start":{"line":275,"column":51},"end":{"line":275,"column":61}},"59":{"start":{"line":277,"column":4},"end":{"line":277,"column":45}},"60":{"start":{"line":279,"column":4},"end":{"line":279,"column":34}},"61":{"start":{"line":280,"column":4},"end":{"line":280,"column":31}},"62":{"start":{"line":281,"column":4},"end":{"line":281,"column":80}},"63":{"start":{"line":283,"column":4},"end":{"line":283,"column":96}},"64":{"start":{"line":297,"column":4},"end":{"line":297,"column":41}},"65":{"start":{"line":299,"column":4},"end":{"line":299,"column":42}},"66":{"start":{"line":299,"column":30},"end":{"line":299,"column":42}},"67":{"start":{"line":301,"column":4},"end":{"line":301,"column":21}},"68":{"start":{"line":303,"column":4},"end":{"line":303,"column":61}},"69":{"start":{"line":304,"column":4},"end":{"line":306,"column":5}},"70":{"start":{"line":305,"column":6},"end":{"line":305,"column":30}},"71":{"start":{"line":308,"column":4},"end":{"line":308,"column":60}},"72":{"start":{"line":309,"column":4},"end":{"line":309,"column":17}},"73":{"start":{"line":310,"column":4},"end":{"line":312,"column":5}},"74":{"start":{"line":311,"column":6},"end":{"line":311,"column":48}},"75":{"start":{"line":314,"column":4},"end":{"line":316,"column":5}},"76":{"start":{"line":315,"column":6},"end":{"line":315,"column":53}},"77":{"start":{"line":318,"column":4},"end":{"line":318,"column":60}},"78":{"start":{"line":319,"column":4},"end":{"line":319,"column":62}},"79":{"start":{"line":319,"column":48},"end":{"line":319,"column":62}},"80":{"start":{"line":333,"column":0},"end":{"line":335,"column":2}},"81":{"start":{"line":334,"column":2},"end":{"line":334,"column":50}},"82":{"start":{"line":337,"column":0},"end":{"line":392,"column":3}},"83":{"start":{"line":367,"column":4},"end":{"line":367,"column":43}},"84":{"start":{"line":368,"column":4},"end":{"line":368,"column":43}},"85":{"start":{"line":369,"column":4},"end":{"line":369,"column":86}},"86":{"start":{"line":384,"column":4},"end":{"line":384,"column":51}},"87":{"start":{"line":385,"column":4},"end":{"line":389,"column":5}},"88":{"start":{"line":386,"column":6},"end":{"line":386,"column":75}},"89":{"start":{"line":387,"column":6},"end":{"line":387,"column":51}},"90":{"start":{"line":387,"column":35},"end":{"line":387,"column":51}},"91":{"start":{"line":388,"column":6},"end":{"line":388,"column":40}},"92":{"start":{"line":407,"column":0},"end":{"line":413,"column":2}},"93":{"start":{"line":408,"column":2},"end":{"line":408,"column":47}},"94":{"start":{"line":410,"column":2},"end":{"line":412,"column":3}},"95":{"start":{"line":411,"column":4},"end":{"line":411,"column":70}},"96":{"start":{"line":414,"column":0},"end":{"line":414,"column":50}},"97":{"start":{"line":415,"column":0},"end":{"line":530,"column":3}},"98":{"start":{"line":442,"column":4},"end":{"line":442,"column":47}},"99":{"start":{"line":442,"column":35},"end":{"line":442,"column":47}},"100":{"start":{"line":444,"column":4},"end":{"line":444,"column":26}},"101":{"start":{"line":445,"column":4},"end":{"line":455,"column":5}},"102":{"start":{"line":446,"column":6},"end":{"line":446,"column":34}},"103":{"start":{"line":447,"column":6},"end":{"line":447,"column":134}},"104":{"start":{"line":448,"column":6},"end":{"line":448,"column":132}},"105":{"start":{"line":451,"column":6},"end":{"line":451,"column":25}},"106":{"start":{"line":452,"column":6},"end":{"line":452,"column":57}},"107":{"start":{"line":453,"column":6},"end":{"line":453,"column":57}},"108":{"start":{"line":454,"column":6},"end":{"line":454,"column":87}},"109":{"start":{"line":457,"column":4},"end":{"line":457,"column":49}},"110":{"start":{"line":458,"column":4},"end":{"line":458,"column":50}},"111":{"start":{"line":460,"column":4},"end":{"line":465,"column":5}},"112":{"start":{"line":461,"column":6},"end":{"line":461,"column":65}},"113":{"start":{"line":461,"column":58},"end":{"line":461,"column":65}},"114":{"start":{"line":462,"column":6},"end":{"line":462,"column":66}},"115":{"start":{"line":462,"column":59},"end":{"line":462,"column":66}},"116":{"start":{"line":463,"column":6},"end":{"line":463,"column":44}},"117":{"start":{"line":463,"column":37},"end":{"line":463,"column":44}},"118":{"start":{"line":464,"column":6},"end":{"line":464,"column":44}},"119":{"start":{"line":464,"column":37},"end":{"line":464,"column":44}},"120":{"start":{"line":467,"column":4},"end":{"line":473,"column":62}},"121":{"start":{"line":475,"column":4},"end":{"line":475,"column":20}},"122":{"start":{"line":477,"column":4},"end":{"line":479,"column":5}},"123":{"start":{"line":478,"column":6},"end":{"line":478,"column":136}},"124":{"start":{"line":481,"column":4},"end":{"line":487,"column":5}},"125":{"start":{"line":482,"column":6},"end":{"line":482,"column":175}},"126":{"start":{"line":484,"column":6},"end":{"line":486,"column":7}},"127":{"start":{"line":485,"column":8},"end":{"line":485,"column":72}},"128":{"start":{"line":489,"column":4},"end":{"line":491,"column":5}},"129":{"start":{"line":490,"column":6},"end":{"line":490,"column":20}},"130":{"start":{"line":493,"column":4},"end":{"line":493,"column":18}},"131":{"start":{"line":507,"column":4},"end":{"line":507,"column":63}},"132":{"start":{"line":507,"column":53},"end":{"line":507,"column":63}},"133":{"start":{"line":508,"column":4},"end":{"line":508,"column":34}},"134":{"start":{"line":527,"column":4},"end":{"line":527,"column":46}},"135":{"start":{"line":539,"column":0},"end":{"line":539,"column":64}},"136":{"start":{"line":540,"column":0},"end":{"line":540,"column":48}},"137":{"start":{"line":541,"column":0},"end":{"line":556,"column":3}},"138":{"start":{"line":553,"column":4},"end":{"line":553,"column":65}},"139":{"start":{"line":553,"column":55},"end":{"line":553,"column":65}},"140":{"start":{"line":554,"column":4},"end":{"line":554,"column":25}},"141":{"start":{"line":565,"column":0},"end":{"line":565,"column":62}},"142":{"start":{"line":566,"column":0},"end":{"line":566,"column":47}},"143":{"start":{"line":567,"column":0},"end":{"line":584,"column":3}},"144":{"start":{"line":579,"column":4},"end":{"line":579,"column":48}},"145":{"start":{"line":580,"column":4},"end":{"line":582,"column":5}},"146":{"start":{"line":581,"column":6},"end":{"line":581,"column":27}},"147":{"start":{"line":598,"column":0},"end":{"line":598,"column":64}},"148":{"start":{"line":599,"column":0},"end":{"line":599,"column":48}},"149":{"start":{"line":600,"column":0},"end":{"line":613,"column":3}},"150":{"start":{"line":611,"column":4},"end":{"line":611,"column":79}},"151":{"start":{"line":631,"column":0},"end":{"line":666,"column":3}},"152":{"start":{"line":645,"column":4},"end":{"line":645,"column":39}},"153":{"start":{"line":646,"column":4},"end":{"line":646,"column":33}},"154":{"start":{"line":647,"column":4},"end":{"line":649,"column":5}},"155":{"start":{"line":648,"column":6},"end":{"line":648,"column":44}},"156":{"start":{"line":651,"column":4},"end":{"line":651,"column":67}},"157":{"start":{"line":660,"column":4},"end":{"line":662,"column":5}},"158":{"start":{"line":661,"column":6},"end":{"line":661,"column":23}},"159":{"start":{"line":663,"column":4},"end":{"line":663,"column":16}},"160":{"start":{"line":676,"column":0},"end":{"line":782,"column":3}},"161":{"start":{"line":703,"column":4},"end":{"line":703,"column":64}},"162":{"start":{"line":705,"column":4},"end":{"line":707,"column":5}},"163":{"start":{"line":706,"column":6},"end":{"line":706,"column":56}},"164":{"start":{"line":715,"column":4},"end":{"line":715,"column":27}},"165":{"start":{"line":716,"column":4},"end":{"line":716,"column":84}},"166":{"start":{"line":717,"column":4},"end":{"line":717,"column":16}},"167":{"start":{"line":739,"column":4},"end":{"line":739,"column":35}},"168":{"start":{"line":740,"column":4},"end":{"line":740,"column":27}},"169":{"start":{"line":741,"column":4},"end":{"line":741,"column":29}},"170":{"start":{"line":743,"column":4},"end":{"line":743,"column":33}},"171":{"start":{"line":744,"column":4},"end":{"line":744,"column":36}},"172":{"start":{"line":746,"column":4},"end":{"line":767,"column":5}},"173":{"start":{"line":749,"column":6},"end":{"line":749,"column":25}},"174":{"start":{"line":750,"column":6},"end":{"line":750,"column":26}},"175":{"start":{"line":752,"column":6},"end":{"line":752,"column":31}},"176":{"start":{"line":753,"column":6},"end":{"line":753,"column":49}},"177":{"start":{"line":754,"column":6},"end":{"line":760,"column":7}},"178":{"start":{"line":755,"column":8},"end":{"line":755,"column":60}},"179":{"start":{"line":758,"column":8},"end":{"line":758,"column":48}},"180":{"start":{"line":759,"column":8},"end":{"line":759,"column":65}},"181":{"start":{"line":763,"column":9},"end":{"line":767,"column":5}},"182":{"start":{"line":765,"column":6},"end":{"line":765,"column":26}},"183":{"start":{"line":766,"column":6},"end":{"line":766,"column":63}},"184":{"start":{"line":771,"column":4},"end":{"line":778,"column":5}},"185":{"start":{"line":773,"column":6},"end":{"line":777,"column":28}},"186":{"start":{"line":774,"column":8},"end":{"line":774,"column":33}},"187":{"start":{"line":775,"column":8},"end":{"line":775,"column":44}},"188":{"start":{"line":777,"column":11},"end":{"line":777,"column":28}},"189":{"start":{"line":779,"column":4},"end":{"line":779,"column":16}},"190":{"start":{"line":796,"column":0},"end":{"line":961,"column":3}},"191":{"start":{"line":831,"column":4},"end":{"line":831,"column":33}},"192":{"start":{"line":832,"column":4},"end":{"line":834,"column":5}},"193":{"start":{"line":833,"column":6},"end":{"line":833,"column":44}},"194":{"start":{"line":836,"column":4},"end":{"line":836,"column":65}},"195":{"start":{"line":838,"column":4},"end":{"line":839,"column":77}},"196":{"start":{"line":841,"column":4},"end":{"line":843,"column":5}},"197":{"start":{"line":842,"column":6},"end":{"line":842,"column":34}},"198":{"start":{"line":845,"column":4},"end":{"line":845,"column":31}},"199":{"start":{"line":847,"column":4},"end":{"line":847,"column":73}},"200":{"start":{"line":849,"column":4},"end":{"line":851,"column":7}},"201":{"start":{"line":850,"column":6},"end":{"line":850,"column":49}},"202":{"start":{"line":850,"column":35},"end":{"line":850,"column":49}},"203":{"start":{"line":853,"column":4},"end":{"line":853,"column":61}},"204":{"start":{"line":855,"column":4},"end":{"line":863,"column":21}},"205":{"start":{"line":857,"column":20},"end":{"line":857,"column":61}},"206":{"start":{"line":858,"column":20},"end":{"line":862,"column":21}},"207":{"start":{"line":859,"column":22},"end":{"line":861,"column":23}},"208":{"start":{"line":860,"column":24},"end":{"line":860,"column":59}},"209":{"start":{"line":865,"column":4},"end":{"line":865,"column":88}},"210":{"start":{"line":865,"column":63},"end":{"line":865,"column":88}},"211":{"start":{"line":866,"column":4},"end":{"line":866,"column":88}},"212":{"start":{"line":866,"column":63},"end":{"line":866,"column":88}},"213":{"start":{"line":867,"column":4},"end":{"line":867,"column":92}},"214":{"start":{"line":867,"column":65},"end":{"line":867,"column":92}},"215":{"start":{"line":875,"column":4},"end":{"line":875,"column":21}},"216":{"start":{"line":876,"column":4},"end":{"line":876,"column":27}},"217":{"start":{"line":877,"column":4},"end":{"line":877,"column":85}},"218":{"start":{"line":878,"column":4},"end":{"line":878,"column":26}},"219":{"start":{"line":879,"column":4},"end":{"line":879,"column":16}},"220":{"start":{"line":902,"column":4},"end":{"line":902,"column":27}},"221":{"start":{"line":903,"column":4},"end":{"line":903,"column":29}},"222":{"start":{"line":905,"column":4},"end":{"line":905,"column":73}},"223":{"start":{"line":906,"column":4},"end":{"line":924,"column":5}},"224":{"start":{"line":908,"column":6},"end":{"line":912,"column":9}},"225":{"start":{"line":914,"column":6},"end":{"line":914,"column":78}},"226":{"start":{"line":917,"column":6},"end":{"line":917,"column":30}},"227":{"start":{"line":918,"column":6},"end":{"line":918,"column":23}},"228":{"start":{"line":919,"column":6},"end":{"line":919,"column":46}},"229":{"start":{"line":920,"column":6},"end":{"line":920,"column":34}},"230":{"start":{"line":921,"column":6},"end":{"line":921,"column":34}},"231":{"start":{"line":923,"column":6},"end":{"line":923,"column":81}},"232":{"start":{"line":931,"column":4},"end":{"line":933,"column":5}},"233":{"start":{"line":932,"column":6},"end":{"line":932,"column":33}},"234":{"start":{"line":940,"column":4},"end":{"line":940,"column":34}},"235":{"start":{"line":941,"column":4},"end":{"line":941,"column":32}},"236":{"start":{"line":942,"column":4},"end":{"line":942,"column":43}},"237":{"start":{"line":943,"column":4},"end":{"line":943,"column":30}},"238":{"start":{"line":944,"column":4},"end":{"line":944,"column":35}},"239":{"start":{"line":945,"column":4},"end":{"line":945,"column":18}},"240":{"start":{"line":954,"column":4},"end":{"line":957,"column":5}},"241":{"start":{"line":955,"column":6},"end":{"line":955,"column":69}},"242":{"start":{"line":956,"column":6},"end":{"line":956,"column":32}},"243":{"start":{"line":958,"column":4},"end":{"line":958,"column":56}},"244":{"start":{"line":969,"column":0},"end":{"line":976,"column":3}},"245":{"start":{"line":989,"column":0},"end":{"line":1026,"column":3}},"246":{"start":{"line":1007,"column":4},"end":{"line":1007,"column":56}},"247":{"start":{"line":1008,"column":4},"end":{"line":1008,"column":45}},"248":{"start":{"line":1009,"column":4},"end":{"line":1009,"column":48}},"249":{"start":{"line":1013,"column":4},"end":{"line":1013,"column":21}},"250":{"start":{"line":1014,"column":4},"end":{"line":1014,"column":59}},"251":{"start":{"line":1015,"column":4},"end":{"line":1015,"column":70}},"252":{"start":{"line":1016,"column":4},"end":{"line":1021,"column":29}},"253":{"start":{"line":1022,"column":4},"end":{"line":1022,"column":26}},"254":{"start":{"line":1023,"column":4},"end":{"line":1023,"column":16}},"255":{"start":{"line":1036,"column":0},"end":{"line":1056,"column":3}},"256":{"start":{"line":1044,"column":4},"end":{"line":1044,"column":21}},"257":{"start":{"line":1045,"column":4},"end":{"line":1045,"column":27}},"258":{"start":{"line":1046,"column":4},"end":{"line":1046,"column":91}},"259":{"start":{"line":1047,"column":4},"end":{"line":1051,"column":29}},"260":{"start":{"line":1052,"column":4},"end":{"line":1052,"column":26}},"261":{"start":{"line":1053,"column":4},"end":{"line":1053,"column":16}},"262":{"start":{"line":1065,"column":0},"end":{"line":1099,"column":3}},"263":{"start":{"line":1092,"column":4},"end":{"line":1092,"column":59}},"264":{"start":{"line":1093,"column":4},"end":{"line":1093,"column":35}},"265":{"start":{"line":1094,"column":4},"end":{"line":1094,"column":39}},"266":{"start":{"line":1095,"column":4},"end":{"line":1095,"column":55}},"267":{"start":{"line":1096,"column":4},"end":{"line":1096,"column":51}},"268":{"start":{"line":1109,"column":0},"end":{"line":1118,"column":3}},"269":{"start":{"line":1127,"column":0},"end":{"line":1155,"column":3}},"270":{"start":{"line":1149,"column":4},"end":{"line":1149,"column":60}},"271":{"start":{"line":1150,"column":4},"end":{"line":1150,"column":35}},"272":{"start":{"line":1151,"column":4},"end":{"line":1151,"column":43}},"273":{"start":{"line":1152,"column":4},"end":{"line":1152,"column":35}},"274":{"start":{"line":1171,"column":0},"end":{"line":1220,"column":3}},"275":{"start":{"line":1202,"column":4},"end":{"line":1202,"column":61}},"276":{"start":{"line":1203,"column":4},"end":{"line":1203,"column":35}},"277":{"start":{"line":1204,"column":4},"end":{"line":1204,"column":45}},"278":{"start":{"line":1205,"column":4},"end":{"line":1205,"column":45}},"279":{"start":{"line":1206,"column":4},"end":{"line":1206,"column":47}},"280":{"start":{"line":1208,"column":4},"end":{"line":1208,"column":59}},"281":{"start":{"line":1209,"column":4},"end":{"line":1209,"column":69}},"282":{"start":{"line":1210,"column":4},"end":{"line":1210,"column":54}},"283":{"start":{"line":1211,"column":4},"end":{"line":1211,"column":73}},"284":{"start":{"line":1213,"column":4},"end":{"line":1217,"column":7}},"285":{"start":{"line":1228,"column":0},"end":{"line":1236,"column":3}},"286":{"start":{"line":1244,"column":0},"end":{"line":1252,"column":3}},"287":{"start":{"line":1260,"column":0},"end":{"line":1339,"column":3}},"288":{"start":{"line":1274,"column":6},"end":{"line":1274,"column":28}},"289":{"start":{"line":1278,"column":6},"end":{"line":1278,"column":29}},"290":{"start":{"line":1289,"column":4},"end":{"line":1289,"column":27}},"291":{"start":{"line":1290,"column":4},"end":{"line":1290,"column":80}},"292":{"start":{"line":1291,"column":4},"end":{"line":1291,"column":34}},"293":{"start":{"line":1292,"column":4},"end":{"line":1292,"column":16}},"294":{"start":{"line":1300,"column":4},"end":{"line":1303,"column":5}},"295":{"start":{"line":1301,"column":6},"end":{"line":1301,"column":29}},"296":{"start":{"line":1302,"column":6},"end":{"line":1302,"column":75}},"297":{"start":{"line":1312,"column":4},"end":{"line":1312,"column":27}},"298":{"start":{"line":1313,"column":4},"end":{"line":1313,"column":29}},"299":{"start":{"line":1314,"column":4},"end":{"line":1314,"column":35}},"300":{"start":{"line":1315,"column":4},"end":{"line":1315,"column":33}},"301":{"start":{"line":1317,"column":4},"end":{"line":1317,"column":62}},"302":{"start":{"line":1317,"column":50},"end":{"line":1317,"column":62}},"303":{"start":{"line":1318,"column":4},"end":{"line":1321,"column":5}},"304":{"start":{"line":1319,"column":6},"end":{"line":1319,"column":26}},"305":{"start":{"line":1320,"column":6},"end":{"line":1320,"column":63}},"306":{"start":{"line":1323,"column":4},"end":{"line":1323,"column":23}},"307":{"start":{"line":1324,"column":4},"end":{"line":1336,"column":5}},"308":{"start":{"line":1326,"column":6},"end":{"line":1326,"column":25}},"309":{"start":{"line":1327,"column":6},"end":{"line":1327,"column":26}},"310":{"start":{"line":1328,"column":6},"end":{"line":1328,"column":60}},"311":{"start":{"line":1329,"column":6},"end":{"line":1329,"column":41}},"312":{"start":{"line":1330,"column":6},"end":{"line":1330,"column":63}},"313":{"start":{"line":1332,"column":9},"end":{"line":1336,"column":5}},"314":{"start":{"line":1333,"column":6},"end":{"line":1333,"column":60}},"315":{"start":{"line":1334,"column":6},"end":{"line":1334,"column":41}},"316":{"start":{"line":1335,"column":6},"end":{"line":1335,"column":18}},"317":{"start":{"line":1348,"column":0},"end":{"line":1379,"column":3}},"318":{"start":{"line":1366,"column":4},"end":{"line":1366,"column":21}},"319":{"start":{"line":1367,"column":4},"end":{"line":1367,"column":49}},"320":{"start":{"line":1368,"column":4},"end":{"line":1368,"column":73}},"321":{"start":{"line":1369,"column":4},"end":{"line":1374,"column":8}},"322":{"start":{"line":1375,"column":4},"end":{"line":1375,"column":26}},"323":{"start":{"line":1376,"column":4},"end":{"line":1376,"column":16}},"324":{"start":{"line":1387,"column":0},"end":{"line":1505,"column":3}},"325":{"start":{"line":1403,"column":4},"end":{"line":1403,"column":37}},"326":{"start":{"line":1404,"column":4},"end":{"line":1404,"column":55}},"327":{"start":{"line":1408,"column":4},"end":{"line":1408,"column":29}},"328":{"start":{"line":1409,"column":4},"end":{"line":1409,"column":40}},"329":{"start":{"line":1413,"column":4},"end":{"line":1413,"column":21}},"330":{"start":{"line":1414,"column":4},"end":{"line":1420,"column":5}},"331":{"start":{"line":1415,"column":6},"end":{"line":1419,"column":9}},"332":{"start":{"line":1421,"column":4},"end":{"line":1421,"column":19}},"333":{"start":{"line":1432,"column":4},"end":{"line":1432,"column":21}},"334":{"start":{"line":1434,"column":4},"end":{"line":1434,"column":54}},"335":{"start":{"line":1435,"column":4},"end":{"line":1435,"column":27}},"336":{"start":{"line":1436,"column":4},"end":{"line":1436,"column":91}},"337":{"start":{"line":1438,"column":4},"end":{"line":1438,"column":87}},"338":{"start":{"line":1438,"column":34},"end":{"line":1438,"column":87}},"339":{"start":{"line":1440,"column":4},"end":{"line":1440,"column":27}},"340":{"start":{"line":1441,"column":4},"end":{"line":1441,"column":26}},"341":{"start":{"line":1442,"column":4},"end":{"line":1442,"column":27}},"342":{"start":{"line":1443,"column":4},"end":{"line":1443,"column":28}},"343":{"start":{"line":1444,"column":4},"end":{"line":1444,"column":24}},"344":{"start":{"line":1446,"column":4},"end":{"line":1468,"column":5}},"345":{"start":{"line":1447,"column":6},"end":{"line":1447,"column":40}},"346":{"start":{"line":1449,"column":6},"end":{"line":1467,"column":7}},"347":{"start":{"line":1450,"column":8},"end":{"line":1450,"column":37}},"348":{"start":{"line":1451,"column":8},"end":{"line":1451,"column":37}},"349":{"start":{"line":1453,"column":8},"end":{"line":1457,"column":12}},"350":{"start":{"line":1459,"column":11},"end":{"line":1467,"column":7}},"351":{"start":{"line":1460,"column":8},"end":{"line":1460,"column":40}},"352":{"start":{"line":1461,"column":8},"end":{"line":1461,"column":71}},"353":{"start":{"line":1462,"column":8},"end":{"line":1462,"column":92}},"354":{"start":{"line":1463,"column":8},"end":{"line":1463,"column":34}},"355":{"start":{"line":1466,"column":8},"end":{"line":1466,"column":161}},"356":{"start":{"line":1470,"column":4},"end":{"line":1470,"column":26}},"357":{"start":{"line":1472,"column":4},"end":{"line":1472,"column":16}},"358":{"start":{"line":1479,"column":4},"end":{"line":1479,"column":27}},"359":{"start":{"line":1480,"column":4},"end":{"line":1480,"column":29}},"360":{"start":{"line":1481,"column":4},"end":{"line":1481,"column":79}},"361":{"start":{"line":1489,"column":4},"end":{"line":1489,"column":27}},"362":{"start":{"line":1490,"column":4},"end":{"line":1490,"column":29}},"363":{"start":{"line":1491,"column":4},"end":{"line":1491,"column":33}},"364":{"start":{"line":1492,"column":4},"end":{"line":1502,"column":5}},"365":{"start":{"line":1493,"column":6},"end":{"line":1493,"column":26}},"366":{"start":{"line":1494,"column":6},"end":{"line":1494,"column":70}},"367":{"start":{"line":1496,"column":9},"end":{"line":1502,"column":5}},"368":{"start":{"line":1498,"column":6},"end":{"line":1498,"column":25}},"369":{"start":{"line":1499,"column":6},"end":{"line":1499,"column":26}},"370":{"start":{"line":1500,"column":6},"end":{"line":1500,"column":19}},"371":{"start":{"line":1501,"column":6},"end":{"line":1501,"column":70}},"372":{"start":{"line":1539,"column":0},"end":{"line":1639,"column":3}},"373":{"start":{"line":1571,"column":4},"end":{"line":1571,"column":59}},"374":{"start":{"line":1572,"column":4},"end":{"line":1577,"column":7}},"375":{"start":{"line":1573,"column":6},"end":{"line":1576,"column":7}},"376":{"start":{"line":1574,"column":8},"end":{"line":1574,"column":50}},"377":{"start":{"line":1575,"column":8},"end":{"line":1575,"column":42}},"378":{"start":{"line":1586,"column":4},"end":{"line":1586,"column":21}},"379":{"start":{"line":1588,"column":4},"end":{"line":1588,"column":54}},"380":{"start":{"line":1589,"column":4},"end":{"line":1589,"column":27}},"381":{"start":{"line":1590,"column":4},"end":{"line":1590,"column":84}},"382":{"start":{"line":1592,"column":4},"end":{"line":1592,"column":26}},"383":{"start":{"line":1594,"column":4},"end":{"line":1632,"column":5}},"384":{"start":{"line":1595,"column":6},"end":{"line":1595,"column":83}},"385":{"start":{"line":1595,"column":63},"end":{"line":1595,"column":83}},"386":{"start":{"line":1597,"column":6},"end":{"line":1623,"column":7}},"387":{"start":{"line":1598,"column":8},"end":{"line":1598,"column":34}},"388":{"start":{"line":1600,"column":8},"end":{"line":1622,"column":9}},"389":{"start":{"line":1601,"column":10},"end":{"line":1601,"column":44}},"390":{"start":{"line":1603,"column":10},"end":{"line":1621,"column":11}},"391":{"start":{"line":1604,"column":12},"end":{"line":1604,"column":45}},"392":{"start":{"line":1605,"column":12},"end":{"line":1605,"column":45}},"393":{"start":{"line":1607,"column":12},"end":{"line":1607,"column":71}},"394":{"start":{"line":1607,"column":41},"end":{"line":1607,"column":71}},"395":{"start":{"line":1609,"column":15},"end":{"line":1621,"column":11}},"396":{"start":{"line":1610,"column":12},"end":{"line":1610,"column":55}},"397":{"start":{"line":1612,"column":12},"end":{"line":1617,"column":13}},"398":{"start":{"line":1613,"column":14},"end":{"line":1613,"column":58}},"399":{"start":{"line":1614,"column":14},"end":{"line":1616,"column":15}},"400":{"start":{"line":1615,"column":16},"end":{"line":1615,"column":55}},"401":{"start":{"line":1620,"column":12},"end":{"line":1620,"column":32}},"402":{"start":{"line":1625,"column":6},"end":{"line":1625,"column":57}},"403":{"start":{"line":1628,"column":6},"end":{"line":1630,"column":7}},"404":{"start":{"line":1629,"column":8},"end":{"line":1629,"column":124}},"405":{"start":{"line":1631,"column":6},"end":{"line":1631,"column":15}},"406":{"start":{"line":1634,"column":4},"end":{"line":1634,"column":26}},"407":{"start":{"line":1636,"column":4},"end":{"line":1636,"column":16}},"408":{"start":{"line":1659,"column":0},"end":{"line":1835,"column":3}},"409":{"start":{"line":1782,"column":4},"end":{"line":1784,"column":5}},"410":{"start":{"line":1783,"column":6},"end":{"line":1783,"column":62}},"411":{"start":{"line":1786,"column":4},"end":{"line":1786,"column":87}},"412":{"start":{"line":1788,"column":4},"end":{"line":1788,"column":69}},"413":{"start":{"line":1790,"column":4},"end":{"line":1790,"column":69}},"414":{"start":{"line":1806,"column":4},"end":{"line":1806,"column":42}},"415":{"start":{"line":1807,"column":4},"end":{"line":1808,"column":55}},"416":{"start":{"line":1807,"column":31},"end":{"line":1807,"column":54}},"417":{"start":{"line":1808,"column":9},"end":{"line":1808,"column":55}},"418":{"start":{"line":1808,"column":38},"end":{"line":1808,"column":55}},"419":{"start":{"line":1810,"column":4},"end":{"line":1812,"column":6}},"420":{"start":{"line":1811,"column":6},"end":{"line":1811,"column":32}},"421":{"start":{"line":1837,"column":0},"end":{"line":1845,"column":3}},"422":{"start":{"line":1838,"column":2},"end":{"line":1844,"column":4}},"423":{"start":{"line":1839,"column":4},"end":{"line":1839,"column":30}},"424":{"start":{"line":1840,"column":4},"end":{"line":1841,"column":47}},"425":{"start":{"line":1840,"column":27},"end":{"line":1840,"column":46}},"426":{"start":{"line":1841,"column":9},"end":{"line":1841,"column":47}},"427":{"start":{"line":1841,"column":34},"end":{"line":1841,"column":47}},"428":{"start":{"line":1843,"column":4},"end":{"line":1843,"column":19}},"429":{"start":{"line":1853,"column":0},"end":{"line":1859,"column":3}},"430":{"start":{"line":1877,"column":0},"end":{"line":1975,"column":3}},"431":{"start":{"line":1893,"column":4},"end":{"line":1893,"column":49}},"432":{"start":{"line":1894,"column":4},"end":{"line":1896,"column":5}},"433":{"start":{"line":1895,"column":6},"end":{"line":1895,"column":52}},"434":{"start":{"line":1898,"column":4},"end":{"line":1898,"column":32}},"435":{"start":{"line":1899,"column":4},"end":{"line":1901,"column":5}},"436":{"start":{"line":1900,"column":6},"end":{"line":1900,"column":56}},"437":{"start":{"line":1903,"column":4},"end":{"line":1918,"column":7}},"438":{"start":{"line":1904,"column":6},"end":{"line":1904,"column":38}},"439":{"start":{"line":1905,"column":6},"end":{"line":1905,"column":48}},"440":{"start":{"line":1906,"column":6},"end":{"line":1906,"column":31}},"441":{"start":{"line":1908,"column":6},"end":{"line":1908,"column":25}},"442":{"start":{"line":1909,"column":6},"end":{"line":1917,"column":7}},"443":{"start":{"line":1910,"column":8},"end":{"line":1910,"column":39}},"444":{"start":{"line":1912,"column":11},"end":{"line":1917,"column":7}},"445":{"start":{"line":1913,"column":8},"end":{"line":1913,"column":38}},"446":{"start":{"line":1916,"column":8},"end":{"line":1916,"column":55}},"447":{"start":{"line":1920,"column":4},"end":{"line":1923,"column":7}},"448":{"start":{"line":1921,"column":6},"end":{"line":1921,"column":33}},"449":{"start":{"line":1922,"column":6},"end":{"line":1922,"column":34}},"450":{"start":{"line":1938,"column":4},"end":{"line":1941,"column":7}},"451":{"start":{"line":1948,"column":4},"end":{"line":1948,"column":21}},"452":{"start":{"line":1950,"column":4},"end":{"line":1950,"column":53}},"453":{"start":{"line":1951,"column":4},"end":{"line":1953,"column":5}},"454":{"start":{"line":1952,"column":6},"end":{"line":1952,"column":54}},"455":{"start":{"line":1955,"column":4},"end":{"line":1955,"column":34}},"456":{"start":{"line":1957,"column":4},"end":{"line":1957,"column":26}},"457":{"start":{"line":1959,"column":4},"end":{"line":1959,"column":16}},"458":{"start":{"line":1968,"column":4},"end":{"line":1971,"column":5}},"459":{"start":{"line":1969,"column":6},"end":{"line":1969,"column":31}},"460":{"start":{"line":1970,"column":6},"end":{"line":1970,"column":41}},"461":{"start":{"line":1972,"column":4},"end":{"line":1972,"column":65}},"462":{"start":{"line":1984,"column":0},"end":{"line":2019,"column":3}},"463":{"start":{"line":2000,"column":4},"end":{"line":2000,"column":39}},"464":{"start":{"line":2001,"column":4},"end":{"line":2001,"column":36}},"465":{"start":{"line":2008,"column":4},"end":{"line":2008,"column":21}},"466":{"start":{"line":2010,"column":4},"end":{"line":2010,"column":42}},"467":{"start":{"line":2011,"column":4},"end":{"line":2011,"column":52}},"468":{"start":{"line":2012,"column":4},"end":{"line":2012,"column":49}},"469":{"start":{"line":2014,"column":4},"end":{"line":2014,"column":43}},"470":{"start":{"line":2015,"column":4},"end":{"line":2015,"column":28}},"471":{"start":{"line":2017,"column":4},"end":{"line":2017,"column":16}},"472":{"start":{"line":2037,"column":0},"end":{"line":2158,"column":3}},"473":{"start":{"line":2056,"column":4},"end":{"line":2056,"column":33}},"474":{"start":{"line":2057,"column":4},"end":{"line":2059,"column":5}},"475":{"start":{"line":2058,"column":6},"end":{"line":2058,"column":44}},"476":{"start":{"line":2061,"column":4},"end":{"line":2061,"column":75}},"477":{"start":{"line":2063,"column":4},"end":{"line":2071,"column":21}},"478":{"start":{"line":2065,"column":20},"end":{"line":2065,"column":61}},"479":{"start":{"line":2066,"column":20},"end":{"line":2070,"column":21}},"480":{"start":{"line":2067,"column":22},"end":{"line":2069,"column":23}},"481":{"start":{"line":2068,"column":24},"end":{"line":2068,"column":59}},"482":{"start":{"line":2072,"column":4},"end":{"line":2072,"column":74}},"483":{"start":{"line":2073,"column":4},"end":{"line":2073,"column":67}},"484":{"start":{"line":2075,"column":4},"end":{"line":2075,"column":93}},"485":{"start":{"line":2075,"column":68},"end":{"line":2075,"column":93}},"486":{"start":{"line":2076,"column":4},"end":{"line":2076,"column":93}},"487":{"start":{"line":2076,"column":68},"end":{"line":2076,"column":93}},"488":{"start":{"line":2077,"column":4},"end":{"line":2077,"column":97}},"489":{"start":{"line":2077,"column":70},"end":{"line":2077,"column":97}},"490":{"start":{"line":2079,"column":4},"end":{"line":2079,"column":78}},"491":{"start":{"line":2088,"column":4},"end":{"line":2091,"column":5}},"492":{"start":{"line":2089,"column":6},"end":{"line":2089,"column":66}},"493":{"start":{"line":2090,"column":6},"end":{"line":2090,"column":41}},"494":{"start":{"line":2101,"column":4},"end":{"line":2101,"column":64}},"495":{"start":{"line":2102,"column":4},"end":{"line":2102,"column":74}},"496":{"start":{"line":2102,"column":45},"end":{"line":2102,"column":74}},"497":{"start":{"line":2111,"column":4},"end":{"line":2111,"column":23}},"498":{"start":{"line":2113,"column":4},"end":{"line":2113,"column":29}},"499":{"start":{"line":2114,"column":4},"end":{"line":2114,"column":37}},"500":{"start":{"line":2115,"column":4},"end":{"line":2115,"column":32}},"501":{"start":{"line":2117,"column":4},"end":{"line":2121,"column":5}},"502":{"start":{"line":2118,"column":6},"end":{"line":2120,"column":55}},"503":{"start":{"line":2118,"column":51},"end":{"line":2118,"column":96}},"504":{"start":{"line":2119,"column":11},"end":{"line":2120,"column":55}},"505":{"start":{"line":2119,"column":57},"end":{"line":2119,"column":94}},"506":{"start":{"line":2120,"column":11},"end":{"line":2120,"column":55}},"507":{"start":{"line":2123,"column":4},"end":{"line":2126,"column":5}},"508":{"start":{"line":2124,"column":6},"end":{"line":2125,"column":55}},"509":{"start":{"line":2124,"column":51},"end":{"line":2124,"column":96}},"510":{"start":{"line":2125,"column":11},"end":{"line":2125,"column":55}},"511":{"start":{"line":2128,"column":4},"end":{"line":2128,"column":83}},"512":{"start":{"line":2129,"column":4},"end":{"line":2133,"column":5}},"513":{"start":{"line":2130,"column":6},"end":{"line":2130,"column":44}},"514":{"start":{"line":2131,"column":6},"end":{"line":2132,"column":35}},"515":{"start":{"line":2131,"column":33},"end":{"line":2131,"column":58}},"516":{"start":{"line":2132,"column":11},"end":{"line":2132,"column":35}},"517":{"start":{"line":2141,"column":4},"end":{"line":2141,"column":21}},"518":{"start":{"line":2142,"column":4},"end":{"line":2142,"column":29}},"519":{"start":{"line":2143,"column":4},"end":{"line":2143,"column":83}},"520":{"start":{"line":2144,"column":4},"end":{"line":2144,"column":14}},"521":{"start":{"line":2145,"column":4},"end":{"line":2149,"column":5}},"522":{"start":{"line":2146,"column":6},"end":{"line":2146,"column":86}},"523":{"start":{"line":2148,"column":6},"end":{"line":2148,"column":59}},"524":{"start":{"line":2151,"column":4},"end":{"line":2151,"column":27}},"525":{"start":{"line":2152,"column":4},"end":{"line":2152,"column":42}},"526":{"start":{"line":2153,"column":4},"end":{"line":2153,"column":47}},"527":{"start":{"line":2154,"column":4},"end":{"line":2154,"column":26}},"528":{"start":{"line":2155,"column":4},"end":{"line":2155,"column":16}},"529":{"start":{"line":2166,"column":0},"end":{"line":2195,"column":3}},"530":{"start":{"line":2183,"column":4},"end":{"line":2183,"column":61}},"531":{"start":{"line":2187,"column":4},"end":{"line":2187,"column":82}},"532":{"start":{"line":2188,"column":4},"end":{"line":2191,"column":7}},"533":{"start":{"line":2192,"column":4},"end":{"line":2192,"column":22}},"534":{"start":{"line":2204,"column":0},"end":{"line":2250,"column":3}},"535":{"start":{"line":2220,"column":4},"end":{"line":2220,"column":35}},"536":{"start":{"line":2221,"column":4},"end":{"line":2223,"column":5}},"537":{"start":{"line":2222,"column":6},"end":{"line":2222,"column":47}},"538":{"start":{"line":2225,"column":4},"end":{"line":2228,"column":7}},"539":{"start":{"line":2235,"column":4},"end":{"line":2235,"column":43}},"540":{"start":{"line":2236,"column":4},"end":{"line":2236,"column":26}},"541":{"start":{"line":2237,"column":4},"end":{"line":2237,"column":16}},"542":{"start":{"line":2246,"column":4},"end":{"line":2246,"column":47}},"543":{"start":{"line":2247,"column":4},"end":{"line":2247,"column":65}},"544":{"start":{"line":2267,"column":0},"end":{"line":2628,"column":3}},"545":{"start":{"line":2288,"column":4},"end":{"line":2288,"column":35}},"546":{"start":{"line":2289,"column":4},"end":{"line":2291,"column":5}},"547":{"start":{"line":2290,"column":6},"end":{"line":2290,"column":47}},"548":{"start":{"line":2293,"column":4},"end":{"line":2293,"column":34}},"549":{"start":{"line":2294,"column":4},"end":{"line":2301,"column":13}},"550":{"start":{"line":2295,"column":6},"end":{"line":2298,"column":9}},"551":{"start":{"line":2300,"column":6},"end":{"line":2300,"column":17}},"552":{"start":{"line":2303,"column":4},"end":{"line":2303,"column":39}},"553":{"start":{"line":2304,"column":4},"end":{"line":2304,"column":33}},"554":{"start":{"line":2306,"column":4},"end":{"line":2306,"column":37}},"555":{"start":{"line":2307,"column":4},"end":{"line":2307,"column":53}},"556":{"start":{"line":2308,"column":4},"end":{"line":2308,"column":56}},"557":{"start":{"line":2309,"column":4},"end":{"line":2309,"column":52}},"558":{"start":{"line":2310,"column":4},"end":{"line":2310,"column":53}},"559":{"start":{"line":2311,"column":4},"end":{"line":2311,"column":58}},"560":{"start":{"line":2312,"column":4},"end":{"line":2312,"column":70}},"561":{"start":{"line":2316,"column":4},"end":{"line":2321,"column":5}},"562":{"start":{"line":2317,"column":6},"end":{"line":2320,"column":10}},"563":{"start":{"line":2349,"column":4},"end":{"line":2349,"column":67}},"564":{"start":{"line":2349,"column":42},"end":{"line":2349,"column":67}},"565":{"start":{"line":2352,"column":4},"end":{"line":2355,"column":5}},"566":{"start":{"line":2353,"column":6},"end":{"line":2353,"column":57}},"567":{"start":{"line":2354,"column":6},"end":{"line":2354,"column":13}},"568":{"start":{"line":2357,"column":4},"end":{"line":2360,"column":7}},"569":{"start":{"line":2362,"column":4},"end":{"line":2362,"column":42}},"570":{"start":{"line":2363,"column":4},"end":{"line":2363,"column":36}},"571":{"start":{"line":2365,"column":4},"end":{"line":2365,"column":23}},"572":{"start":{"line":2366,"column":4},"end":{"line":2366,"column":35}},"573":{"start":{"line":2367,"column":4},"end":{"line":2367,"column":34}},"574":{"start":{"line":2369,"column":4},"end":{"line":2374,"column":5}},"575":{"start":{"line":2370,"column":6},"end":{"line":2370,"column":25}},"576":{"start":{"line":2373,"column":6},"end":{"line":2373,"column":41}},"577":{"start":{"line":2376,"column":4},"end":{"line":2376,"column":16}},"578":{"start":{"line":2406,"column":4},"end":{"line":2410,"column":5}},"579":{"start":{"line":2407,"column":6},"end":{"line":2407,"column":60}},"580":{"start":{"line":2408,"column":6},"end":{"line":2408,"column":35}},"581":{"start":{"line":2409,"column":6},"end":{"line":2409,"column":13}},"582":{"start":{"line":2412,"column":4},"end":{"line":2414,"column":5}},"583":{"start":{"line":2413,"column":6},"end":{"line":2413,"column":40}},"584":{"start":{"line":2416,"column":4},"end":{"line":2416,"column":39}},"585":{"start":{"line":2417,"column":4},"end":{"line":2417,"column":33}},"586":{"start":{"line":2419,"column":4},"end":{"line":2419,"column":16}},"587":{"start":{"line":2428,"column":4},"end":{"line":2430,"column":5}},"588":{"start":{"line":2429,"column":6},"end":{"line":2429,"column":28}},"589":{"start":{"line":2432,"column":4},"end":{"line":2439,"column":13}},"590":{"start":{"line":2433,"column":6},"end":{"line":2436,"column":9}},"591":{"start":{"line":2438,"column":6},"end":{"line":2438,"column":17}},"592":{"start":{"line":2440,"column":4},"end":{"line":2440,"column":33}},"593":{"start":{"line":2442,"column":4},"end":{"line":2442,"column":18}},"594":{"start":{"line":2444,"column":4},"end":{"line":2444,"column":54}},"595":{"start":{"line":2446,"column":4},"end":{"line":2446,"column":16}},"596":{"start":{"line":2455,"column":4},"end":{"line":2455,"column":21}},"597":{"start":{"line":2457,"column":4},"end":{"line":2457,"column":53}},"598":{"start":{"line":2458,"column":4},"end":{"line":2461,"column":5}},"599":{"start":{"line":2459,"column":6},"end":{"line":2459,"column":29}},"600":{"start":{"line":2460,"column":6},"end":{"line":2460,"column":44}},"601":{"start":{"line":2463,"column":4},"end":{"line":2463,"column":34}},"602":{"start":{"line":2465,"column":4},"end":{"line":2465,"column":26}},"603":{"start":{"line":2467,"column":4},"end":{"line":2467,"column":16}},"604":{"start":{"line":2476,"column":4},"end":{"line":2479,"column":5}},"605":{"start":{"line":2477,"column":6},"end":{"line":2477,"column":29}},"606":{"start":{"line":2478,"column":6},"end":{"line":2478,"column":39}},"607":{"start":{"line":2480,"column":4},"end":{"line":2480,"column":65}},"608":{"start":{"line":2505,"column":4},"end":{"line":2507,"column":5}},"609":{"start":{"line":2506,"column":6},"end":{"line":2506,"column":91}},"610":{"start":{"line":2509,"column":4},"end":{"line":2509,"column":76}},"611":{"start":{"line":2509,"column":28},"end":{"line":2509,"column":76}},"612":{"start":{"line":2511,"column":4},"end":{"line":2511,"column":37}},"613":{"start":{"line":2513,"column":4},"end":{"line":2513,"column":14}},"614":{"start":{"line":2514,"column":4},"end":{"line":2516,"column":22}},"615":{"start":{"line":2514,"column":35},"end":{"line":2514,"column":46}},"616":{"start":{"line":2515,"column":9},"end":{"line":2516,"column":22}},"617":{"start":{"line":2515,"column":41},"end":{"line":2515,"column":51}},"618":{"start":{"line":2516,"column":9},"end":{"line":2516,"column":22}},"619":{"start":{"line":2518,"column":4},"end":{"line":2523,"column":44}},"620":{"start":{"line":2522,"column":43},"end":{"line":2522,"column":81}},"621":{"start":{"line":2525,"column":4},"end":{"line":2542,"column":5}},"622":{"start":{"line":2528,"column":6},"end":{"line":2529,"column":61}},"623":{"start":{"line":2531,"column":6},"end":{"line":2537,"column":43}},"624":{"start":{"line":2532,"column":8},"end":{"line":2534,"column":9}},"625":{"start":{"line":2533,"column":10},"end":{"line":2533,"column":60}},"626":{"start":{"line":2535,"column":8},"end":{"line":2535,"column":41}},"627":{"start":{"line":2537,"column":11},"end":{"line":2537,"column":43}},"628":{"start":{"line":2540,"column":6},"end":{"line":2540,"column":41}},"629":{"start":{"line":2541,"column":6},"end":{"line":2541,"column":24}},"630":{"start":{"line":2544,"column":4},"end":{"line":2544,"column":39}},"631":{"start":{"line":2546,"column":4},"end":{"line":2546,"column":16}},"632":{"start":{"line":2551,"column":4},"end":{"line":2562,"column":6}},"633":{"start":{"line":2553,"column":6},"end":{"line":2553,"column":57}},"634":{"start":{"line":2556,"column":6},"end":{"line":2556,"column":43}},"635":{"start":{"line":2556,"column":23},"end":{"line":2556,"column":43}},"636":{"start":{"line":2559,"column":6},"end":{"line":2560,"column":32}},"637":{"start":{"line":2559,"column":19},"end":{"line":2559,"column":28}},"638":{"start":{"line":2560,"column":11},"end":{"line":2560,"column":32}},"639":{"start":{"line":2560,"column":22},"end":{"line":2560,"column":32}},"640":{"start":{"line":2561,"column":6},"end":{"line":2561,"column":15}},"641":{"start":{"line":2580,"column":4},"end":{"line":2580,"column":43}},"642":{"start":{"line":2581,"column":4},"end":{"line":2581,"column":41}},"643":{"start":{"line":2582,"column":4},"end":{"line":2582,"column":41}},"644":{"start":{"line":2584,"column":4},"end":{"line":2584,"column":41}},"645":{"start":{"line":2586,"column":4},"end":{"line":2624,"column":5}},"646":{"start":{"line":2588,"column":6},"end":{"line":2588,"column":34}},"647":{"start":{"line":2589,"column":6},"end":{"line":2589,"column":49}},"648":{"start":{"line":2591,"column":6},"end":{"line":2623,"column":7}},"649":{"start":{"line":2592,"column":8},"end":{"line":2592,"column":44}},"650":{"start":{"line":2593,"column":8},"end":{"line":2593,"column":31}},"651":{"start":{"line":2594,"column":8},"end":{"line":2601,"column":56}},"652":{"start":{"line":2595,"column":10},"end":{"line":2595,"column":30}},"653":{"start":{"line":2596,"column":10},"end":{"line":2599,"column":11}},"654":{"start":{"line":2597,"column":12},"end":{"line":2597,"column":33}},"655":{"start":{"line":2598,"column":12},"end":{"line":2598,"column":56}},"656":{"start":{"line":2601,"column":13},"end":{"line":2601,"column":56}},"657":{"start":{"line":2603,"column":11},"end":{"line":2623,"column":7}},"658":{"start":{"line":2604,"column":8},"end":{"line":2604,"column":40}},"659":{"start":{"line":2605,"column":8},"end":{"line":2618,"column":9}},"660":{"start":{"line":2608,"column":10},"end":{"line":2608,"column":29}},"661":{"start":{"line":2609,"column":10},"end":{"line":2609,"column":29}},"662":{"start":{"line":2610,"column":10},"end":{"line":2610,"column":39}},"663":{"start":{"line":2611,"column":10},"end":{"line":2611,"column":94}},"664":{"start":{"line":2612,"column":10},"end":{"line":2612,"column":85}},"665":{"start":{"line":2613,"column":10},"end":{"line":2617,"column":11}},"666":{"start":{"line":2614,"column":12},"end":{"line":2614,"column":33}},"667":{"start":{"line":2615,"column":12},"end":{"line":2615,"column":56}},"668":{"start":{"line":2616,"column":12},"end":{"line":2616,"column":18}},"669":{"start":{"line":2620,"column":8},"end":{"line":2622,"column":9}},"670":{"start":{"line":2621,"column":10},"end":{"line":2621,"column":79}},"671":{"start":{"line":2626,"column":4},"end":{"line":2626,"column":16}},"672":{"start":{"line":2646,"column":0},"end":{"line":2668,"column":3}},"673":{"start":{"line":2662,"column":4},"end":{"line":2662,"column":35}},"674":{"start":{"line":2663,"column":4},"end":{"line":2665,"column":5}},"675":{"start":{"line":2664,"column":6},"end":{"line":2664,"column":56}},"676":{"start":{"line":2725,"column":0},"end":{"line":2875,"column":3}},"677":{"start":{"line":2756,"column":4},"end":{"line":2758,"column":5}},"678":{"start":{"line":2757,"column":6},"end":{"line":2757,"column":53}},"679":{"start":{"line":2759,"column":4},"end":{"line":2759,"column":35}},"680":{"start":{"line":2761,"column":4},"end":{"line":2762,"column":78}},"681":{"start":{"line":2765,"column":4},"end":{"line":2765,"column":42}},"682":{"start":{"line":2766,"column":4},"end":{"line":2766,"column":47}},"683":{"start":{"line":2768,"column":4},"end":{"line":2768,"column":48}},"684":{"start":{"line":2769,"column":4},"end":{"line":2771,"column":5}},"685":{"start":{"line":2770,"column":6},"end":{"line":2770,"column":53}},"686":{"start":{"line":2773,"column":4},"end":{"line":2773,"column":48}},"687":{"start":{"line":2774,"column":4},"end":{"line":2776,"column":5}},"688":{"start":{"line":2775,"column":6},"end":{"line":2775,"column":53}},"689":{"start":{"line":2778,"column":4},"end":{"line":2787,"column":7}},"690":{"start":{"line":2779,"column":6},"end":{"line":2781,"column":7}},"691":{"start":{"line":2780,"column":8},"end":{"line":2780,"column":78}},"692":{"start":{"line":2782,"column":6},"end":{"line":2782,"column":72}},"693":{"start":{"line":2783,"column":6},"end":{"line":2785,"column":7}},"694":{"start":{"line":2784,"column":8},"end":{"line":2784,"column":78}},"695":{"start":{"line":2786,"column":6},"end":{"line":2786,"column":20}},"696":{"start":{"line":2794,"column":4},"end":{"line":2794,"column":52}},"697":{"start":{"line":2795,"column":4},"end":{"line":2795,"column":16}},"698":{"start":{"line":2802,"column":4},"end":{"line":2802,"column":52}},"699":{"start":{"line":2803,"column":4},"end":{"line":2803,"column":16}},"700":{"start":{"line":2814,"column":4},"end":{"line":2814,"column":52}},"701":{"start":{"line":2815,"column":4},"end":{"line":2815,"column":16}},"702":{"start":{"line":2826,"column":4},"end":{"line":2826,"column":55}},"703":{"start":{"line":2827,"column":4},"end":{"line":2827,"column":16}},"704":{"start":{"line":2834,"column":4},"end":{"line":2834,"column":47}},"705":{"start":{"line":2835,"column":4},"end":{"line":2835,"column":16}},"706":{"start":{"line":2844,"column":4},"end":{"line":2844,"column":21}},"707":{"start":{"line":2846,"column":4},"end":{"line":2848,"column":5}},"708":{"start":{"line":2847,"column":6},"end":{"line":2847,"column":48}},"709":{"start":{"line":2850,"column":4},"end":{"line":2852,"column":5}},"710":{"start":{"line":2851,"column":6},"end":{"line":2851,"column":48}},"711":{"start":{"line":2854,"column":4},"end":{"line":2854,"column":44}},"712":{"start":{"line":2856,"column":4},"end":{"line":2856,"column":26}},"713":{"start":{"line":2858,"column":4},"end":{"line":2858,"column":44}},"714":{"start":{"line":2860,"column":4},"end":{"line":2860,"column":16}},"715":{"start":{"line":2869,"column":4},"end":{"line":2869,"column":68}},"716":{"start":{"line":2870,"column":4},"end":{"line":2870,"column":49}},"717":{"start":{"line":2871,"column":4},"end":{"line":2871,"column":68}},"718":{"start":{"line":2872,"column":4},"end":{"line":2872,"column":65}},"719":{"start":{"line":2876,"column":0},"end":{"line":2876,"column":16}}},"branchMap":{"1":{"line":12,"type":"if","locations":[{"start":{"line":12,"column":2},"end":{"line":12,"column":2}},{"start":{"line":12,"column":2},"end":{"line":12,"column":2}}]},"2":{"line":36,"type":"if","locations":[{"start":{"line":36,"column":0},"end":{"line":36,"column":0}},{"start":{"line":36,"column":0},"end":{"line":36,"column":0}}]},"3":{"line":36,"type":"binary-expr","locations":[{"start":{"line":36,"column":4},"end":{"line":36,"column":26}},{"start":{"line":36,"column":30},"end":{"line":36,"column":39}}]},"4":{"line":43,"type":"if","locations":[{"start":{"line":43,"column":4},"end":{"line":43,"column":4}},{"start":{"line":43,"column":4},"end":{"line":43,"column":4}}]},"5":{"line":43,"type":"binary-expr","locations":[{"start":{"line":43,"column":8},"end":{"line":43,"column":26}},{"start":{"line":43,"column":30},"end":{"line":43,"column":43}}]},"6":{"line":54,"type":"cond-expr","locations":[{"start":{"line":54,"column":33},"end":{"line":54,"column":34}},{"start":{"line":54,"column":37},"end":{"line":54,"column":47}}]},"7":{"line":69,"type":"if","locations":[{"start":{"line":69,"column":4},"end":{"line":69,"column":4}},{"start":{"line":69,"column":4},"end":{"line":69,"column":4}}]},"8":{"line":73,"type":"binary-expr","locations":[{"start":{"line":73,"column":18},"end":{"line":73,"column":31}},{"start":{"line":73,"column":35},"end":{"line":73,"column":58}}]},"9":{"line":74,"type":"if","locations":[{"start":{"line":74,"column":6},"end":{"line":74,"column":6}},{"start":{"line":74,"column":6},"end":{"line":74,"column":6}}]},"10":{"line":85,"type":"if","locations":[{"start":{"line":85,"column":4},"end":{"line":85,"column":4}},{"start":{"line":85,"column":4},"end":{"line":85,"column":4}}]},"11":{"line":89,"type":"cond-expr","locations":[{"start":{"line":89,"column":48},"end":{"line":89,"column":52}},{"start":{"line":89,"column":55},"end":{"line":89,"column":61}}]},"12":{"line":140,"type":"binary-expr","locations":[{"start":{"line":140,"column":33},"end":{"line":140,"column":46}},{"start":{"line":140,"column":50},"end":{"line":140,"column":68}}]},"13":{"line":146,"type":"binary-expr","locations":[{"start":{"line":146,"column":34},"end":{"line":146,"column":48}},{"start":{"line":146,"column":52},"end":{"line":146,"column":70}}]},"14":{"line":165,"type":"binary-expr","locations":[{"start":{"line":165,"column":13},"end":{"line":165,"column":26}},{"start":{"line":165,"column":30},"end":{"line":165,"column":45}},{"start":{"line":165,"column":49},"end":{"line":165,"column":64}},{"start":{"line":166,"column":13},"end":{"line":166,"column":29}},{"start":{"line":166,"column":33},"end":{"line":166,"column":44}},{"start":{"line":166,"column":48},"end":{"line":166,"column":61}}]},"15":{"line":234,"type":"binary-expr","locations":[{"start":{"line":234,"column":32},"end":{"line":234,"column":39}},{"start":{"line":234,"column":43},"end":{"line":234,"column":45}}]},"16":{"line":236,"type":"if","locations":[{"start":{"line":236,"column":2},"end":{"line":236,"column":2}},{"start":{"line":236,"column":2},"end":{"line":236,"column":2}}]},"17":{"line":236,"type":"binary-expr","locations":[{"start":{"line":236,"column":6},"end":{"line":236,"column":23}},{"start":{"line":236,"column":27},"end":{"line":236,"column":45}}]},"18":{"line":275,"type":"if","locations":[{"start":{"line":275,"column":4},"end":{"line":275,"column":4}},{"start":{"line":275,"column":4},"end":{"line":275,"column":4}}]},"19":{"line":275,"type":"binary-expr","locations":[{"start":{"line":275,"column":8},"end":{"line":275,"column":24}},{"start":{"line":275,"column":28},"end":{"line":275,"column":49}}]},"20":{"line":281,"type":"cond-expr","locations":[{"start":{"line":281,"column":33},"end":{"line":281,"column":74}},{"start":{"line":281,"column":77},"end":{"line":281,"column":79}}]},"21":{"line":281,"type":"binary-expr","locations":[{"start":{"line":281,"column":34},"end":{"line":281,"column":55}},{"start":{"line":281,"column":59},"end":{"line":281,"column":62}}]},"22":{"line":299,"type":"if","locations":[{"start":{"line":299,"column":4},"end":{"line":299,"column":4}},{"start":{"line":299,"column":4},"end":{"line":299,"column":4}}]},"23":{"line":314,"type":"if","locations":[{"start":{"line":314,"column":4},"end":{"line":314,"column":4}},{"start":{"line":314,"column":4},"end":{"line":314,"column":4}}]},"24":{"line":319,"type":"if","locations":[{"start":{"line":319,"column":4},"end":{"line":319,"column":4}},{"start":{"line":319,"column":4},"end":{"line":319,"column":4}}]},"25":{"line":319,"type":"binary-expr","locations":[{"start":{"line":319,"column":8},"end":{"line":319,"column":26}},{"start":{"line":319,"column":30},"end":{"line":319,"column":46}}]},"26":{"line":369,"type":"binary-expr","locations":[{"start":{"line":369,"column":12},"end":{"line":369,"column":63}},{"start":{"line":369,"column":67},"end":{"line":369,"column":70}}]},"27":{"line":385,"type":"if","locations":[{"start":{"line":385,"column":4},"end":{"line":385,"c
[...]
e":931,"column":8},"end":{"line":931,"column":22}},{"start":{"line":931,"column":26},"end":{"line":931,"column":71}}]},"95":{"line":954,"type":"if","locations":[{"start":{"line":954,"column":4},"end":{"line":954,"column":4}},{"start":{"line":954,"column":4},"end":{"line":954,"column":4}}]},"96":{"line":1008,"type":"binary-expr","locations":[{"start":{"line":1008,"column":17},"end":{"line":1008,"column":30}},{"start":{"line":1008,"column":34},"end":{"line":1008,"column":44}}]},"97":{"line":1009,"type":"binary-expr","locations":[{"start":{"line":1009,"column":18},"end":{"line":1009,"column":32}},{"start":{"line":1009,"column":36},"end":{"line":1009,"column":47}}]},"98":{"line":1019,"type":"binary-expr","locations":[{"start":{"line":1019,"column":13},"end":{"line":1019,"column":23}},{"start":{"line":1019,"column":27},"end":{"line":1019,"column":41}}]},"99":{"line":1208,"type":"cond-expr","locations":[{"start":{"line":1208,"column":41},"end":{"line":1208,"column":53}},{"start":{"line":1208,"column":56},"end":{"line":1208,"column":58}}]},"100":{"line":1209,"type":"cond-expr","locations":[{"start":{"line":1209,"column":60},"end":{"line":1209,"column":63}},{"start":{"line":1209,"column":66},"end":{"line":1209,"column":68}}]},"101":{"line":1209,"type":"binary-expr","locations":[{"start":{"line":1209,"column":20},"end":{"line":1209,"column":36}},{"start":{"line":1209,"column":40},"end":{"line":1209,"column":56}}]},"102":{"line":1210,"type":"cond-expr","locations":[{"start":{"line":1210,"column":38},"end":{"line":1210,"column":48}},{"start":{"line":1210,"column":51},"end":{"line":1210,"column":53}}]},"103":{"line":1211,"type":"cond-expr","locations":[{"start":{"line":1211,"column":61},"end":{"line":1211,"column":67}},{"start":{"line":1211,"column":70},"end":{"line":1211,"column":72}}]},"104":{"line":1211,"type":"binary-expr","locations":[{"start":{"line":1211,"column":20},"end":{"line":1211,"column":36}},{"start":{"line":1211,"column":40},"end":{"line":1211,"column":57}}]},"105":{"line":1300,"type":"if","locations":[{"start":{"line":1300,"column":4},"end":{"line":1300,"column":4}},{"start":{"line":1300,"column":4},"end":{"line":1300,"column":4}}]},"106":{"line":1317,"type":"if","locations":[{"start":{"line":1317,"column":4},"end":{"line":1317,"column":4}},{"start":{"line":1317,"column":4},"end":{"line":1317,"column":4}}]},"107":{"line":1317,"type":"binary-expr","locations":[{"start":{"line":1317,"column":8},"end":{"line":1317,"column":26}},{"start":{"line":1317,"column":30},"end":{"line":1317,"column":48}}]},"108":{"line":1318,"type":"if","locations":[{"start":{"line":1318,"column":4},"end":{"line":1318,"column":4}},{"start":{"line":1318,"column":4},"end":{"line":1318,"column":4}}]},"109":{"line":1324,"type":"if","locations":[{"start":{"line":1324,"column":4},"end":{"line":1324,"column":4}},{"start":{"line":1324,"column":4},"end":{"line":1324,"column":4}}]},"110":{"line":1324,"type":"binary-expr","locations":[{"start":{"line":1324,"column":8},"end":{"line":1324,"column":22}},{"start":{"line":1324,"column":26},"end":{"line":1324,"column":44}},{"start":{"line":1324,"column":48},"end":{"line":1324,"column":67}},{"start":{"line":1324,"column":71},"end":{"line":1324,"column":87}},{"start":{"line":1325,"column":8},"end":{"line":1325,"column":26}}]},"111":{"line":1332,"type":"if","locations":[{"start":{"line":1332,"column":9},"end":{"line":1332,"column":9}},{"start":{"line":1332,"column":9},"end":{"line":1332,"column":9}}]},"112":{"line":1438,"type":"if","locations":[{"start":{"line":1438,"column":4},"end":{"line":1438,"column":4}},{"start":{"line":1438,"column":4},"end":{"line":1438,"column":4}}]},"113":{"line":1449,"type":"if","locations":[{"start":{"line":1449,"column":6},"end":{"line":1449,"column":6}},{"start":{"line":1449,"column":6},"end":{"line":1449,"column":6}}]},"114":{"line":1459,"type":"if","locations":[{"start":{"line":1459,"column":11},"end":{"line":1459,"column":11}},{"start":{"line":1459,"column":11},"end":{"line":1459,"column":11}}]},"115":{"line":1492,"type":"if","locations":[{"start":{"line":1492,"column":4},"end":{"line":1492,"column":4}},{"start":{"line":1492,"column":4},"end":{"line":1492,"column":4}}]},"116":{"line":1496,"type":"if","locations":[{"start":{"line":1496,"column":9},"end":{"line":1496,"column":9}},{"start":{"line":1496,"column":9},"end":{"line":1496,"column":9}}]},"117":{"line":1496,"type":"binary-expr","locations":[{"start":{"line":1496,"column":13},"end":{"line":1496,"column":27}},{"start":{"line":1496,"column":31},"end":{"line":1496,"column":49}},{"start":{"line":1496,"column":53},"end":{"line":1496,"column":72}},{"start":{"line":1497,"column":13},"end":{"line":1497,"column":29}},{"start":{"line":1497,"column":33},"end":{"line":1497,"column":51}},{"start":{"line":1497,"column":55},"end":{"line":1497,"column":71}}]},"118":{"line":1573,"type":"if","locations":[{"start":{"line":1573,"column":6},"end":{"line":1573,"column":6}},{"start":{"line":1573,"column":6},"end":{"line":1573,"column":6}}]},"119":{"line":1595,"type":"if","locations":[{"start":{"line":1595,"column":6},"end":{"line":1595,"column":6}},{"start":{"line":1595,"column":6},"end":{"line":1595,"column":6}}]},"120":{"line":1595,"type":"binary-expr","locations":[{"start":{"line":1595,"column":10},"end":{"line":1595,"column":34}},{"start":{"line":1595,"column":38},"end":{"line":1595,"column":61}}]},"121":{"line":1603,"type":"if","locations":[{"start":{"line":1603,"column":10},"end":{"line":1603,"column":10}},{"start":{"line":1603,"column":10},"end":{"line":1603,"column":10}}]},"122":{"line":1607,"type":"if","locations":[{"start":{"line":1607,"column":12},"end":{"line":1607,"column":12}},{"start":{"line":1607,"column":12},"end":{"line":1607,"column":12}}]},"123":{"line":1609,"type":"if","locations":[{"start":{"line":1609,"column":15},"end":{"line":1609,"column":15}},{"start":{"line":1609,"column":15},"end":{"line":1609,"column":15}}]},"124":{"line":1614,"type":"if","locations":[{"start":{"line":1614,"column":14},"end":{"line":1614,"column":14}},{"start":{"line":1614,"column":14},"end":{"line":1614,"column":14}}]},"125":{"line":1628,"type":"if","locations":[{"start":{"line":1628,"column":6},"end":{"line":1628,"column":6}},{"start":{"line":1628,"column":6},"end":{"line":1628,"column":6}}]},"126":{"line":1782,"type":"if","locations":[{"start":{"line":1782,"column":4},"end":{"line":1782,"column":4}},{"start":{"line":1782,"column":4},"end":{"line":1782,"column":4}}]},"127":{"line":1807,"type":"if","locations":[{"start":{"line":1807,"column":4},"end":{"line":1807,"column":4}},{"start":{"line":1807,"column":4},"end":{"line":1807,"column":4}}]},"128":{"line":1808,"type":"if","locations":[{"start":{"line":1808,"column":9},"end":{"line":1808,"column":9}},{"start":{"line":1808,"column":9},"end":{"line":1808,"column":9}}]},"129":{"line":1840,"type":"if","locations":[{"start":{"line":1840,"column":4},"end":{"line":1840,"column":4}},{"start":{"line":1840,"column":4},"end":{"line":1840,"column":4}}]},"130":{"line":1841,"type":"if","locations":[{"start":{"line":1841,"column":9},"end":{"line":1841,"column":9}},{"start":{"line":1841,"column":9},"end":{"line":1841,"column":9}}]},"131":{"line":1894,"type":"if","locations":[{"start":{"line":1894,"column":4},"end":{"line":1894,"column":4}},{"start":{"line":1894,"column":4},"end":{"line":1894,"column":4}}]},"132":{"line":1909,"type":"if","locations":[{"start":{"line":1909,"column":6},"end":{"line":1909,"column":6}},{"start":{"line":1909,"column":6},"end":{"line":1909,"column":6}}]},"133":{"line":1912,"type":"if","locations":[{"start":{"line":1912,"column":11},"end":{"line":1912,"column":11}},{"start":{"line":1912,"column":11},"end":{"line":1912,"column":11}}]},"134":{"line":2057,"type":"if","locations":[{"start":{"line":2057,"column":4},"end":{"line":2057,"column":4}},{"start":{"line":2057,"column":4},"end":{"line":2057,"column":4}}]},"135":{"line":2067,"type":"if","locations":[{"start":{"line":2067,"column":22},"end":{"line":2067,"column":22}},{"start":{"line":2067,"column":22},"end":{"line":2067,"column":22}}]},"136":{"line":2075,"type":"if","locations":[{"start":{"line":2075,"column":4},"end":{"line":2075,"column":4}},{"start":{"line":2075,"column":4},"end":{"line":2075,"column":4}}]},"137":{"line":2076,"type":"if","locations":[{"start":{"line":2076,"column":4},"end":{"line":2076,"column":4}},{"start":{"line":2076,"column":4},"end":{"line":2076,"column":4}}]},"138":{"line":2077,"type":"if","locations":[{"start":{"line":2077,"column":4},"end":{"line":2077,"column":4}},{"start":{"line":2077,"column":4},"end":{"line":2077,"column":4}}]},"139":{"line":2088,"type":"if","locations":[{"start":{"line":2088,"column":4},"end":{"line":2088,"column":4}},{"start":{"line":2088,"column":4},"end":{"line":2088,"column":4}}]},"140":{"line":2102,"type":"if","locations":[{"start":{"line":2102,"column":4},"end":{"line":2102,"column":4}},{"start":{"line":2102,"column":4},"end":{"line":2102,"column":4}}]},"141":{"line":2118,"type":"if","locations":[{"start":{"line":2118,"column":6},"end":{"line":2118,"column":6}},{"start":{"line":2118,"column":6},"end":{"line":2118,"column":6}}]},"142":{"line":2119,"type":"if","locations":[{"start":{"line":2119,"column":11},"end":{"line":2119,"column":11}},{"start":{"line":2119,"column":11},"end":{"line":2119,"column":11}}]},"143":{"line":2124,"type":"if","locations":[{"start":{"line":2124,"column":6},"end":{"line":2124,"column":6}},{"start":{"line":2124,"column":6},"end":{"line":2124,"column":6}}]},"144":{"line":2129,"type":"if","locations":[{"start":{"line":2129,"column":4},"end":{"line":2129,"column":4}},{"start":{"line":2129,"column":4},"end":{"line":2129,"column":4}}]},"145":{"line":2131,"type":"if","locations":[{"start":{"line":2131,"column":6},"end":{"line":2131,"column":6}},{"start":{"line":2131,"column":6},"end":{"line":2131,"column":6}}]},"146":{"line":2145,"type":"if","locations":[{"start":{"line":2145,"column":4},"end":{"line":2145,"column":4}},{"start":{"line":2145,"column":4},"end":{"line":2145,"column":4}}]},"147":{"line":2187,"type":"binary-expr","locations":[{"start":{"line":2187,"column":21},"end":{"line":2187,"column":45}},{"start":{"line":2187,"column":49},"end":{"line":2187,"column":67}},{"start":{"line":2187,"column":71},"end":{"line":2187,"column":81}}]},"148":{"line":2221,"type":"if","locations":[{"start":{"line":2221,"column":4},"end":{"line":2221,"column":4}},{"start":{"line":2221,"column":4},"end":{"line":2221,"column":4}}]},"149":{"line":2289,"type":"if","locations":[{"start":{"line":2289,"column":4},"end":{"line":2289,"column":4}},{"start":{"line":2289,"column":4},"end":{"line":2289,"column":4}}]},"150":{"line":2293,"type":"binary-expr","locations":[{"start":{"line":2293,"column":15},"end":{"line":2293,"column":26}},{"start":{"line":2293,"column":30},"end":{"line":2293,"column":33}}]},"151":{"line":2316,"type":"if","locations":[{"start":{"line":2316,"column":4},"end":{"line":2316,"column":4}},{"start":{"line":2316,"column":4},"end":{"line":2316,"column":4}}]},"152":{"line":2316,"type":"binary-expr","locations":[{"start":{"line":2316,"column":8},"end":{"line":2316,"column":30}},{"start":{"line":2316,"column":34},"end":{"line":2316,"column":56}}]},"153":{"line":2349,"type":"if","locations":[{"start":{"line":2349,"column":4},"end":{"line":2349,"column":4}},{"start":{"line":2349,"column":4},"end":{"line":2349,"column":4}}]},"154":{"line":2352,"type":"if","locations":[{"start":{"line":2352,"column":4},"end":{"line":2352,"column":4}},{"start":{"line":2352,"column":4},"end":{"line":2352,"column":4}}]},"155":{"line":2352,"type":"binary-expr","locations":[{"start":{"line":2352,"column":8},"end":{"line":2352,"column":52}},{"start":{"line":2352,"column":56},"end":{"line":2352,"column":64}}]},"156":{"line":2369,"type":"if","locations":[{"start":{"line":2369,"column":4},"end":{"line":2369,"column":4}},{"start":{"line":2369,"column":4},"end":{"line":2369,"column":4}}]},"157":{"line":2406,"type":"if","locations":[{"start":{"line":2406,"column":4},"end":{"line":2406,"column":4}},{"start":{"line":2406,"column":4},"end":{"line":2406,"column":4}}]},"158":{"line":2412,"type":"if","locations":[{"start":{"line":2412,"column":4},"end":{"line":2412,"column":4}},{"start":{"line":2412,"column":4},"end":{"line":2412,"column":4}}]},"159":{"line":2412,"type":"binary-expr","locations":[{"start":{"line":2412,"column":8},"end":{"line":2412,"column":37}},{"start":{"line":2412,"column":41},"end":{"line":2412,"column":55}}]},"160":{"line":2505,"type":"if","locations":[{"start":{"line":2505,"column":4},"end":{"line":2505,"column":4}},{"start":{"line":2505,"column":4},"end":{"line":2505,"column":4}}]},"161":{"line":2509,"type":"if","locations":[{"start":{"line":2509,"column":4},"end":{"line":2509,"column":4}},{"start":{"line":2509,"column":4},"end":{"line":2509,"column":4}}]},"162":{"line":2514,"type":"if","locations":[{"start":{"line":2514,"column":4},"end":{"line":2514,"column":4}},{"start":{"line":2514,"column":4},"end":{"line":2514,"column":4}}]},"163":{"line":2515,"type":"if","locations":[{"start":{"line":2515,"column":9},"end":{"line":2515,"column":9}},{"start":{"line":2515,"column":9},"end":{"line":2515,"column":9}}]},"164":{"line":2519,"type":"cond-expr","locations":[{"start":{"line":2520,"column":41},"end":{"line":2520,"column":59}},{"start":{"line":2521,"column":41},"end":{"line":2523,"column":42}}]},"165":{"line":2525,"type":"if","locations":[{"start":{"line":2525,"column":4},"end":{"line":2525,"column":4}},{"start":{"line":2525,"column":4},"end":{"line":2525,"column":4}}]},"166":{"line":2525,"type":"binary-expr","locations":[{"start":{"line":2525,"column":8},"end":{"line":2525,"column":35}},{"start":{"line":2526,"column":8},"end":{"line":2526,"column":57}}]},"167":{"line":2528,"type":"binary-expr","locations":[{"start":{"line":2528,"column":28},"end":{"line":2528,"column":33}},{"start":{"line":2528,"column":37},"end":{"line":2528,"column":55}}]},"168":{"line":2531,"type":"if","locations":[{"start":{"line":2531,"column":6},"end":{"line":2531,"column":6}},{"start":{"line":2531,"column":6},"end":{"line":2531,"column":6}}]},"169":{"line":2532,"type":"if","locations":[{"start":{"line":2532,"column":8},"end":{"line":2532,"column":8}},{"start":{"line":2532,"column":8},"end":{"line":2532,"column":8}}]},"170":{"line":2556,"type":"if","locations":[{"start":{"line":2556,"column":6},"end":{"line":2556,"column":6}},{"start":{"line":2556,"column":6},"end":{"line":2556,"column":6}}]},"171":{"line":2559,"type":"if","locations":[{"start":{"line":2559,"column":6},"end":{"line":2559,"column":6}},{"start":{"line":2559,"column":6},"end":{"line":2559,"column":6}}]},"172":{"line":2560,"type":"if","locations":[{"start":{"line":2560,"column":11},"end":{"line":2560,"column":11}},{"start":{"line":2560,"column":11},"end":{"line":2560,"column":11}}]},"173":{"line":2586,"type":"if","locations":[{"start":{"line":2586,"column":4},"end":{"line":2586,"column":4}},{"start":{"line":2586,"column":4},"end":{"line":2586,"column":4}}]},"174":{"line":2586,"type":"binary-expr","locations":[{"start":{"line":2586,"column":8},"end":{"line":2586,"column":24}},{"start":{"line":2586,"column":28},"end":{"line":2586,"column":46}},{"start":{"line":2586,"column":50},"end":{"line":2586,"column":68}},{"start":{"line":2587,"column":8},"end":{"line":2587,"column":27}},{"start":{"line":2587,"column":31},"end":{"line":2587,"column":45}}]},"175":{"line":2591,"type":"if","locations":[{"start":{"line":2591,"column":6},"end":{"line":2591,"column":6}},{"start":{"line":2591,"column":6},"end":{"line":2591,"column":6}}]},"176":{"line":2591,"type":"binary-expr","locations":[{"start":{"line":2591,"column":10},"end":{"line":2591,"column":26}},{"start":{"line":2591,"column":30},"end":{"line":2591,"column":48}}]},"177":{"line":2592,"type":"cond-expr","locations":[{"start":{"line":2592,"column":36},"end":{"line":2592,"column":38}},{"start":{"line":2592,"column":41},"end":{"line":2592,"column":42}}]},"178":{"line":2594,"type":"if","locations":[{"start":{"line":2594,"column":8},"end":{"line":2594,"column":8}},{"start":{"line":2594,"column":8},"end":{"line":2594,"column":8}}]},"179":{"line":2596,"type":"if","locations":[{"start":{"line":2596,"column":10},"end":{"line":2596,"column":10}},{"start":{"line":2596,"column":10},"end":{"line":2596,"column":10}}]},"180":{"line":2603,"type":"if","locations":[{"start":{"line":2603,"column":11},"end":{"line":2603,"column":11}},{"start":{"line":2603,"column":11},"end":{"line":2603,"column":11}}]},"181":{"line":2603,"type":"binary-expr","locations":[{"start":{"line":2603,"column":15},"end":{"line":2603,"column":33}},{"start":{"line":2603,"column":37},"end":{"line":2603,"column":56}}]},"182":{"line":2606,"type":"binary-expr","locations":[{"start":{"line":2606,"column":13},"end":{"line":2606,"column":24}},{"start":{"line":2606,"column":28},"end":{"line":2606,"column":46}}]},"183":{"line":2607,"type":"cond-expr","locations":[{"start":{"line":2607,"column":21},"end":{"line":2607,"column":29}},{"start":{"line":2607,"column":32},"end":{"line":2607,"column":40}}]},"184":{"line":2613,"type":"if","locations":[{"start":{"line":2613,"column":10},"end":{"line":2613,"column":10}},{"start":{"line":2613,"column":10},"end":{"line":2613,"column":10}}]},"185":{"line":2613,"type":"binary-expr","locations":[{"start":{"line":2613,"column":14},"end":{"line":2613,"column":24}},{"start":{"line":2613,"column":28},"end":{"line":2613,"column":36}}]},"186":{"line":2620,"type":"if","locations":[{"start":{"line":2620,"column":8},"end":{"line":2620,"column":8}},{"start":{"line":2620,"column":8},"end":{"line":2620,"column":8}}]},"187":{"line":2663,"type":"if","locations":[{"start":{"line":2663,"column":4},"end":{"line":2663,"column":4}},{"start":{"line":2663,"column":4},"end":{"line":2663,"column":4}}]},"188":{"line":2756,"type":"if","locations":[{"start":{"line":2756,"column":4},"end":{"line":2756,"column":4}},{"start":{"line":2756,"column":4},"end":{"line":2756,"column":4}}]},"189":{"line":2765,"type":"binary-expr","locations":[{"start":{"line":2765,"column":16},"end":{"line":2765,"column":28}},{"start":{"line":2765,"column":32},"end":{"line":2765,"column":41}}]},"190":{"line":2768,"type":"binary-expr","locations":[{"start":{"line":2768,"column":18},"end":{"line":2768,"column":32}},{"start":{"line":2768,"column":36},"end":{"line":2768,"column":47}}]},"191":{"line":2769,"type":"if","locations":[{"start":{"line":2769,"column":4},"end":{"line":2769,"column":4}},{"start":{"line":2769,"column":4},"end":{"line":2769,"column":4}}]},"192":{"line":2773,"type":"binary-expr","locations":[{"start":{"line":2773,"column":18},"end":{"line":2773,"column":32}},{"start":{"line":2773,"column":36},"end":{"line":2773,"column":47}}]},"193":{"line":2774,"type":"if","locations":[{"start":{"line":2774,"column":4},"end":{"line":2774,"column":4}},{"start":{"line":2774,"column":4},"end":{"line":2774,"column":4}}]},"194":{"line":2779,"type":"if","locations":[{"start":{"line":2779,"column":6},"end":{"line":2779,"column":6}},{"start":{"line":2779,"column":6},"end":{"line":2779,"column":6}}]},"195":{"line":2783,"type":"if","locations":[{"start":{"line":2783,"column":6},"end":{"line":2783,"column":6}},{"start":{"line":2783,"column":6},"end":{"line":2783,"column":6}}]},"196":{"line":2846,"type":"if","locations":[{"start":{"line":2846,"column":4},"end":{"line":2846,"column":4}},{"start":{"line":2846,"column":4},"end":{"line":2846,"column":4}}]},"197":{"line":2850,"type":"if","locations":[{"start":{"line":2850,"column":4},"end":{"line":2850,"column":4}},{"start":{"line":2850,"column":4},"end":{"line":2850,"column":4}}]},"198":{"line":2869,"type":"binary-expr","locations":[{"start":{"line":2869,"column":4},"end":{"line":2869,"column":15}},{"start":{"line":2869,"column":19},"end":{"line":2869,"column":67}}]},"199":{"line":2871,"type":"binary-expr","locations":[{"start":{"line":2871,"column":4},"end":{"line":2871,"column":15}},{"start":{"line":2871,"column":19},"end":{"line":2871,"column":67}}]}}}}